-- The CXX compiler identification is GNU 13.3.0
-- Detecting CXX compiler ABI info
-- Detecting CXX compiler ABI info - done
-- Check for working CXX compiler: /usr/bin/c++ - skipped
-- Detecting CXX compile features
-- Detecting CXX compile features - done
-- Found ros2_control_cmake: 0.1.1 (/home/ros/ros2_ws/install/ros2_control_cmake/share/ros2_control_cmake/cmake)
-- Compiler warnings enabled for GNU
-- Detected GCC Version: 13.3.0 (Major: 13, Minor: 3)
-- Found ament_cmake: 2.5.3 (/opt/ros/jazzy/share/ament_cmake/cmake)
-- Found Python3: /usr/bin/python3 (found version "3.12.3") found components: Interpreter 
-- Override CMake install command with custom implementation using symlinks instead of copying resources
-- Found control_msgs: 5.4.0 (/home/ros/ros2_ws/install/control_msgs/share/control_msgs/cmake)
-- Found rosidl_generator_c: 4.6.5 (/opt/ros/jazzy/share/rosidl_generator_c/cmake)
-- Found rosidl_generator_cpp: 4.6.5 (/opt/ros/jazzy/share/rosidl_generator_cpp/cmake)
-- Using all available rosidl_typesupport_c: rosidl_typesupport_fastrtps_c;rosidl_typesupport_introspection_c
-- Using all available rosidl_typesupport_cpp: rosidl_typesupport_fastrtps_cpp;rosidl_typesupport_introspection_cpp
-- Found lifecycle_msgs: 2.0.2 (/opt/ros/jazzy/share/lifecycle_msgs/cmake)
-- Found pluginlib: 5.4.2 (/opt/ros/jazzy/share/pluginlib/cmake)
-- Found TinyXML2 via Config file: /usr/lib/x86_64-linux-gnu/cmake/tinyxml2
-- Found rclcpp_lifecycle: 28.1.6 (/opt/ros/jazzy/share/rclcpp_lifecycle/cmake)
-- Found rmw_implementation_cmake: 7.3.1 (/opt/ros/jazzy/share/rmw_implementation_cmake/cmake)
-- Found rmw_fastrtps_cpp: 8.4.1 (/opt/ros/jazzy/share/rmw_fastrtps_cpp/cmake)
-- Found TinyXML2 via Config file: /usr/lib/x86_64-linux-gnu/cmake/tinyxml2
-- Found OpenSSL: /usr/lib/x86_64-linux-gnu/libcrypto.so (found version "3.0.13")  
-- Found TinyXML2 via Config file: /usr/lib/x86_64-linux-gnu/cmake/tinyxml2
-- Found FastRTPS: /opt/ros/jazzy/include (Required is at least version "2.13") 
-- Found TinyXML2 via Config file: /usr/lib/x86_64-linux-gnu/cmake/tinyxml2
-- Found TinyXML2 via Config file: /usr/lib/x86_64-linux-gnu/cmake/tinyxml2
-- Using RMW implementation 'rmw_fastrtps_cpp' as default
-- Found realtime_tools: 3.4.0 (/home/ros/ros2_ws/install/realtime_tools/share/realtime_tools/cmake)
-- Found TinyXML2 via Config file: /usr/lib/x86_64-linux-gnu/cmake/tinyxml2
-- Found joint_limits: 4.27.0 (/home/ros/ros2_ws/install/joint_limits/share/joint_limits/cmake)
-- Found pal_statistics: 2.6.2 (/opt/ros/jazzy/share/pal_statistics/cmake)
-- Found ament_cmake_gmock: 2.5.3 (/opt/ros/jazzy/share/ament_cmake_gmock/cmake)
-- Found ros2_control_test_assets: 4.27.0 (/home/ros/ros2_ws/install/ros2_control_test_assets/share/ros2_control_test_assets/cmake)
-- Found gmock sources under '/opt/ros/jazzy/src/gmock_vendor': C++ tests using 'Google Mock' will be built
-- The C compiler identification is GNU 13.3.0
-- Detecting C compiler ABI info
-- Detecting C compiler ABI info - done
-- Check for working C compiler: /usr/bin/cc - skipped
-- Detecting C compile features
-- Detecting C compile features - done
-- Found ament_cmake_gtest: 2.5.3 (/opt/ros/jazzy/share/ament_cmake_gtest/cmake)
-- Found gtest sources under '/opt/ros/jazzy/src/gtest_vendor': C++ tests using 'Google Test' will be built
-- Configuring done (3.8s)
-- Generating done (0.1s)
-- Build files have been written to: /home/ros/ros2_ws/build/hardware_interface
[  2%] [34m[1mGenerating hardware_interface/version.h[0m
[  2%] Built target ament_generate_version_header__hardware_interface
[  5%] [32mBuilding CXX object gmock/CMakeFiles/gmock_main.dir/src/gmock_main.cc.o[0m
[  8%] [32m[1mLinking CXX static library libgmock_main.a[0m
[  8%] Built target gmock_main
[ 11%] [32mBuilding CXX object gmock/CMakeFiles/gmock.dir/opt/ros/jazzy/src/gtest_vendor/src/gtest-all.cc.o[0m
[ 14%] [32mBuilding CXX object gmock/CMakeFiles/gmock.dir/src/gmock-all.cc.o[0m
[ 17%] [32m[1mLinking CXX static library libgmock.a[0m
[ 17%] Built target gmock
[ 20%] [32mBuilding CXX object CMakeFiles/hardware_interface.dir/src/actuator.cpp.o[0m
[ 22%] [32mBuilding CXX object CMakeFiles/hardware_interface.dir/src/component_parser.cpp.o[0m
[ 25%] [32mBuilding CXX object CMakeFiles/hardware_interface.dir/src/resource_manager.cpp.o[0m
[ 28%] [32mBuilding CXX object CMakeFiles/hardware_interface.dir/src/sensor.cpp.o[0m
[ 31%] [32mBuilding CXX object CMakeFiles/hardware_interface.dir/src/system.cpp.o[0m
[ 34%] [32mBuilding CXX object CMakeFiles/hardware_interface.dir/src/lexical_casts.cpp.o[0m
[ 37%] [32m[1mLinking CXX shared library libhardware_interface.so[0m
[ 37%] Built target hardware_interface
[ 40%] [32mBuilding CXX object CMakeFiles/test_macros.dir/test/test_macros.cpp.o[0m
[ 42%] [32m[1mLinking CXX executable test_macros[0m
[ 42%] Built target test_macros
[ 45%] [32mBuilding CXX object CMakeFiles/mock_components.dir/src/mock_components/generic_system.cpp.o[0m
[ 48%] [32m[1mLinking CXX shared library libmock_components.so[0m
[ 48%] Built target mock_components
[ 51%] [32mBuilding CXX object CMakeFiles/test_inst_hardwares.dir/test/test_inst_hardwares.cpp.o[0m
[ 54%] [32m[1mLinking CXX executable test_inst_hardwares[0m
[ 54%] Built target test_inst_hardwares
[ 57%] [32mBuilding CXX object CMakeFiles/test_joint_handle.dir/test/test_handle.cpp.o[0m
[ 60%] [32m[1mLinking CXX executable test_joint_handle[0m
[ 60%] Built target test_joint_handle
[ 62%] [32mBuilding CXX object CMakeFiles/test_component_interfaces.dir/test/test_component_interfaces.cpp.o[0m
[ 65%] [32m[1mLinking CXX executable test_component_interfaces[0m
[ 65%] Built target test_component_interfaces
[ 68%] [32mBuilding CXX object CMakeFiles/test_component_interfaces_custom_export.dir/test/test_component_interfaces_custom_export.cpp.o[0m
[ 71%] [32m[1mLinking CXX executable test_component_interfaces_custom_export[0m
[ 71%] Built target test_component_interfaces_custom_export
[ 74%] [32mBuilding CXX object CMakeFiles/test_component_parser.dir/test/test_component_parser.cpp.o[0m
[ 77%] [32m[1mLinking CXX executable test_component_parser[0m
[ 77%] Built target test_component_parser
[ 80%] [32mBuilding CXX object CMakeFiles/test_hardware_components.dir/test/test_hardware_components/test_single_joint_actuator.cpp.o[0m
[ 82%] [32mBuilding CXX object CMakeFiles/test_hardware_components.dir/test/test_hardware_components/test_force_torque_sensor.cpp.o[0m
[ 85%] [32mBuilding CXX object CMakeFiles/test_hardware_components.dir/test/test_hardware_components/test_imu_sensor.cpp.o[0m
[ 88%] [32mBuilding CXX object CMakeFiles/test_hardware_components.dir/test/test_hardware_components/test_two_joint_system.cpp.o[0m
[ 91%] [32mBuilding CXX object CMakeFiles/test_hardware_components.dir/test/test_hardware_components/test_system_with_command_modes.cpp.o[0m
[ 94%] [32m[1mLinking CXX shared library libtest_hardware_components.so[0m
[ 94%] Built target test_hardware_components
[ 97%] [32mBuilding CXX object CMakeFiles/test_generic_system.dir/test/mock_components/test_generic_system.cpp.o[0m
[100%] [32m[1mLinking CXX executable test_generic_system[0m
[100%] Built target test_generic_system
-- Install configuration: ""
-- Execute custom install script
-- Symlinking: /home/ros/ros2_ws/install/hardware_interface/share/hardware_interface//mock_components_plugin_description.xml
-- Symlinking: /home/ros/ros2_ws/install/hardware_interface/lib/libtest_hardware_components.so
-- Symlinking: /home/ros/ros2_ws/install/hardware_interface/share/hardware_interface/test/test_hardware_components/test_hardware_components.xml
-- Symlinking: /home/ros/ros2_ws/install/hardware_interface/include/hardware_interface/hardware_interface/actuator.hpp
-- Symlinking: /home/ros/ros2_ws/install/hardware_interface/include/hardware_interface/hardware_interface/actuator_interface.hpp
-- Symlinking: /home/ros/ros2_ws/install/hardware_interface/include/hardware_interface/hardware_interface/async_components.hpp
-- Symlinking: /home/ros/ros2_ws/install/hardware_interface/include/hardware_interface/hardware_interface/component_parser.hpp
-- Symlinking: /home/ros/ros2_ws/install/hardware_interface/include/hardware_interface/hardware_interface/controller_info.hpp
-- Symlinking: /home/ros/ros2_ws/install/hardware_interface/include/hardware_interface/hardware_interface/handle.hpp
-- Symlinking: /home/ros/ros2_ws/install/hardware_interface/include/hardware_interface/hardware_interface/hardware_component_info.hpp
-- Symlinking: /home/ros/ros2_ws/install/hardware_interface/include/hardware_interface/hardware_interface/hardware_info.hpp
-- Symlinking: /home/ros/ros2_ws/install/hardware_interface/include/hardware_interface/hardware_interface/introspection.hpp
-- Symlinking: /home/ros/ros2_ws/install/hardware_interface/include/hardware_interface/hardware_interface/lexical_casts.hpp
-- Symlinking: /home/ros/ros2_ws/install/hardware_interface/include/hardware_interface/hardware_interface/lifecycle_helpers.hpp
-- Symlinking: /home/ros/ros2_ws/install/hardware_interface/include/hardware_interface/hardware_interface/loaned_command_interface.hpp
-- Symlinking: /home/ros/ros2_ws/install/hardware_interface/include/hardware_interface/hardware_interface/loaned_state_interface.hpp
-- Symlinking: /home/ros/ros2_ws/install/hardware_interface/include/hardware_interface/hardware_interface/macros.hpp
-- Symlinking: /home/ros/ros2_ws/install/hardware_interface/include/hardware_interface/hardware_interface/resource_manager.hpp
-- Symlinking: /home/ros/ros2_ws/install/hardware_interface/include/hardware_interface/hardware_interface/sensor.hpp
-- Symlinking: /home/ros/ros2_ws/install/hardware_interface/include/hardware_interface/hardware_interface/sensor_interface.hpp
-- Symlinking: /home/ros/ros2_ws/install/hardware_interface/include/hardware_interface/hardware_interface/system.hpp
-- Symlinking: /home/ros/ros2_ws/install/hardware_interface/include/hardware_interface/hardware_interface/system_interface.hpp
-- Symlinking: /home/ros/ros2_ws/install/hardware_interface/include/hardware_interface/hardware_interface/types/hardware_interface_return_values.hpp
-- Symlinking: /home/ros/ros2_ws/install/hardware_interface/include/hardware_interface/hardware_interface/types/hardware_interface_type_values.hpp
-- Symlinking: /home/ros/ros2_ws/install/hardware_interface/include/hardware_interface/hardware_interface/types/lifecycle_state_names.hpp
-- Symlinking: /home/ros/ros2_ws/install/hardware_interface/include/hardware_interface/hardware_interface/types/trigger_type.hpp
-- Symlinking: /home/ros/ros2_ws/install/hardware_interface/include/hardware_interface/mock_components/generic_system.hpp
-- Symlinking: /home/ros/ros2_ws/install/hardware_interface/share/hardware_interface/environment/library_path.sh
-- Symlinking: /home/ros/ros2_ws/install/hardware_interface/share/hardware_interface/environment/library_path.dsv
-- Symlinking: /home/ros/ros2_ws/install/hardware_interface/share/ament_index/resource_index/package_run_dependencies/hardware_interface
-- Symlinking: /home/ros/ros2_ws/install/hardware_interface/share/ament_index/resource_index/parent_prefix_path/hardware_interface
-- Symlinking: /home/ros/ros2_ws/install/hardware_interface/share/hardware_interface/environment/ament_prefix_path.sh
-- Symlinking: /home/ros/ros2_ws/install/hardware_interface/share/hardware_interface/environment/ament_prefix_path.dsv
-- Symlinking: /home/ros/ros2_ws/install/hardware_interface/share/hardware_interface/environment/path.sh
-- Symlinking: /home/ros/ros2_ws/install/hardware_interface/share/hardware_interface/environment/path.dsv
-- Symlinking: /home/ros/ros2_ws/install/hardware_interface/share/hardware_interface/local_setup.bash
-- Symlinking: /home/ros/ros2_ws/install/hardware_interface/share/hardware_interface/local_setup.sh
-- Symlinking: /home/ros/ros2_ws/install/hardware_interface/share/hardware_interface/local_setup.zsh
-- Symlinking: /home/ros/ros2_ws/install/hardware_interface/share/hardware_interface/local_setup.dsv
-- Symlinking: /home/ros/ros2_ws/install/hardware_interface/share/hardware_interface/package.dsv
-- Symlinking: /home/ros/ros2_ws/install/hardware_interface/share/ament_index/resource_index/packages/hardware_interface
-- Symlinking: /home/ros/ros2_ws/install/hardware_interface/share/ament_index/resource_index/hardware_interface__pluginlib__plugin/hardware_interface
-- Symlinking: /home/ros/ros2_ws/install/hardware_interface/share/hardware_interface/cmake/ament_cmake_export_targets-extras.cmake
-- Symlinking: /home/ros/ros2_ws/install/hardware_interface/share/hardware_interface/cmake/ament_cmake_export_dependencies-extras.cmake
-- Symlinking: /home/ros/ros2_ws/install/hardware_interface/share/hardware_interface/cmake/hardware_interfaceConfig.cmake
-- Symlinking: /home/ros/ros2_ws/install/hardware_interface/share/hardware_interface/cmake/hardware_interfaceConfig-version.cmake
-- Symlinking: /home/ros/ros2_ws/install/hardware_interface/share/hardware_interface/package.xml
-- Symlinking: /home/ros/ros2_ws/install/hardware_interface/include/hardware_interface/hardware_interface/version.h
-- Installing: /home/ros/ros2_ws/install/hardware_interface/lib/libmock_components.so
-- Set non-toolchain portion of runtime path of "/home/ros/ros2_ws/install/hardware_interface/lib/libmock_components.so" to ""
-- Installing: /home/ros/ros2_ws/install/hardware_interface/lib/libhardware_interface.so
-- Set non-toolchain portion of runtime path of "/home/ros/ros2_ws/install/hardware_interface/lib/libhardware_interface.so" to ""
-- Installing: /home/ros/ros2_ws/install/hardware_interface/share/hardware_interface/cmake/export_hardware_interfaceExport.cmake
-- Installing: /home/ros/ros2_ws/install/hardware_interface/share/hardware_interface/cmake/export_hardware_interfaceExport-noconfig.cmake
