-- The C compiler identification is GNU 13.3.0
-- The CXX compiler identification is GNU 13.3.0
-- Detecting C compiler ABI info
-- Detecting C compiler ABI info - done
-- Check for working C compiler: /usr/bin/cc - skipped
-- Detecting C compile features
-- Detecting C compile features - done
-- Detecting CXX compiler ABI info
-- Detecting CXX compiler ABI info - done
-- Check for working CXX compiler: /usr/bin/c++ - skipped
-- Detecting CXX compile features
-- Detecting CXX compile features - done
-- Found ros2_control_cmake: 0.1.1 (/home/ros/ros2_ws/install/ros2_control_cmake/share/ros2_control_cmake/cmake)
-- Compiler warnings enabled for GNU
-- Detected GCC Version: 13.3.0 (Major: 13, Minor: 3)
-- Found ament_cmake: 2.5.3 (/opt/ros/jazzy/share/ament_cmake/cmake)
-- Found Python3: /usr/bin/python3 (found version "3.12.3") found components: Interpreter 
-- Override CMake install command with custom implementation using symlinks instead of copying resources
-- Found control_toolbox: 4.0.1 (/home/ros/ros2_ws/install/control_toolbox/share/control_toolbox/cmake)
-- Found rosidl_generator_c: 4.6.5 (/opt/ros/jazzy/share/rosidl_generator_c/cmake)
-- Found rosidl_generator_cpp: 4.6.5 (/opt/ros/jazzy/share/rosidl_generator_cpp/cmake)
-- Using all available rosidl_typesupport_c: rosidl_typesupport_fastrtps_c;rosidl_typesupport_introspection_c
-- Using all available rosidl_typesupport_cpp: rosidl_typesupport_fastrtps_cpp;rosidl_typesupport_introspection_cpp
-- Found rmw_implementation_cmake: 7.3.1 (/opt/ros/jazzy/share/rmw_implementation_cmake/cmake)
-- Found rmw_fastrtps_cpp: 8.4.1 (/opt/ros/jazzy/share/rmw_fastrtps_cpp/cmake)
-- Found OpenSSL: /usr/lib/x86_64-linux-gnu/libcrypto.so (found version "3.0.13")  
-- Found FastRTPS: /opt/ros/jazzy/include (Required is at least version "2.13") 
-- Using RMW implementation 'rmw_fastrtps_cpp' as default
-- Found controller_interface: 4.27.0 (/home/ros/ros2_ws/install/controller_interface/share/controller_interface/cmake)
-- Found nav_msgs: 5.3.5 (/opt/ros/jazzy/share/nav_msgs/cmake)
-- Found tf2: 0.36.8 (/opt/ros/jazzy/share/tf2/cmake)
-- Found tf2_msgs: 0.36.8 (/opt/ros/jazzy/share/tf2_msgs/cmake)
-- Found ament_cmake_gmock: 2.5.3 (/opt/ros/jazzy/share/ament_cmake_gmock/cmake)
-- Found controller_manager: 4.27.0 (/home/ros/ros2_ws/install/controller_manager/share/controller_manager/cmake)
-- Found ros2_control_test_assets: 4.27.0 (/home/ros/ros2_ws/install/ros2_control_test_assets/share/ros2_control_test_assets/cmake)
-- Found gmock sources under '/opt/ros/jazzy/src/gmock_vendor': C++ tests using 'Google Mock' will be built
-- Found ament_cmake_gtest: 2.5.3 (/opt/ros/jazzy/share/ament_cmake_gtest/cmake)
-- Found gtest sources under '/opt/ros/jazzy/src/gtest_vendor': C++ tests using 'Google Test' will be built
-- Configuring done (4.1s)
-- Generating done (0.1s)
-- Build files have been written to: /home/ros/ros2_ws/build/diff_drive_controller
[  7%] [34m[1mRunning `/opt/ros/jazzy/bin/generate_parameter_library_cpp /home/ros/ros2_ws/build/diff_drive_controller/include/diff_drive_controller/diff_drive_controller_parameters.hpp /home/ros/ros2_ws/src/ros-controls/ros2_controllers/diff_drive_controller/src/diff_drive_controller_parameter.yaml custom_validators.hpp`[0m
[ 14%] [34m[1mCreating deprecated header file /home/ros/ros2_ws/build/diff_drive_controller/include/diff_drive_controller_parameters.hpp[0m
[ 14%] Built target diff_drive_controller_parameters
[ 21%] [32mBuilding CXX object gmock/CMakeFiles/gmock_main.dir/src/gmock_main.cc.o[0m
[ 28%] [32m[1mLinking CXX static library libgmock_main.a[0m
[ 28%] Built target gmock_main
[ 35%] [32mBuilding CXX object gmock/CMakeFiles/gmock.dir/opt/ros/jazzy/src/gtest_vendor/src/gtest-all.cc.o[0m
[ 42%] [32mBuilding CXX object gmock/CMakeFiles/gmock.dir/src/gmock-all.cc.o[0m
[ 50%] [32m[1mLinking CXX static library libgmock.a[0m
[ 50%] Built target gmock
[ 57%] [32mBuilding CXX object CMakeFiles/diff_drive_controller.dir/src/diff_drive_controller.cpp.o[0m
[ 64%] [32mBuilding CXX object CMakeFiles/diff_drive_controller.dir/src/odometry.cpp.o[0m
[ 71%] [32m[1mLinking CXX shared library libdiff_drive_controller.so[0m
[ 71%] Built target diff_drive_controller
[ 78%] [32mBuilding CXX object CMakeFiles/test_load_diff_drive_controller.dir/test/test_load_diff_drive_controller.cpp.o[0m
[ 85%] [32m[1mLinking CXX executable test_load_diff_drive_controller[0m
[ 85%] Built target test_load_diff_drive_controller
[ 92%] [32mBuilding CXX object CMakeFiles/test_diff_drive_controller.dir/test/test_diff_drive_controller.cpp.o[0m
[100%] [32m[1mLinking CXX executable test_diff_drive_controller[0m
[100%] Built target test_diff_drive_controller
-- Install configuration: ""
-- Execute custom install script
-- Symlinking: /home/ros/ros2_ws/install/diff_drive_controller/include/diff_drive_controller/custom_validators.hpp
-- Symlinking: /home/ros/ros2_ws/install/diff_drive_controller/include/diff_drive_controller/diff_drive_controller_parameters.hpp
-- Symlinking: /home/ros/ros2_ws/install/diff_drive_controller/share/diff_drive_controller//diff_drive_plugin.xml
-- Symlinking: /home/ros/ros2_ws/install/diff_drive_controller/include/diff_drive_controller/diff_drive_controller/diff_drive_controller.hpp
-- Symlinking: /home/ros/ros2_ws/install/diff_drive_controller/include/diff_drive_controller/diff_drive_controller/odometry.hpp
-- Symlinking: /home/ros/ros2_ws/install/diff_drive_controller/include/diff_drive_controller/diff_drive_controller/speed_limiter.hpp
-- Symlinking: /home/ros/ros2_ws/install/diff_drive_controller/share/diff_drive_controller/environment/library_path.sh
-- Symlinking: /home/ros/ros2_ws/install/diff_drive_controller/share/diff_drive_controller/environment/library_path.dsv
-- Symlinking: /home/ros/ros2_ws/install/diff_drive_controller/share/ament_index/resource_index/package_run_dependencies/diff_drive_controller
-- Symlinking: /home/ros/ros2_ws/install/diff_drive_controller/share/ament_index/resource_index/parent_prefix_path/diff_drive_controller
-- Symlinking: /home/ros/ros2_ws/install/diff_drive_controller/share/diff_drive_controller/environment/ament_prefix_path.sh
-- Symlinking: /home/ros/ros2_ws/install/diff_drive_controller/share/diff_drive_controller/environment/ament_prefix_path.dsv
-- Symlinking: /home/ros/ros2_ws/install/diff_drive_controller/share/diff_drive_controller/environment/path.sh
-- Symlinking: /home/ros/ros2_ws/install/diff_drive_controller/share/diff_drive_controller/environment/path.dsv
-- Symlinking: /home/ros/ros2_ws/install/diff_drive_controller/share/diff_drive_controller/local_setup.bash
-- Symlinking: /home/ros/ros2_ws/install/diff_drive_controller/share/diff_drive_controller/local_setup.sh
-- Symlinking: /home/ros/ros2_ws/install/diff_drive_controller/share/diff_drive_controller/local_setup.zsh
-- Symlinking: /home/ros/ros2_ws/install/diff_drive_controller/share/diff_drive_controller/local_setup.dsv
-- Symlinking: /home/ros/ros2_ws/install/diff_drive_controller/share/diff_drive_controller/package.dsv
-- Symlinking: /home/ros/ros2_ws/install/diff_drive_controller/share/ament_index/resource_index/packages/diff_drive_controller
-- Symlinking: /home/ros/ros2_ws/install/diff_drive_controller/share/ament_index/resource_index/controller_interface__pluginlib__plugin/diff_drive_controller
-- Symlinking: /home/ros/ros2_ws/install/diff_drive_controller/share/diff_drive_controller/cmake/ament_cmake_export_dependencies-extras.cmake
-- Symlinking: /home/ros/ros2_ws/install/diff_drive_controller/share/diff_drive_controller/cmake/ament_cmake_export_targets-extras.cmake
-- Symlinking: /home/ros/ros2_ws/install/diff_drive_controller/share/diff_drive_controller/cmake/diff_drive_controllerConfig.cmake
-- Symlinking: /home/ros/ros2_ws/install/diff_drive_controller/share/diff_drive_controller/cmake/diff_drive_controllerConfig-version.cmake
-- Symlinking: /home/ros/ros2_ws/install/diff_drive_controller/share/diff_drive_controller/package.xml
-- Installing: /home/ros/ros2_ws/install/diff_drive_controller/lib/libdiff_drive_controller.so
-- Set non-toolchain portion of runtime path of "/home/ros/ros2_ws/install/diff_drive_controller/lib/libdiff_drive_controller.so" to ""
-- Installing: /home/ros/ros2_ws/install/diff_drive_controller/share/diff_drive_controller/cmake/export_diff_drive_controllerExport.cmake
-- Installing: /home/ros/ros2_ws/install/diff_drive_controller/share/diff_drive_controller/cmake/export_diff_drive_controllerExport-noconfig.cmake
