[0.080s] Invoking command in '/home/ros/ros2_ws/build/diff_drive_controller': AMENT_PREFIX_PATH=/home/ros/ros2_ws/install/controller_manager:/home/ros/ros2_ws/install/hardware_interface_testing:/home/ros/ros2_ws/install/controller_interface:/home/ros/ros2_ws/install/hardware_interface:/home/ros/ros2_ws/install/joint_limits:/home/ros/ros2_ws/install/control_toolbox:/home/ros/ros2_ws/install/realtime_tools:/home/ros/ros2_ws/install/ros2_control_test_assets:/home/ros/ros2_ws/install/ros2_control_cmake:/home/ros/ros2_ws/install/controller_manager_msgs:/home/ros/ros2_ws/install/control_msgs:${AMENT_PREFIX_PATH} CMAKE_PREFIX_PATH=/home/ros/ros2_ws/install/controller_manager:/home/ros/ros2_ws/install/hardware_interface_testing:/home/ros/ros2_ws/install/controller_interface:/home/ros/ros2_ws/install/hardware_interface:/home/ros/ros2_ws/install/joint_limits:/home/ros/ros2_ws/install/control_toolbox:/home/ros/ros2_ws/install/realtime_tools:/home/ros/ros2_ws/install/ros2_control_test_assets:/home/ros/ros2_ws/install/ros2_control_cmake:/home/ros/ros2_ws/install/controller_manager_msgs:/home/ros/ros2_ws/install/control_msgs:/home/ros/ros2_ws/install/gz_ros2_control_tests:/home/ros/ros2_ws/install/gz_ros2_control_demos:/home/ros/ros2_ws/install/gz_ros2_control:/opt/ros/jazzy/opt/gz_sim_vendor:/opt/ros/jazzy/opt/gz_sensors_vendor:/opt/ros/jazzy/opt/gz_physics_vendor:/opt/ros/jazzy/opt/sdformat_vendor:/opt/ros/jazzy/opt/gz_gui_vendor:/opt/ros/jazzy/opt/gz_transport_vendor:/opt/ros/jazzy/opt/gz_rendering_vendor:/opt/ros/jazzy/opt/gz_plugin_vendor:/opt/ros/jazzy/opt/gz_fuel_tools_vendor:/opt/ros/jazzy/opt/gz_msgs_vendor:/opt/ros/jazzy/opt/gz_common_vendor:/opt/ros/jazzy/opt/gz_math_vendor:/opt/ros/jazzy/opt/gz_utils_vendor:/opt/ros/jazzy/opt/gz_tools_vendor:/opt/ros/jazzy/opt/gz_ogre_next_vendor:/opt/ros/jazzy/opt/gz_dartsim_vendor:/opt/ros/jazzy/opt/gz_cmake_vendor:/home/ros/ros2_ws/install/warehouse_sim:/home/ros/ros2_ws/install/color_detection:/opt/ros/jazzy DEBUGINFOD_URLS=https://debuginfod.ubuntu.com LD_LIBRARY_PATH=/home/ros/ros2_ws/install/controller_manager/lib:/home/ros/ros2_ws/install/hardware_interface_testing/lib:/home/ros/ros2_ws/install/controller_interface/lib:/home/ros/ros2_ws/install/hardware_interface/lib:/home/ros/ros2_ws/install/joint_limits/lib:/home/ros/ros2_ws/install/control_toolbox/lib:/home/ros/ros2_ws/install/realtime_tools/lib:/home/ros/ros2_ws/install/ros2_control_test_assets/lib:/home/ros/ros2_ws/install/controller_manager_msgs/lib:/home/ros/ros2_ws/install/control_msgs/lib:${LD_LIBRARY_PATH} PYTHONPATH=/home/ros/ros2_ws/install/controller_manager/lib/python3.12/site-packages:/home/ros/ros2_ws/install/controller_manager_msgs/lib/python3.12/site-packages:/home/ros/ros2_ws/install/control_msgs/lib/python3.12/site-packages:${PYTHONPATH} /usr/bin/cmake /home/ros/ros2_ws/src/ros-controls/ros2_controllers/diff_drive_controller -DAMENT_CMAKE_SYMLINK_INSTALL=1 -DCMAKE_INSTALL_PREFIX=/home/ros/ros2_ws/install/diff_drive_controller
[0.994s] -- The C compiler identification is GNU 13.3.0
[1.126s] -- The CXX compiler identification is GNU 13.3.0
[1.182s] -- Detecting C compiler ABI info
[1.504s] -- Detecting C compiler ABI info - done
[1.513s] -- Check for working C compiler: /usr/bin/cc - skipped
[1.514s] -- Detecting C compile features
[1.514s] -- Detecting C compile features - done
[1.527s] -- Detecting CXX compiler ABI info
[1.685s] -- Detecting CXX compiler ABI info - done
[1.697s] -- Check for working CXX compiler: /usr/bin/c++ - skipped
[1.700s] -- Detecting CXX compile features
[1.700s] -- Detecting CXX compile features - done
[1.704s] -- Found ros2_control_cmake: 0.1.1 (/home/ros/ros2_ws/install/ros2_control_cmake/share/ros2_control_cmake/cmake)
[1.709s] -- Compiler warnings enabled for GNU
[1.709s] -- Detected GCC Version: 13.3.0 (Major: 13, Minor: 3)
[1.711s] -- Found ament_cmake: 2.5.3 (/opt/ros/jazzy/share/ament_cmake/cmake)
[2.118s] -- Found Python3: /usr/bin/python3 (found version "3.12.3") found components: Interpreter 
[2.176s] -- Override CMake install command with custom implementation using symlinks instead of copying resources
[2.243s] -- Found control_toolbox: 4.0.1 (/home/ros/ros2_ws/install/control_toolbox/share/control_toolbox/cmake)
[2.329s] -- Found rosidl_generator_c: 4.6.5 (/opt/ros/jazzy/share/rosidl_generator_c/cmake)
[2.374s] -- Found rosidl_generator_cpp: 4.6.5 (/opt/ros/jazzy/share/rosidl_generator_cpp/cmake)
[2.464s] -- Using all available rosidl_typesupport_c: rosidl_typesupport_fastrtps_c;rosidl_typesupport_introspection_c
[2.534s] -- Using all available rosidl_typesupport_cpp: rosidl_typesupport_fastrtps_cpp;rosidl_typesupport_introspection_cpp
[2.740s] -- Found rmw_implementation_cmake: 7.3.1 (/opt/ros/jazzy/share/rmw_implementation_cmake/cmake)
[2.750s] -- Found rmw_fastrtps_cpp: 8.4.1 (/opt/ros/jazzy/share/rmw_fastrtps_cpp/cmake)
[2.901s] -- Found OpenSSL: /usr/lib/x86_64-linux-gnu/libcrypto.so (found version "3.0.13")  
[2.920s] -- Found FastRTPS: /opt/ros/jazzy/include (Required is at least version "2.13") 
[3.035s] -- Using RMW implementation 'rmw_fastrtps_cpp' as default
[3.711s] -- Found controller_interface: 4.27.0 (/home/ros/ros2_ws/install/controller_interface/share/controller_interface/cmake)
[3.817s] -- Found nav_msgs: 5.3.5 (/opt/ros/jazzy/share/nav_msgs/cmake)
[3.872s] -- Found tf2: 0.36.8 (/opt/ros/jazzy/share/tf2/cmake)
[3.874s] -- Found tf2_msgs: 0.36.8 (/opt/ros/jazzy/share/tf2_msgs/cmake)
[3.927s] -- Found ament_cmake_gmock: 2.5.3 (/opt/ros/jazzy/share/ament_cmake_gmock/cmake)
[3.931s] -- Found controller_manager: 4.27.0 (/home/ros/ros2_ws/install/controller_manager/share/controller_manager/cmake)
[4.015s] -- Found ros2_control_test_assets: 4.27.0 (/home/ros/ros2_ws/install/ros2_control_test_assets/share/ros2_control_test_assets/cmake)
[4.058s] -- Found gmock sources under '/opt/ros/jazzy/src/gmock_vendor': C++ tests using 'Google Mock' will be built
[4.090s] -- Found ament_cmake_gtest: 2.5.3 (/opt/ros/jazzy/share/ament_cmake_gtest/cmake)
[4.092s] -- Found gtest sources under '/opt/ros/jazzy/src/gtest_vendor': C++ tests using 'Google Test' will be built
[4.205s] -- Configuring done (4.1s)
[4.460s] -- Generating done (0.1s)
[4.463s] -- Build files have been written to: /home/ros/ros2_ws/build/diff_drive_controller
[4.495s] Invoked command in '/home/ros/ros2_ws/build/diff_drive_controller' returned '0': AMENT_PREFIX_PATH=/home/ros/ros2_ws/install/controller_manager:/home/ros/ros2_ws/install/hardware_interface_testing:/home/ros/ros2_ws/install/controller_interface:/home/ros/ros2_ws/install/hardware_interface:/home/ros/ros2_ws/install/joint_limits:/home/ros/ros2_ws/install/control_toolbox:/home/ros/ros2_ws/install/realtime_tools:/home/ros/ros2_ws/install/ros2_control_test_assets:/home/ros/ros2_ws/install/ros2_control_cmake:/home/ros/ros2_ws/install/controller_manager_msgs:/home/ros/ros2_ws/install/control_msgs:${AMENT_PREFIX_PATH} CMAKE_PREFIX_PATH=/home/ros/ros2_ws/install/controller_manager:/home/ros/ros2_ws/install/hardware_interface_testing:/home/ros/ros2_ws/install/controller_interface:/home/ros/ros2_ws/install/hardware_interface:/home/ros/ros2_ws/install/joint_limits:/home/ros/ros2_ws/install/control_toolbox:/home/ros/ros2_ws/install/realtime_tools:/home/ros/ros2_ws/install/ros2_control_test_assets:/home/ros/ros2_ws/install/ros2_control_cmake:/home/ros/ros2_ws/install/controller_manager_msgs:/home/ros/ros2_ws/install/control_msgs:/home/ros/ros2_ws/install/gz_ros2_control_tests:/home/ros/ros2_ws/install/gz_ros2_control_demos:/home/ros/ros2_ws/install/gz_ros2_control:/opt/ros/jazzy/opt/gz_sim_vendor:/opt/ros/jazzy/opt/gz_sensors_vendor:/opt/ros/jazzy/opt/gz_physics_vendor:/opt/ros/jazzy/opt/sdformat_vendor:/opt/ros/jazzy/opt/gz_gui_vendor:/opt/ros/jazzy/opt/gz_transport_vendor:/opt/ros/jazzy/opt/gz_rendering_vendor:/opt/ros/jazzy/opt/gz_plugin_vendor:/opt/ros/jazzy/opt/gz_fuel_tools_vendor:/opt/ros/jazzy/opt/gz_msgs_vendor:/opt/ros/jazzy/opt/gz_common_vendor:/opt/ros/jazzy/opt/gz_math_vendor:/opt/ros/jazzy/opt/gz_utils_vendor:/opt/ros/jazzy/opt/gz_tools_vendor:/opt/ros/jazzy/opt/gz_ogre_next_vendor:/opt/ros/jazzy/opt/gz_dartsim_vendor:/opt/ros/jazzy/opt/gz_cmake_vendor:/home/ros/ros2_ws/install/warehouse_sim:/home/ros/ros2_ws/install/color_detection:/opt/ros/jazzy DEBUGINFOD_URLS=https://debuginfod.ubuntu.com LD_LIBRARY_PATH=/home/ros/ros2_ws/install/controller_manager/lib:/home/ros/ros2_ws/install/hardware_interface_testing/lib:/home/ros/ros2_ws/install/controller_interface/lib:/home/ros/ros2_ws/install/hardware_interface/lib:/home/ros/ros2_ws/install/joint_limits/lib:/home/ros/ros2_ws/install/control_toolbox/lib:/home/ros/ros2_ws/install/realtime_tools/lib:/home/ros/ros2_ws/install/ros2_control_test_assets/lib:/home/ros/ros2_ws/install/controller_manager_msgs/lib:/home/ros/ros2_ws/install/control_msgs/lib:${LD_LIBRARY_PATH} PYTHONPATH=/home/ros/ros2_ws/install/controller_manager/lib/python3.12/site-packages:/home/ros/ros2_ws/install/controller_manager_msgs/lib/python3.12/site-packages:/home/ros/ros2_ws/install/control_msgs/lib/python3.12/site-packages:${PYTHONPATH} /usr/bin/cmake /home/ros/ros2_ws/src/ros-controls/ros2_controllers/diff_drive_controller -DAMENT_CMAKE_SYMLINK_INSTALL=1 -DCMAKE_INSTALL_PREFIX=/home/ros/ros2_ws/install/diff_drive_controller
[4.502s] Invoking command in '/home/ros/ros2_ws/build/diff_drive_controller': AMENT_PREFIX_PATH=/home/ros/ros2_ws/install/controller_manager:/home/ros/ros2_ws/install/hardware_interface_testing:/home/ros/ros2_ws/install/controller_interface:/home/ros/ros2_ws/install/hardware_interface:/home/ros/ros2_ws/install/joint_limits:/home/ros/ros2_ws/install/control_toolbox:/home/ros/ros2_ws/install/realtime_tools:/home/ros/ros2_ws/install/ros2_control_test_assets:/home/ros/ros2_ws/install/ros2_control_cmake:/home/ros/ros2_ws/install/controller_manager_msgs:/home/ros/ros2_ws/install/control_msgs:${AMENT_PREFIX_PATH} CMAKE_PREFIX_PATH=/home/ros/ros2_ws/install/controller_manager:/home/ros/ros2_ws/install/hardware_interface_testing:/home/ros/ros2_ws/install/controller_interface:/home/ros/ros2_ws/install/hardware_interface:/home/ros/ros2_ws/install/joint_limits:/home/ros/ros2_ws/install/control_toolbox:/home/ros/ros2_ws/install/realtime_tools:/home/ros/ros2_ws/install/ros2_control_test_assets:/home/ros/ros2_ws/install/ros2_control_cmake:/home/ros/ros2_ws/install/controller_manager_msgs:/home/ros/ros2_ws/install/control_msgs:/home/ros/ros2_ws/install/gz_ros2_control_tests:/home/ros/ros2_ws/install/gz_ros2_control_demos:/home/ros/ros2_ws/install/gz_ros2_control:/opt/ros/jazzy/opt/gz_sim_vendor:/opt/ros/jazzy/opt/gz_sensors_vendor:/opt/ros/jazzy/opt/gz_physics_vendor:/opt/ros/jazzy/opt/sdformat_vendor:/opt/ros/jazzy/opt/gz_gui_vendor:/opt/ros/jazzy/opt/gz_transport_vendor:/opt/ros/jazzy/opt/gz_rendering_vendor:/opt/ros/jazzy/opt/gz_plugin_vendor:/opt/ros/jazzy/opt/gz_fuel_tools_vendor:/opt/ros/jazzy/opt/gz_msgs_vendor:/opt/ros/jazzy/opt/gz_common_vendor:/opt/ros/jazzy/opt/gz_math_vendor:/opt/ros/jazzy/opt/gz_utils_vendor:/opt/ros/jazzy/opt/gz_tools_vendor:/opt/ros/jazzy/opt/gz_ogre_next_vendor:/opt/ros/jazzy/opt/gz_dartsim_vendor:/opt/ros/jazzy/opt/gz_cmake_vendor:/home/ros/ros2_ws/install/warehouse_sim:/home/ros/ros2_ws/install/color_detection:/opt/ros/jazzy DEBUGINFOD_URLS=https://debuginfod.ubuntu.com LD_LIBRARY_PATH=/home/ros/ros2_ws/install/controller_manager/lib:/home/ros/ros2_ws/install/hardware_interface_testing/lib:/home/ros/ros2_ws/install/controller_interface/lib:/home/ros/ros2_ws/install/hardware_interface/lib:/home/ros/ros2_ws/install/joint_limits/lib:/home/ros/ros2_ws/install/control_toolbox/lib:/home/ros/ros2_ws/install/realtime_tools/lib:/home/ros/ros2_ws/install/ros2_control_test_assets/lib:/home/ros/ros2_ws/install/controller_manager_msgs/lib:/home/ros/ros2_ws/install/control_msgs/lib:${LD_LIBRARY_PATH} PYTHONPATH=/home/ros/ros2_ws/install/controller_manager/lib/python3.12/site-packages:/home/ros/ros2_ws/install/controller_manager_msgs/lib/python3.12/site-packages:/home/ros/ros2_ws/install/control_msgs/lib/python3.12/site-packages:${PYTHONPATH} /usr/bin/cmake --build /home/ros/ros2_ws/build/diff_drive_controller -- -j2 -l2
[4.687s] [  7%] [34m[1mRunning `/opt/ros/jazzy/bin/generate_parameter_library_cpp /home/ros/ros2_ws/build/diff_drive_controller/include/diff_drive_controller/diff_drive_controller_parameters.hpp /home/ros/ros2_ws/src/ros-controls/ros2_controllers/diff_drive_controller/src/diff_drive_controller_parameter.yaml custom_validators.hpp`[0m
[6.574s] [ 14%] [34m[1mCreating deprecated header file /home/ros/ros2_ws/build/diff_drive_controller/include/diff_drive_controller_parameters.hpp[0m
[6.736s] [ 14%] Built target diff_drive_controller_parameters
[6.791s] [ 21%] [32mBuilding CXX object gmock/CMakeFiles/gmock_main.dir/src/gmock_main.cc.o[0m
[7.757s] [ 28%] [32m[1mLinking CXX static library libgmock_main.a[0m
[7.834s] [ 28%] Built target gmock_main
[7.882s] [ 35%] [32mBuilding CXX object gmock/CMakeFiles/gmock.dir/opt/ros/jazzy/src/gtest_vendor/src/gtest-all.cc.o[0m
[14.489s] [ 42%] [32mBuilding CXX object gmock/CMakeFiles/gmock.dir/src/gmock-all.cc.o[0m
[18.114s] [ 50%] [32m[1mLinking CXX static library libgmock.a[0m
[18.559s] [ 50%] Built target gmock
[18.638s] [ 57%] [32mBuilding CXX object CMakeFiles/diff_drive_controller.dir/src/diff_drive_controller.cpp.o[0m
[24.714s] /home/ros/ros2_ws/src/ros-controls/ros2_controllers/diff_drive_controller/src/diff_drive_controller.cpp: In instantiation of ‘[01m[Kdiff_drive_controller::DiffDriveController::halt()::<lambda(auto:47&)> [35m[K[with auto:47 = std::vector<diff_drive_controller::DiffDriveController::WheelHandle>][m[K[m[K’:
[24.714s] [01m[K/home/ros/ros2_ws/src/ros-controls/ros2_controllers/diff_drive_controller/src/diff_drive_controller.cpp:650:14:[m[K   required from here
[24.721s] [01m[K/home/ros/ros2_ws/src/ros-controls/ros2_controllers/diff_drive_controller/src/diff_drive_controller.cpp:646:44:[m[K [01;35m[Kwarning: [m[Kignoring return value of ‘[01m[Kbool hardware_interface::LoanedCommandInterface::[01;32m[Kset_value[m[K(const T&, unsigned int) [35m[K[with T = double][m[K[m[K’, declared with attribute ‘[01m[Knodiscard[m[K’ [[01;35m[K]8;;https://gcc.gnu.org/onlinedocs/gcc/Warning-Options.html#index-Wunused-result-Wunused-result]8;;[m[K]
[24.721s]   646 |       [01;35m[Kwheel_handle.velocity.get().set_value(0.0)[m[K;
[24.721s]       |       [01;35m[K~~~~~~~~~~~~~~~~~~~~~~~~~~~~~~~~~~~~~^~~~~[m[K
[24.721s] In file included from [01m[K/home/ros/ros2_ws/install/controller_interface/include/controller_interface/controller_interface/controller_interface_base.hpp:27[m[K,
[24.721s]                  from [01m[K/home/ros/ros2_ws/install/controller_interface/include/controller_interface/controller_interface/chainable_controller_interface.hpp:23[m[K,
[24.721s]                  from [01m[K/home/ros/ros2_ws/src/ros-controls/ros2_controllers/diff_drive_controller/include/diff_drive_controller/diff_drive_controller.hpp:28[m[K,
[24.721s]                  from [01m[K/home/ros/ros2_ws/src/ros-controls/ros2_controllers/diff_drive_controller/src/diff_drive_controller.cpp:25[m[K:
[24.721s] [01m[K/home/ros/ros2_ws/install/hardware_interface/include/hardware_interface/hardware_interface/loaned_command_interface.hpp:113:22:[m[K [01;36m[Knote: [m[Kdeclared here
[24.721s]   113 |   [[nodiscard]] bool [01;36m[Kset_value[m[K(const T & value, unsigned int max_tries = 10)
[24.721s]       |                      [01;36m[K^~~~~~~~~[m[K
[37.442s] [ 64%] [32mBuilding CXX object CMakeFiles/diff_drive_controller.dir/src/odometry.cpp.o[0m
[38.235s] [ 71%] [32m[1mLinking CXX shared library libdiff_drive_controller.so[0m
[39.259s] [ 71%] Built target diff_drive_controller
[39.364s] [ 78%] [32mBuilding CXX object CMakeFiles/test_load_diff_drive_controller.dir/test/test_load_diff_drive_controller.cpp.o[0m
[46.331s] [ 85%] [32m[1mLinking CXX executable test_load_diff_drive_controller[0m
[47.381s] [ 85%] Built target test_load_diff_drive_controller
[47.429s] [ 92%] [32mBuilding CXX object CMakeFiles/test_diff_drive_controller.dir/test/test_diff_drive_controller.cpp.o[0m
[57.846s] [100%] [32m[1mLinking CXX executable test_diff_drive_controller[0m
[58.976s] [100%] Built target test_diff_drive_controller
[59.008s] Invoked command in '/home/ros/ros2_ws/build/diff_drive_controller' returned '0': AMENT_PREFIX_PATH=/home/ros/ros2_ws/install/controller_manager:/home/ros/ros2_ws/install/hardware_interface_testing:/home/ros/ros2_ws/install/controller_interface:/home/ros/ros2_ws/install/hardware_interface:/home/ros/ros2_ws/install/joint_limits:/home/ros/ros2_ws/install/control_toolbox:/home/ros/ros2_ws/install/realtime_tools:/home/ros/ros2_ws/install/ros2_control_test_assets:/home/ros/ros2_ws/install/ros2_control_cmake:/home/ros/ros2_ws/install/controller_manager_msgs:/home/ros/ros2_ws/install/control_msgs:${AMENT_PREFIX_PATH} CMAKE_PREFIX_PATH=/home/ros/ros2_ws/install/controller_manager:/home/ros/ros2_ws/install/hardware_interface_testing:/home/ros/ros2_ws/install/controller_interface:/home/ros/ros2_ws/install/hardware_interface:/home/ros/ros2_ws/install/joint_limits:/home/ros/ros2_ws/install/control_toolbox:/home/ros/ros2_ws/install/realtime_tools:/home/ros/ros2_ws/install/ros2_control_test_assets:/home/ros/ros2_ws/install/ros2_control_cmake:/home/ros/ros2_ws/install/controller_manager_msgs:/home/ros/ros2_ws/install/control_msgs:/home/ros/ros2_ws/install/gz_ros2_control_tests:/home/ros/ros2_ws/install/gz_ros2_control_demos:/home/ros/ros2_ws/install/gz_ros2_control:/opt/ros/jazzy/opt/gz_sim_vendor:/opt/ros/jazzy/opt/gz_sensors_vendor:/opt/ros/jazzy/opt/gz_physics_vendor:/opt/ros/jazzy/opt/sdformat_vendor:/opt/ros/jazzy/opt/gz_gui_vendor:/opt/ros/jazzy/opt/gz_transport_vendor:/opt/ros/jazzy/opt/gz_rendering_vendor:/opt/ros/jazzy/opt/gz_plugin_vendor:/opt/ros/jazzy/opt/gz_fuel_tools_vendor:/opt/ros/jazzy/opt/gz_msgs_vendor:/opt/ros/jazzy/opt/gz_common_vendor:/opt/ros/jazzy/opt/gz_math_vendor:/opt/ros/jazzy/opt/gz_utils_vendor:/opt/ros/jazzy/opt/gz_tools_vendor:/opt/ros/jazzy/opt/gz_ogre_next_vendor:/opt/ros/jazzy/opt/gz_dartsim_vendor:/opt/ros/jazzy/opt/gz_cmake_vendor:/home/ros/ros2_ws/install/warehouse_sim:/home/ros/ros2_ws/install/color_detection:/opt/ros/jazzy DEBUGINFOD_URLS=https://debuginfod.ubuntu.com LD_LIBRARY_PATH=/home/ros/ros2_ws/install/controller_manager/lib:/home/ros/ros2_ws/install/hardware_interface_testing/lib:/home/ros/ros2_ws/install/controller_interface/lib:/home/ros/ros2_ws/install/hardware_interface/lib:/home/ros/ros2_ws/install/joint_limits/lib:/home/ros/ros2_ws/install/control_toolbox/lib:/home/ros/ros2_ws/install/realtime_tools/lib:/home/ros/ros2_ws/install/ros2_control_test_assets/lib:/home/ros/ros2_ws/install/controller_manager_msgs/lib:/home/ros/ros2_ws/install/control_msgs/lib:${LD_LIBRARY_PATH} PYTHONPATH=/home/ros/ros2_ws/install/controller_manager/lib/python3.12/site-packages:/home/ros/ros2_ws/install/controller_manager_msgs/lib/python3.12/site-packages:/home/ros/ros2_ws/install/control_msgs/lib/python3.12/site-packages:${PYTHONPATH} /usr/bin/cmake --build /home/ros/ros2_ws/build/diff_drive_controller -- -j2 -l2
[59.010s] Invoking command in '/home/ros/ros2_ws/build/diff_drive_controller': AMENT_PREFIX_PATH=/home/ros/ros2_ws/install/controller_manager:/home/ros/ros2_ws/install/hardware_interface_testing:/home/ros/ros2_ws/install/controller_interface:/home/ros/ros2_ws/install/hardware_interface:/home/ros/ros2_ws/install/joint_limits:/home/ros/ros2_ws/install/control_toolbox:/home/ros/ros2_ws/install/realtime_tools:/home/ros/ros2_ws/install/ros2_control_test_assets:/home/ros/ros2_ws/install/ros2_control_cmake:/home/ros/ros2_ws/install/controller_manager_msgs:/home/ros/ros2_ws/install/control_msgs:${AMENT_PREFIX_PATH} CMAKE_PREFIX_PATH=/home/ros/ros2_ws/install/controller_manager:/home/ros/ros2_ws/install/hardware_interface_testing:/home/ros/ros2_ws/install/controller_interface:/home/ros/ros2_ws/install/hardware_interface:/home/ros/ros2_ws/install/joint_limits:/home/ros/ros2_ws/install/control_toolbox:/home/ros/ros2_ws/install/realtime_tools:/home/ros/ros2_ws/install/ros2_control_test_assets:/home/ros/ros2_ws/install/ros2_control_cmake:/home/ros/ros2_ws/install/controller_manager_msgs:/home/ros/ros2_ws/install/control_msgs:/home/ros/ros2_ws/install/gz_ros2_control_tests:/home/ros/ros2_ws/install/gz_ros2_control_demos:/home/ros/ros2_ws/install/gz_ros2_control:/opt/ros/jazzy/opt/gz_sim_vendor:/opt/ros/jazzy/opt/gz_sensors_vendor:/opt/ros/jazzy/opt/gz_physics_vendor:/opt/ros/jazzy/opt/sdformat_vendor:/opt/ros/jazzy/opt/gz_gui_vendor:/opt/ros/jazzy/opt/gz_transport_vendor:/opt/ros/jazzy/opt/gz_rendering_vendor:/opt/ros/jazzy/opt/gz_plugin_vendor:/opt/ros/jazzy/opt/gz_fuel_tools_vendor:/opt/ros/jazzy/opt/gz_msgs_vendor:/opt/ros/jazzy/opt/gz_common_vendor:/opt/ros/jazzy/opt/gz_math_vendor:/opt/ros/jazzy/opt/gz_utils_vendor:/opt/ros/jazzy/opt/gz_tools_vendor:/opt/ros/jazzy/opt/gz_ogre_next_vendor:/opt/ros/jazzy/opt/gz_dartsim_vendor:/opt/ros/jazzy/opt/gz_cmake_vendor:/home/ros/ros2_ws/install/warehouse_sim:/home/ros/ros2_ws/install/color_detection:/opt/ros/jazzy DEBUGINFOD_URLS=https://debuginfod.ubuntu.com LD_LIBRARY_PATH=/home/ros/ros2_ws/install/controller_manager/lib:/home/ros/ros2_ws/install/hardware_interface_testing/lib:/home/ros/ros2_ws/install/controller_interface/lib:/home/ros/ros2_ws/install/hardware_interface/lib:/home/ros/ros2_ws/install/joint_limits/lib:/home/ros/ros2_ws/install/control_toolbox/lib:/home/ros/ros2_ws/install/realtime_tools/lib:/home/ros/ros2_ws/install/ros2_control_test_assets/lib:/home/ros/ros2_ws/install/controller_manager_msgs/lib:/home/ros/ros2_ws/install/control_msgs/lib:${LD_LIBRARY_PATH} PYTHONPATH=/home/ros/ros2_ws/install/controller_manager/lib/python3.12/site-packages:/home/ros/ros2_ws/install/controller_manager_msgs/lib/python3.12/site-packages:/home/ros/ros2_ws/install/control_msgs/lib/python3.12/site-packages:${PYTHONPATH} /usr/bin/cmake --install /home/ros/ros2_ws/build/diff_drive_controller
[59.615s] -- Install configuration: ""
[59.615s] -- Execute custom install script
[59.615s] -- Symlinking: /home/ros/ros2_ws/install/diff_drive_controller/include/diff_drive_controller/custom_validators.hpp
[59.697s] -- Symlinking: /home/ros/ros2_ws/install/diff_drive_controller/include/diff_drive_controller/diff_drive_controller_parameters.hpp
[59.774s] -- Symlinking: /home/ros/ros2_ws/install/diff_drive_controller/share/diff_drive_controller//diff_drive_plugin.xml
[59.837s] -- Symlinking: /home/ros/ros2_ws/install/diff_drive_controller/include/diff_drive_controller/diff_drive_controller/diff_drive_controller.hpp
[60.614s] -- Symlinking: /home/ros/ros2_ws/install/diff_drive_controller/include/diff_drive_controller/diff_drive_controller/odometry.hpp
[60.667s] -- Symlinking: /home/ros/ros2_ws/install/diff_drive_controller/include/diff_drive_controller/diff_drive_controller/speed_limiter.hpp
[60.718s] -- Symlinking: /home/ros/ros2_ws/install/diff_drive_controller/share/diff_drive_controller/environment/library_path.sh
[61.624s] -- Symlinking: /home/ros/ros2_ws/install/diff_drive_controller/share/diff_drive_controller/environment/library_path.dsv
[61.658s] -- Symlinking: /home/ros/ros2_ws/install/diff_drive_controller/share/ament_index/resource_index/package_run_dependencies/diff_drive_controller
[61.673s] -- Symlinking: /home/ros/ros2_ws/install/diff_drive_controller/share/ament_index/resource_index/parent_prefix_path/diff_drive_controller
[61.775s] -- Symlinking: /home/ros/ros2_ws/install/diff_drive_controller/share/diff_drive_controller/environment/ament_prefix_path.sh
[61.850s] -- Symlinking: /home/ros/ros2_ws/install/diff_drive_controller/share/diff_drive_controller/environment/ament_prefix_path.dsv
[61.860s] -- Symlinking: /home/ros/ros2_ws/install/diff_drive_controller/share/diff_drive_controller/environment/path.sh
[61.869s] -- Symlinking: /home/ros/ros2_ws/install/diff_drive_controller/share/diff_drive_controller/environment/path.dsv
[61.879s] -- Symlinking: /home/ros/ros2_ws/install/diff_drive_controller/share/diff_drive_controller/local_setup.bash
[61.889s] -- Symlinking: /home/ros/ros2_ws/install/diff_drive_controller/share/diff_drive_controller/local_setup.sh
[61.899s] -- Symlinking: /home/ros/ros2_ws/install/diff_drive_controller/share/diff_drive_controller/local_setup.zsh
[61.917s] -- Symlinking: /home/ros/ros2_ws/install/diff_drive_controller/share/diff_drive_controller/local_setup.dsv
[61.918s] -- Symlinking: /home/ros/ros2_ws/install/diff_drive_controller/share/diff_drive_controller/package.dsv
[61.927s] -- Symlinking: /home/ros/ros2_ws/install/diff_drive_controller/share/ament_index/resource_index/packages/diff_drive_controller
[61.936s] -- Symlinking: /home/ros/ros2_ws/install/diff_drive_controller/share/ament_index/resource_index/controller_interface__pluginlib__plugin/diff_drive_controller
[61.946s] -- Symlinking: /home/ros/ros2_ws/install/diff_drive_controller/share/diff_drive_controller/cmake/ament_cmake_export_dependencies-extras.cmake
[61.965s] -- Symlinking: /home/ros/ros2_ws/install/diff_drive_controller/share/diff_drive_controller/cmake/ament_cmake_export_targets-extras.cmake
[61.965s] -- Symlinking: /home/ros/ros2_ws/install/diff_drive_controller/share/diff_drive_controller/cmake/diff_drive_controllerConfig.cmake
[61.975s] -- Symlinking: /home/ros/ros2_ws/install/diff_drive_controller/share/diff_drive_controller/cmake/diff_drive_controllerConfig-version.cmake
[61.984s] -- Symlinking: /home/ros/ros2_ws/install/diff_drive_controller/share/diff_drive_controller/package.xml
[61.997s] -- Installing: /home/ros/ros2_ws/install/diff_drive_controller/lib/libdiff_drive_controller.so
[61.998s] -- Set non-toolchain portion of runtime path of "/home/ros/ros2_ws/install/diff_drive_controller/lib/libdiff_drive_controller.so" to ""
[61.998s] -- Installing: /home/ros/ros2_ws/install/diff_drive_controller/share/diff_drive_controller/cmake/export_diff_drive_controllerExport.cmake
[61.998s] -- Installing: /home/ros/ros2_ws/install/diff_drive_controller/share/diff_drive_controller/cmake/export_diff_drive_controllerExport-noconfig.cmake
[62.000s] Invoked command in '/home/ros/ros2_ws/build/diff_drive_controller' returned '0': AMENT_PREFIX_PATH=/home/ros/ros2_ws/install/controller_manager:/home/ros/ros2_ws/install/hardware_interface_testing:/home/ros/ros2_ws/install/controller_interface:/home/ros/ros2_ws/install/hardware_interface:/home/ros/ros2_ws/install/joint_limits:/home/ros/ros2_ws/install/control_toolbox:/home/ros/ros2_ws/install/realtime_tools:/home/ros/ros2_ws/install/ros2_control_test_assets:/home/ros/ros2_ws/install/ros2_control_cmake:/home/ros/ros2_ws/install/controller_manager_msgs:/home/ros/ros2_ws/install/control_msgs:${AMENT_PREFIX_PATH} CMAKE_PREFIX_PATH=/home/ros/ros2_ws/install/controller_manager:/home/ros/ros2_ws/install/hardware_interface_testing:/home/ros/ros2_ws/install/controller_interface:/home/ros/ros2_ws/install/hardware_interface:/home/ros/ros2_ws/install/joint_limits:/home/ros/ros2_ws/install/control_toolbox:/home/ros/ros2_ws/install/realtime_tools:/home/ros/ros2_ws/install/ros2_control_test_assets:/home/ros/ros2_ws/install/ros2_control_cmake:/home/ros/ros2_ws/install/controller_manager_msgs:/home/ros/ros2_ws/install/control_msgs:/home/ros/ros2_ws/install/gz_ros2_control_tests:/home/ros/ros2_ws/install/gz_ros2_control_demos:/home/ros/ros2_ws/install/gz_ros2_control:/opt/ros/jazzy/opt/gz_sim_vendor:/opt/ros/jazzy/opt/gz_sensors_vendor:/opt/ros/jazzy/opt/gz_physics_vendor:/opt/ros/jazzy/opt/sdformat_vendor:/opt/ros/jazzy/opt/gz_gui_vendor:/opt/ros/jazzy/opt/gz_transport_vendor:/opt/ros/jazzy/opt/gz_rendering_vendor:/opt/ros/jazzy/opt/gz_plugin_vendor:/opt/ros/jazzy/opt/gz_fuel_tools_vendor:/opt/ros/jazzy/opt/gz_msgs_vendor:/opt/ros/jazzy/opt/gz_common_vendor:/opt/ros/jazzy/opt/gz_math_vendor:/opt/ros/jazzy/opt/gz_utils_vendor:/opt/ros/jazzy/opt/gz_tools_vendor:/opt/ros/jazzy/opt/gz_ogre_next_vendor:/opt/ros/jazzy/opt/gz_dartsim_vendor:/opt/ros/jazzy/opt/gz_cmake_vendor:/home/ros/ros2_ws/install/warehouse_sim:/home/ros/ros2_ws/install/color_detection:/opt/ros/jazzy DEBUGINFOD_URLS=https://debuginfod.ubuntu.com LD_LIBRARY_PATH=/home/ros/ros2_ws/install/controller_manager/lib:/home/ros/ros2_ws/install/hardware_interface_testing/lib:/home/ros/ros2_ws/install/controller_interface/lib:/home/ros/ros2_ws/install/hardware_interface/lib:/home/ros/ros2_ws/install/joint_limits/lib:/home/ros/ros2_ws/install/control_toolbox/lib:/home/ros/ros2_ws/install/realtime_tools/lib:/home/ros/ros2_ws/install/ros2_control_test_assets/lib:/home/ros/ros2_ws/install/controller_manager_msgs/lib:/home/ros/ros2_ws/install/control_msgs/lib:${LD_LIBRARY_PATH} PYTHONPATH=/home/ros/ros2_ws/install/controller_manager/lib/python3.12/site-packages:/home/ros/ros2_ws/install/controller_manager_msgs/lib/python3.12/site-packages:/home/ros/ros2_ws/install/control_msgs/lib/python3.12/site-packages:${PYTHONPATH} /usr/bin/cmake --install /home/ros/ros2_ws/build/diff_drive_controller
