running egg_info
creating ../../build/color_detection/color_detection.egg-info
writing ../../build/color_detection/color_detection.egg-info/PKG-INFO
writing dependency_links to ../../build/color_detection/color_detection.egg-info/dependency_links.txt
writing entry points to ../../build/color_detection/color_detection.egg-info/entry_points.txt
writing requirements to ../../build/color_detection/color_detection.egg-info/requires.txt
writing top-level names to ../../build/color_detection/color_detection.egg-info/top_level.txt
writing manifest file '../../build/color_detection/color_detection.egg-info/SOURCES.txt'
reading manifest file '../../build/color_detection/color_detection.egg-info/SOURCES.txt'
writing manifest file '../../build/color_detection/color_detection.egg-info/SOURCES.txt'
running build
running build_py
creating /home/ros/ros2_ws/build/color_detection/build
creating /home/ros/ros2_ws/build/color_detection/build/lib
creating /home/ros/ros2_ws/build/color_detection/build/lib/color_detection
copying color_detection/color_detector.py -> /home/ros/ros2_ws/build/color_detection/build/lib/color_detection
copying color_detection/__init__.py -> /home/ros/ros2_ws/build/color_detection/build/lib/color_detection
running install
running install_lib
creating /home/ros/ros2_ws/install/color_detection/lib/python3.12/site-packages/color_detection
copying /home/ros/ros2_ws/build/color_detection/build/lib/color_detection/color_detector.py -> /home/ros/ros2_ws/install/color_detection/lib/python3.12/site-packages/color_detection
copying /home/ros/ros2_ws/build/color_detection/build/lib/color_detection/__init__.py -> /home/ros/ros2_ws/install/color_detection/lib/python3.12/site-packages/color_detection
byte-compiling /home/ros/ros2_ws/install/color_detection/lib/python3.12/site-packages/color_detection/color_detector.py to color_detector.cpython-312.pyc
byte-compiling /home/ros/ros2_ws/install/color_detection/lib/python3.12/site-packages/color_detection/__init__.py to __init__.cpython-312.pyc
running install_data
creating /home/ros/ros2_ws/install/color_detection/share/ament_index
creating /home/ros/ros2_ws/install/color_detection/share/ament_index/resource_index
creating /home/ros/ros2_ws/install/color_detection/share/ament_index/resource_index/packages
copying resource/color_detection -> /home/ros/ros2_ws/install/color_detection/share/ament_index/resource_index/packages
copying package.xml -> /home/ros/ros2_ws/install/color_detection/share/color_detection
running install_egg_info
Copying ../../build/color_detection/color_detection.egg-info to /home/ros/ros2_ws/install/color_detection/lib/python3.12/site-packages/color_detection-0.0.0-py3.12.egg-info
running install_scripts
Installing color_detector script to /home/ros/ros2_ws/install/color_detection/lib/color_detection
writing list of installed files to '/home/ros/ros2_ws/build/color_detection/install.log'
