-- The CXX compiler identification is GNU 13.3.0
-- Detecting CXX compiler ABI info
-- Detecting CXX compiler ABI info - done
-- Check for working CXX compiler: /usr/bin/c++ - skipped
-- Detecting CXX compile features
-- Detecting CXX compile features - done
-- Found ros2_control_cmake: 0.1.1 (/home/ros/ros2_ws/install/ros2_control_cmake/share/ros2_control_cmake/cmake)
-- Compiler warnings enabled for GNU
-- Detected GCC Version: 13.3.0 (Major: 13, Minor: 3)
-- Found ament_cmake: 2.5.3 (/opt/ros/jazzy/share/ament_cmake/cmake)
-- Found Python3: /usr/bin/python3 (found version "3.12.3") found components: Interpreter 
-- Override CMake install command with custom implementation using symlinks instead of copying resources
-- Found control_msgs: 5.4.0 (/home/ros/ros2_ws/install/control_msgs/share/control_msgs/cmake)
-- Found rosidl_generator_c: 4.6.5 (/opt/ros/jazzy/share/rosidl_generator_c/cmake)
-- Found rosidl_generator_cpp: 4.6.5 (/opt/ros/jazzy/share/rosidl_generator_cpp/cmake)
-- Using all available rosidl_typesupport_c: rosidl_typesupport_fastrtps_c;rosidl_typesupport_introspection_c
-- Using all available rosidl_typesupport_cpp: rosidl_typesupport_fastrtps_cpp;rosidl_typesupport_introspection_cpp
-- Found rclcpp: 28.1.6 (/opt/ros/jazzy/share/rclcpp/cmake)
-- Found rmw_implementation_cmake: 7.3.1 (/opt/ros/jazzy/share/rmw_implementation_cmake/cmake)
-- Found rmw_fastrtps_cpp: 8.4.1 (/opt/ros/jazzy/share/rmw_fastrtps_cpp/cmake)
-- Found OpenSSL: /usr/lib/x86_64-linux-gnu/libcrypto.so (found version "3.0.13")  
-- Found FastRTPS: /opt/ros/jazzy/include (Required is at least version "2.13") 
-- Using RMW implementation 'rmw_fastrtps_cpp' as default
-- Found realtime_tools: 3.4.0 (/home/ros/ros2_ws/install/realtime_tools/share/realtime_tools/cmake)
-- Found filters: 2.1.2 (/opt/ros/jazzy/share/filters/cmake)
-- Found generate_parameter_library: 0.4.0 (/opt/ros/jazzy/share/generate_parameter_library/cmake)
-- Found parameter_traits: 0.4.0 (/opt/ros/jazzy/share/parameter_traits/cmake)
-- Found rclcpp_lifecycle: 28.1.6 (/opt/ros/jazzy/share/rclcpp_lifecycle/cmake)
-- Found ament_cmake_gmock: 2.5.3 (/opt/ros/jazzy/share/ament_cmake_gmock/cmake)
-- Found gmock sources under '/opt/ros/jazzy/src/gmock_vendor': C++ tests using 'Google Mock' will be built
-- The C compiler identification is GNU 13.3.0
-- Detecting C compiler ABI info
-- Detecting C compiler ABI info - done
-- Check for working C compiler: /usr/bin/cc - skipped
-- Detecting C compile features
-- Detecting C compile features - done
-- Found ament_cmake_gtest: 2.5.3 (/opt/ros/jazzy/share/ament_cmake_gtest/cmake)
-- Found gtest sources under '/opt/ros/jazzy/src/gtest_vendor': C++ tests using 'Google Test' will be built
-- Configuring done (5.0s)
-- Generating done (0.1s)
-- Build files have been written to: /home/ros/ros2_ws/build/control_toolbox
[  2%] [32mBuilding CXX object CMakeFiles/control_toolbox.dir/src/dither.cpp.o[0m
[  4%] [32mBuilding CXX object CMakeFiles/control_toolbox.dir/src/limited_proxy.cpp.o[0m
[  6%] [32mBuilding CXX object CMakeFiles/control_toolbox.dir/src/pid_ros.cpp.o[0m
[  9%] [32mBuilding CXX object CMakeFiles/control_toolbox.dir/src/pid.cpp.o[0m
[ 11%] [32mBuilding CXX object CMakeFiles/control_toolbox.dir/src/sine_sweep.cpp.o[0m
[ 13%] [32mBuilding CXX object CMakeFiles/control_toolbox.dir/src/sinusoid.cpp.o[0m
[ 15%] [32m[1mLinking CXX shared library libcontrol_toolbox.so[0m
[ 15%] Built target control_toolbox
[ 18%] [34m[1mRunning `/opt/ros/jazzy/bin/generate_parameter_library_cpp /home/ros/ros2_ws/build/control_toolbox/include/control_toolbox/low_pass_filter_parameters.hpp /home/ros/ros2_ws/src/ros-controls/control_toolbox/control_toolbox/src/control_filters/low_pass_filter_parameters.yaml `[0m
[ 20%] [34m[1mCreating deprecated header file /home/ros/ros2_ws/build/control_toolbox/include/low_pass_filter_parameters.hpp[0m
[ 20%] Built target low_pass_filter_parameters
[ 22%] [34m[1mRunning `/opt/ros/jazzy/bin/generate_parameter_library_cpp /home/ros/ros2_ws/build/control_toolbox/include/control_toolbox/rate_limiter_parameters.hpp /home/ros/ros2_ws/src/ros-controls/control_toolbox/control_toolbox/src/control_filters/rate_limiter_parameters.yaml custom_validators.hpp`[0m
[ 25%] [34m[1mCreating deprecated header file /home/ros/ros2_ws/build/control_toolbox/include/rate_limiter_parameters.hpp[0m
[ 25%] Built target rate_limiter_parameters
[ 27%] [34m[1mRunning `/opt/ros/jazzy/bin/generate_parameter_library_cpp /home/ros/ros2_ws/build/control_toolbox/include/control_toolbox/exponential_filter_parameters.hpp /home/ros/ros2_ws/src/ros-controls/control_toolbox/control_toolbox/src/control_filters/exponential_filter_parameters.yaml custom_validators.hpp`[0m
[ 29%] [34m[1mCreating deprecated header file /home/ros/ros2_ws/build/control_toolbox/include/exponential_filter_parameters.hpp[0m
[ 29%] Built target exponential_filter_parameters
[ 31%] [32mBuilding CXX object gmock/CMakeFiles/gmock_main.dir/src/gmock_main.cc.o[0m
[ 34%] [32m[1mLinking CXX static library libgmock_main.a[0m
[ 34%] Built target gmock_main
[ 36%] [32mBuilding CXX object gmock/CMakeFiles/gmock.dir/opt/ros/jazzy/src/gtest_vendor/src/gtest-all.cc.o[0m
[ 38%] [32mBuilding CXX object gmock/CMakeFiles/gmock.dir/src/gmock-all.cc.o[0m
[ 40%] [32m[1mLinking CXX static library libgmock.a[0m
[ 40%] Built target gmock
[ 43%] [32mBuilding CXX object CMakeFiles/low_pass_filter.dir/src/control_filters/low_pass_filter.cpp.o[0m
[ 45%] [32m[1mLinking CXX shared library liblow_pass_filter.so[0m
[ 45%] Built target low_pass_filter
[ 47%] [32mBuilding CXX object CMakeFiles/rate_limiter.dir/src/control_filters/rate_limiter.cpp.o[0m
[ 50%] [32m[1mLinking CXX shared library librate_limiter.so[0m
[ 50%] Built target rate_limiter
[ 52%] [32mBuilding CXX object CMakeFiles/exponential_filter.dir/src/control_filters/exponential_filter.cpp.o[0m
[ 54%] [32m[1mLinking CXX shared library libexponential_filter.so[0m
[ 54%] Built target exponential_filter
[ 56%] [32mBuilding CXX object CMakeFiles/pid_tests.dir/test/pid_tests.cpp.o[0m
[ 59%] [32m[1mLinking CXX executable pid_tests[0m
[ 59%] Built target pid_tests
[ 61%] [32mBuilding CXX object CMakeFiles/rate_limiter_tests.dir/test/rate_limiter.cpp.o[0m
[ 63%] [32m[1mLinking CXX executable rate_limiter_tests[0m
[ 63%] Built target rate_limiter_tests
[ 65%] [32mBuilding CXX object CMakeFiles/pid_ros_parameters_tests.dir/test/pid_ros_parameters_tests.cpp.o[0m
[ 68%] [32m[1mLinking CXX executable pid_ros_parameters_tests[0m
[ 68%] Built target pid_ros_parameters_tests
[ 70%] [32mBuilding CXX object CMakeFiles/pid_ros_publisher_tests.dir/test/pid_ros_publisher_tests.cpp.o[0m
[ 72%] [32m[1mLinking CXX executable pid_ros_publisher_tests[0m
[ 72%] Built target pid_ros_publisher_tests
[ 75%] [32mBuilding CXX object CMakeFiles/test_exponential_filter.dir/test/control_filters/test_exponential_filter.cpp.o[0m
[ 77%] [32m[1mLinking CXX executable test_exponential_filter[0m
[ 77%] Built target test_exponential_filter
[ 79%] [32mBuilding CXX object CMakeFiles/test_load_exponential_filter.dir/test/control_filters/test_load_exponential_filter.cpp.o[0m
[ 81%] [32m[1mLinking CXX executable test_load_exponential_filter[0m
[ 81%] Built target test_load_exponential_filter
[ 84%] [32mBuilding CXX object CMakeFiles/test_low_pass_filter.dir/test/control_filters/test_low_pass_filter.cpp.o[0m
[ 86%] [32m[1mLinking CXX executable test_low_pass_filter[0m
[ 86%] Built target test_low_pass_filter
[ 88%] [32mBuilding CXX object CMakeFiles/test_load_low_pass_filter.dir/test/control_filters/test_load_low_pass_filter.cpp.o[0m
[ 90%] [32m[1mLinking CXX executable test_load_low_pass_filter[0m
[ 90%] Built target test_load_low_pass_filter
[ 93%] [32mBuilding CXX object CMakeFiles/test_rate_limiter.dir/test/control_filters/test_rate_limiter.cpp.o[0m
[ 95%] [32m[1mLinking CXX executable test_rate_limiter[0m
[ 95%] Built target test_rate_limiter
[ 97%] [32mBuilding CXX object CMakeFiles/test_load_rate_limiter.dir/test/control_filters/test_load_rate_limiter.cpp.o[0m
[100%] [32m[1mLinking CXX executable test_load_rate_limiter[0m
[100%] Built target test_load_rate_limiter
-- Install configuration: ""
-- Execute custom install script
-- Symlinking: /home/ros/ros2_ws/install/control_toolbox/include/control_toolbox/custom_validators.hpp
-- Symlinking: /home/ros/ros2_ws/install/control_toolbox/include/control_toolbox/exponential_filter_parameters.hpp
-- Symlinking: /home/ros/ros2_ws/install/control_toolbox/include/control_toolbox/low_pass_filter_parameters.hpp
-- Symlinking: /home/ros/ros2_ws/install/control_toolbox/include/control_toolbox/rate_limiter_parameters.hpp
-- Up-to-date symlink: /home/ros/ros2_ws/install/control_toolbox/include/control_toolbox/custom_validators.hpp
-- Up-to-date symlink: /home/ros/ros2_ws/install/control_toolbox/include/control_toolbox/exponential_filter_parameters.hpp
-- Up-to-date symlink: /home/ros/ros2_ws/install/control_toolbox/include/control_toolbox/low_pass_filter_parameters.hpp
-- Up-to-date symlink: /home/ros/ros2_ws/install/control_toolbox/include/control_toolbox/rate_limiter_parameters.hpp
-- Up-to-date symlink: /home/ros/ros2_ws/install/control_toolbox/include/control_toolbox/custom_validators.hpp
-- Up-to-date symlink: /home/ros/ros2_ws/install/control_toolbox/include/control_toolbox/exponential_filter_parameters.hpp
-- Up-to-date symlink: /home/ros/ros2_ws/install/control_toolbox/include/control_toolbox/low_pass_filter_parameters.hpp
-- Up-to-date symlink: /home/ros/ros2_ws/install/control_toolbox/include/control_toolbox/rate_limiter_parameters.hpp
-- Symlinking: /home/ros/ros2_ws/install/control_toolbox/share/control_toolbox//control_filters.xml
-- Symlinking: /home/ros/ros2_ws/install/control_toolbox/include/control_toolbox/control_filters/custom_validators.hpp
-- Symlinking: /home/ros/ros2_ws/install/control_toolbox/include/control_toolbox/control_filters/exponential_filter.hpp
-- Symlinking: /home/ros/ros2_ws/install/control_toolbox/include/control_toolbox/control_filters/low_pass_filter.hpp
-- Symlinking: /home/ros/ros2_ws/install/control_toolbox/include/control_toolbox/control_filters/rate_limiter.hpp
-- Symlinking: /home/ros/ros2_ws/install/control_toolbox/include/control_toolbox/control_toolbox/dither.hpp
-- Symlinking: /home/ros/ros2_ws/install/control_toolbox/include/control_toolbox/control_toolbox/filters.hpp
-- Symlinking: /home/ros/ros2_ws/install/control_toolbox/include/control_toolbox/control_toolbox/limited_proxy.hpp
-- Symlinking: /home/ros/ros2_ws/install/control_toolbox/include/control_toolbox/control_toolbox/low_pass_filter.hpp
-- Symlinking: /home/ros/ros2_ws/install/control_toolbox/include/control_toolbox/control_toolbox/pid.hpp
-- Symlinking: /home/ros/ros2_ws/install/control_toolbox/include/control_toolbox/control_toolbox/pid_ros.hpp
-- Symlinking: /home/ros/ros2_ws/install/control_toolbox/include/control_toolbox/control_toolbox/rate_limiter.hpp
-- Symlinking: /home/ros/ros2_ws/install/control_toolbox/include/control_toolbox/control_toolbox/sine_sweep.hpp
-- Symlinking: /home/ros/ros2_ws/install/control_toolbox/include/control_toolbox/control_toolbox/sinusoid.hpp
-- Symlinking: /home/ros/ros2_ws/install/control_toolbox/share/control_toolbox/environment/library_path.sh
-- Symlinking: /home/ros/ros2_ws/install/control_toolbox/share/control_toolbox/environment/library_path.dsv
-- Symlinking: /home/ros/ros2_ws/install/control_toolbox/share/ament_index/resource_index/package_run_dependencies/control_toolbox
-- Symlinking: /home/ros/ros2_ws/install/control_toolbox/share/ament_index/resource_index/parent_prefix_path/control_toolbox
-- Symlinking: /home/ros/ros2_ws/install/control_toolbox/share/control_toolbox/environment/ament_prefix_path.sh
-- Symlinking: /home/ros/ros2_ws/install/control_toolbox/share/control_toolbox/environment/ament_prefix_path.dsv
-- Symlinking: /home/ros/ros2_ws/install/control_toolbox/share/control_toolbox/environment/path.sh
-- Symlinking: /home/ros/ros2_ws/install/control_toolbox/share/control_toolbox/environment/path.dsv
-- Symlinking: /home/ros/ros2_ws/install/control_toolbox/share/control_toolbox/local_setup.bash
-- Symlinking: /home/ros/ros2_ws/install/control_toolbox/share/control_toolbox/local_setup.sh
-- Symlinking: /home/ros/ros2_ws/install/control_toolbox/share/control_toolbox/local_setup.zsh
-- Symlinking: /home/ros/ros2_ws/install/control_toolbox/share/control_toolbox/local_setup.dsv
-- Symlinking: /home/ros/ros2_ws/install/control_toolbox/share/control_toolbox/package.dsv
-- Symlinking: /home/ros/ros2_ws/install/control_toolbox/share/ament_index/resource_index/packages/control_toolbox
-- Symlinking: /home/ros/ros2_ws/install/control_toolbox/share/ament_index/resource_index/filters__pluginlib__plugin/control_toolbox
-- Symlinking: /home/ros/ros2_ws/install/control_toolbox/share/control_toolbox/cmake/ament_cmake_export_dependencies-extras.cmake
-- Symlinking: /home/ros/ros2_ws/install/control_toolbox/share/control_toolbox/cmake/ament_cmake_export_targets-extras.cmake
-- Symlinking: /home/ros/ros2_ws/install/control_toolbox/share/control_toolbox/cmake/control_toolboxConfig.cmake
-- Symlinking: /home/ros/ros2_ws/install/control_toolbox/share/control_toolbox/cmake/control_toolboxConfig-version.cmake
-- Symlinking: /home/ros/ros2_ws/install/control_toolbox/share/control_toolbox/package.xml
-- Installing: /home/ros/ros2_ws/install/control_toolbox/lib/libcontrol_toolbox.so
-- Set non-toolchain portion of runtime path of "/home/ros/ros2_ws/install/control_toolbox/lib/libcontrol_toolbox.so" to ""
-- Installing: /home/ros/ros2_ws/install/control_toolbox/lib/liblow_pass_filter.so
-- Set non-toolchain portion of runtime path of "/home/ros/ros2_ws/install/control_toolbox/lib/liblow_pass_filter.so" to ""
-- Installing: /home/ros/ros2_ws/install/control_toolbox/lib/librate_limiter.so
-- Set non-toolchain portion of runtime path of "/home/ros/ros2_ws/install/control_toolbox/lib/librate_limiter.so" to ""
-- Installing: /home/ros/ros2_ws/install/control_toolbox/lib/libexponential_filter.so
-- Set non-toolchain portion of runtime path of "/home/ros/ros2_ws/install/control_toolbox/lib/libexponential_filter.so" to ""
-- Installing: /home/ros/ros2_ws/install/control_toolbox/share/control_toolbox/cmake/export_control_toolboxExport.cmake
-- Installing: /home/ros/ros2_ws/install/control_toolbox/share/control_toolbox/cmake/export_control_toolboxExport-noconfig.cmake
