[0.097s] Invoking command in '/home/ros/ros2_ws/build/ros2_control_cmake': CMAKE_PREFIX_PATH=${CMAKE_PREFIX_PATH}:/home/ros/ros2_ws/install/warehouse_sim:/home/ros/ros2_ws/install/color_detection:/opt/ros/jazzy DEBUGINFOD_URLS=https://debuginfod.ubuntu.com /usr/bin/cmake /home/ros/ros2_ws/src/ros-controls/ros2_control_cmake/ros2_control_cmake -DAMENT_CMAKE_SYMLINK_INSTALL=1 -DCMAKE_INSTALL_PREFIX=/home/ros/ros2_ws/install/ros2_control_cmake
[0.628s] -- The C compiler identification is GNU 13.3.0
[1.112s] -- The CXX compiler identification is GNU 13.3.0
[1.208s] -- Detecting C compiler ABI info
[2.129s] -- Detecting C compiler ABI info - done
[2.199s] -- Check for working C compiler: /usr/bin/cc - skipped
[2.199s] -- Detecting C compile features
[2.204s] -- Detecting C compile features - done
[2.299s] -- Detecting CXX compiler ABI info
[2.838s] -- Detecting CXX compiler ABI info - done
[2.871s] -- Check for working CXX compiler: /usr/bin/c++ - skipped
[2.883s] -- Detecting CXX compile features
[2.885s] -- Detecting CXX compile features - done
[2.896s] -- Found ament_cmake: 2.5.3 (/opt/ros/jazzy/share/ament_cmake/cmake)
[4.536s] -- Found Python3: /usr/bin/python3 (found version "3.12.3") found components: Interpreter 
[5.234s] -- Override CMake install command with custom implementation using symlinks instead of copying resources
[5.439s] -- Found ament_lint_auto: 0.17.1 (/opt/ros/jazzy/share/ament_lint_auto/cmake)
[6.318s] -- Added test 'copyright' to check source files copyright and LICENSE
[6.390s] -- Added test 'lint_cmake' to check CMake code style
[6.391s] -- Added test 'xmllint' to check XML markup files
[6.393s] -- Configuring done (6.2s)
[6.403s] -- Generating done (0.0s)
[6.412s] -- Build files have been written to: /home/ros/ros2_ws/build/ros2_control_cmake
[6.428s] Invoked command in '/home/ros/ros2_ws/build/ros2_control_cmake' returned '0': CMAKE_PREFIX_PATH=${CMAKE_PREFIX_PATH}:/home/ros/ros2_ws/install/warehouse_sim:/home/ros/ros2_ws/install/color_detection:/opt/ros/jazzy DEBUGINFOD_URLS=https://debuginfod.ubuntu.com /usr/bin/cmake /home/ros/ros2_ws/src/ros-controls/ros2_control_cmake/ros2_control_cmake -DAMENT_CMAKE_SYMLINK_INSTALL=1 -DCMAKE_INSTALL_PREFIX=/home/ros/ros2_ws/install/ros2_control_cmake
[6.430s] Invoking command in '/home/ros/ros2_ws/build/ros2_control_cmake': CMAKE_PREFIX_PATH=${CMAKE_PREFIX_PATH}:/home/ros/ros2_ws/install/warehouse_sim:/home/ros/ros2_ws/install/color_detection:/opt/ros/jazzy DEBUGINFOD_URLS=https://debuginfod.ubuntu.com /usr/bin/cmake --build /home/ros/ros2_ws/build/ros2_control_cmake -- -j2 -l2
[6.594s] Invoked command in '/home/ros/ros2_ws/build/ros2_control_cmake' returned '0': CMAKE_PREFIX_PATH=${CMAKE_PREFIX_PATH}:/home/ros/ros2_ws/install/warehouse_sim:/home/ros/ros2_ws/install/color_detection:/opt/ros/jazzy DEBUGINFOD_URLS=https://debuginfod.ubuntu.com /usr/bin/cmake --build /home/ros/ros2_ws/build/ros2_control_cmake -- -j2 -l2
[6.705s] Invoking command in '/home/ros/ros2_ws/build/ros2_control_cmake': CMAKE_PREFIX_PATH=${CMAKE_PREFIX_PATH}:/home/ros/ros2_ws/install/warehouse_sim:/home/ros/ros2_ws/install/color_detection:/opt/ros/jazzy DEBUGINFOD_URLS=https://debuginfod.ubuntu.com /usr/bin/cmake --install /home/ros/ros2_ws/build/ros2_control_cmake
[6.783s] -- Install configuration: ""
[6.786s] -- Execute custom install script
[6.789s] -- Symlinking: /home/ros/ros2_ws/install/ros2_control_cmake/share/ros2_control_cmake/cmake/ros2_control.cmake
[6.836s] -- Symlinking: /home/ros/ros2_ws/install/ros2_control_cmake/share/ament_index/resource_index/package_run_dependencies/ros2_control_cmake
[6.931s] -- Symlinking: /home/ros/ros2_ws/install/ros2_control_cmake/share/ament_index/resource_index/parent_prefix_path/ros2_control_cmake
[6.965s] -- Symlinking: /home/ros/ros2_ws/install/ros2_control_cmake/share/ros2_control_cmake/environment/ament_prefix_path.sh
[7.090s] -- Symlinking: /home/ros/ros2_ws/install/ros2_control_cmake/share/ros2_control_cmake/environment/ament_prefix_path.dsv
[7.116s] -- Symlinking: /home/ros/ros2_ws/install/ros2_control_cmake/share/ros2_control_cmake/environment/path.sh
[7.151s] -- Symlinking: /home/ros/ros2_ws/install/ros2_control_cmake/share/ros2_control_cmake/environment/path.dsv
[7.261s] -- Symlinking: /home/ros/ros2_ws/install/ros2_control_cmake/share/ros2_control_cmake/local_setup.bash
[7.331s] -- Symlinking: /home/ros/ros2_ws/install/ros2_control_cmake/share/ros2_control_cmake/local_setup.sh
[7.409s] -- Symlinking: /home/ros/ros2_ws/install/ros2_control_cmake/share/ros2_control_cmake/local_setup.zsh
[7.448s] -- Symlinking: /home/ros/ros2_ws/install/ros2_control_cmake/share/ros2_control_cmake/local_setup.dsv
[7.522s] -- Symlinking: /home/ros/ros2_ws/install/ros2_control_cmake/share/ros2_control_cmake/package.dsv
[7.648s] -- Symlinking: /home/ros/ros2_ws/install/ros2_control_cmake/share/ament_index/resource_index/packages/ros2_control_cmake
[7.671s] -- Symlinking: /home/ros/ros2_ws/install/ros2_control_cmake/share/ros2_control_cmake/cmake/ros2_control_cmake-extras.cmake
[7.767s] -- Symlinking: /home/ros/ros2_ws/install/ros2_control_cmake/share/ros2_control_cmake/cmake/ros2_control_cmakeConfig.cmake
[7.784s] -- Symlinking: /home/ros/ros2_ws/install/ros2_control_cmake/share/ros2_control_cmake/cmake/ros2_control_cmakeConfig-version.cmake
[7.840s] -- Symlinking: /home/ros/ros2_ws/install/ros2_control_cmake/share/ros2_control_cmake/package.xml
[7.883s] Invoked command in '/home/ros/ros2_ws/build/ros2_control_cmake' returned '0': CMAKE_PREFIX_PATH=${CMAKE_PREFIX_PATH}:/home/ros/ros2_ws/install/warehouse_sim:/home/ros/ros2_ws/install/color_detection:/opt/ros/jazzy DEBUGINFOD_URLS=https://debuginfod.ubuntu.com /usr/bin/cmake --install /home/ros/ros2_ws/build/ros2_control_cmake
