[1.438s] DEBUG:colcon:Command line arguments: ['/usr/bin/colcon', 'build']
[1.438s] DEBUG:colcon:Parsed command line arguments: Namespace(log_base=None, log_level=None, verb_name='build', build_base='build', install_base='install', merge_install=False, symlink_install=False, test_result_base=None, continue_on_error=False, executor='parallel', parallel_workers=2, event_handlers=None, ignore_user_meta=False, metas=['./colcon.meta'], base_paths=['.'], packages_ignore=None, packages_ignore_regex=None, paths=None, packages_up_to=None, packages_up_to_regex=None, packages_above=None, packages_above_and_dependencies=None, packages_above_depth=None, packages_select_by_dep=None, packages_skip_by_dep=None, packages_skip_up_to=None, packages_select_build_failed=False, packages_skip_build_finished=False, packages_select_test_failures=False, packages_skip_test_passed=False, packages_select=None, packages_skip=None, packages_select_regex=None, packages_skip_regex=None, packages_start=None, packages_end=None, allow_overriding=[], cmake_args=None, cmake_target=None, cmake_target_skip_unavailable=False, cmake_clean_cache=False, cmake_clean_first=False, cmake_force_configure=False, ament_cmake_args=None, catkin_cmake_args=None, catkin_skip_building_tests=False, mixin_files=None, mixin=None, verb_parser=<colcon_mixin.mixin.mixin_argument.MixinArgumentDecorator object at 0x73bae9990e30>, verb_extension=<colcon_core.verb.build.BuildVerb object at 0x73bae9ab8da0>, main=<bound method BuildVerb.main of <colcon_core.verb.build.BuildVerb object at 0x73bae9ab8da0>>, mixin_verb=('build',))
[1.670s] Level 1:colcon.colcon_core.package_discovery:discover_packages(colcon_meta) check parameters
[1.670s] Level 1:colcon.colcon_core.package_discovery:discover_packages(recursive) check parameters
[1.670s] Level 1:colcon.colcon_core.package_discovery:discover_packages(ignore) check parameters
[1.670s] Level 1:colcon.colcon_core.package_discovery:discover_packages(path) check parameters
[1.670s] Level 1:colcon.colcon_core.package_discovery:discover_packages(colcon_meta) discover
[1.670s] Level 1:colcon.colcon_core.package_discovery:discover_packages(recursive) discover
[1.671s] INFO:colcon.colcon_core.package_discovery:Crawling recursively for packages in '/home/ros/ros2_ws'
[1.706s] Level 1:colcon.colcon_core.package_identification:_identify(.) by extensions ['ignore', 'ignore_ament_install']
[1.706s] Level 1:colcon.colcon_core.package_identification:_identify(.) by extension 'ignore'
[1.706s] Level 1:colcon.colcon_core.package_identification:_identify(.) by extension 'ignore_ament_install'
[1.706s] Level 1:colcon.colcon_core.package_identification:_identify(.) by extensions ['colcon_pkg']
[1.706s] Level 1:colcon.colcon_core.package_identification:_identify(.) by extension 'colcon_pkg'
[1.706s] Level 1:colcon.colcon_core.package_identification:_identify(.) by extensions ['colcon_meta']
[1.706s] Level 1:colcon.colcon_core.package_identification:_identify(.) by extension 'colcon_meta'
[1.706s] Level 1:colcon.colcon_core.package_identification:_identify(.) by extensions ['ros']
[1.706s] Level 1:colcon.colcon_core.package_identification:_identify(.) by extension 'ros'
[1.813s] Level 1:colcon.colcon_core.package_identification:_identify(.) by extensions ['cmake', 'python']
[1.813s] Level 1:colcon.colcon_core.package_identification:_identify(.) by extension 'cmake'
[1.814s] Level 1:colcon.colcon_core.package_identification:_identify(.) by extension 'python'
[1.814s] Level 1:colcon.colcon_core.package_identification:_identify(.) by extensions ['python_setup_py']
[1.814s] Level 1:colcon.colcon_core.package_identification:_identify(.) by extension 'python_setup_py'
[1.814s] Level 1:colcon.colcon_core.package_identification:_identify(build) by extensions ['ignore', 'ignore_ament_install']
[1.814s] Level 1:colcon.colcon_core.package_identification:_identify(build) by extension 'ignore'
[1.814s] Level 1:colcon.colcon_core.package_identification:_identify(build) ignored
[1.814s] Level 1:colcon.colcon_core.package_identification:_identify(install) by extensions ['ignore', 'ignore_ament_install']
[1.814s] Level 1:colcon.colcon_core.package_identification:_identify(install) by extension 'ignore'
[1.814s] Level 1:colcon.colcon_core.package_identification:_identify(install) ignored
[1.814s] Level 1:colcon.colcon_core.package_identification:_identify(log) by extensions ['ignore', 'ignore_ament_install']
[1.814s] Level 1:colcon.colcon_core.package_identification:_identify(log) by extension 'ignore'
[1.815s] Level 1:colcon.colcon_core.package_identification:_identify(log) ignored
[1.815s] Level 1:colcon.colcon_core.package_identification:_identify(src) by extensions ['ignore', 'ignore_ament_install']
[1.815s] Level 1:colcon.colcon_core.package_identification:_identify(src) by extension 'ignore'
[1.815s] Level 1:colcon.colcon_core.package_identification:_identify(src) by extension 'ignore_ament_install'
[1.815s] Level 1:colcon.colcon_core.package_identification:_identify(src) by extensions ['colcon_pkg']
[1.815s] Level 1:colcon.colcon_core.package_identification:_identify(src) by extension 'colcon_pkg'
[1.815s] Level 1:colcon.colcon_core.package_identification:_identify(src) by extensions ['colcon_meta']
[1.815s] Level 1:colcon.colcon_core.package_identification:_identify(src) by extension 'colcon_meta'
[1.815s] Level 1:colcon.colcon_core.package_identification:_identify(src) by extensions ['ros']
[1.815s] Level 1:colcon.colcon_core.package_identification:_identify(src) by extension 'ros'
[1.815s] Level 1:colcon.colcon_core.package_identification:_identify(src) by extensions ['cmake', 'python']
[1.815s] Level 1:colcon.colcon_core.package_identification:_identify(src) by extension 'cmake'
[1.815s] Level 1:colcon.colcon_core.package_identification:_identify(src) by extension 'python'
[1.815s] Level 1:colcon.colcon_core.package_identification:_identify(src) by extensions ['python_setup_py']
[1.815s] Level 1:colcon.colcon_core.package_identification:_identify(src) by extension 'python_setup_py'
[1.815s] Level 1:colcon.colcon_core.package_identification:_identify(src/color_detection) by extensions ['ignore', 'ignore_ament_install']
[1.815s] Level 1:colcon.colcon_core.package_identification:_identify(src/color_detection) by extension 'ignore'
[1.815s] Level 1:colcon.colcon_core.package_identification:_identify(src/color_detection) by extension 'ignore_ament_install'
[1.815s] Level 1:colcon.colcon_core.package_identification:_identify(src/color_detection) by extensions ['colcon_pkg']
[1.816s] Level 1:colcon.colcon_core.package_identification:_identify(src/color_detection) by extension 'colcon_pkg'
[1.816s] Level 1:colcon.colcon_core.package_identification:_identify(src/color_detection) by extensions ['colcon_meta']
[1.816s] Level 1:colcon.colcon_core.package_identification:_identify(src/color_detection) by extension 'colcon_meta'
[1.816s] Level 1:colcon.colcon_core.package_identification:_identify(src/color_detection) by extensions ['ros']
[1.816s] Level 1:colcon.colcon_core.package_identification:_identify(src/color_detection) by extension 'ros'
[1.819s] DEBUG:colcon.colcon_core.package_identification:Package 'src/color_detection' with type 'ros.ament_python' and name 'color_detection'
[1.819s] Level 1:colcon.colcon_core.package_identification:_identify(src/warehouse_sim) by extensions ['ignore', 'ignore_ament_install']
[1.819s] Level 1:colcon.colcon_core.package_identification:_identify(src/warehouse_sim) by extension 'ignore'
[1.819s] Level 1:colcon.colcon_core.package_identification:_identify(src/warehouse_sim) by extension 'ignore_ament_install'
[1.820s] Level 1:colcon.colcon_core.package_identification:_identify(src/warehouse_sim) by extensions ['colcon_pkg']
[1.820s] Level 1:colcon.colcon_core.package_identification:_identify(src/warehouse_sim) by extension 'colcon_pkg'
[1.820s] Level 1:colcon.colcon_core.package_identification:_identify(src/warehouse_sim) by extensions ['colcon_meta']
[1.820s] Level 1:colcon.colcon_core.package_identification:_identify(src/warehouse_sim) by extension 'colcon_meta'
[1.820s] Level 1:colcon.colcon_core.package_identification:_identify(src/warehouse_sim) by extensions ['ros']
[1.820s] Level 1:colcon.colcon_core.package_identification:_identify(src/warehouse_sim) by extension 'ros'
[1.821s] DEBUG:colcon.colcon_core.package_identification:Package 'src/warehouse_sim' with type 'ros.ament_python' and name 'warehouse_sim'
[1.821s] Level 1:colcon.colcon_core.package_discovery:discover_packages(recursive) using defaults
[1.821s] Level 1:colcon.colcon_core.package_discovery:discover_packages(ignore) discover
[1.821s] Level 1:colcon.colcon_core.package_discovery:discover_packages(ignore) using defaults
[1.821s] Level 1:colcon.colcon_core.package_discovery:discover_packages(path) discover
[1.822s] Level 1:colcon.colcon_core.package_discovery:discover_packages(path) using defaults
[2.177s] Level 1:colcon.colcon_core.package_discovery:discover_packages(prefix_path) check parameters
[2.177s] Level 1:colcon.colcon_core.package_discovery:discover_packages(prefix_path) discover
[2.195s] WARNING:colcon.colcon_ros.prefix_path.ament:The path '/home/ros/ros2_ws/install/warehouse_sim' in the environment variable AMENT_PREFIX_PATH doesn't exist
[2.198s] WARNING:colcon.colcon_ros.prefix_path.ament:The path '/home/ros/ros2_ws/install/color_detection' in the environment variable AMENT_PREFIX_PATH doesn't exist
[2.240s] DEBUG:colcon.colcon_installed_package_information.package_discovery:Found 0 installed packages in /home/ros/ros2_ws/install
[2.267s] DEBUG:colcon.colcon_installed_package_information.package_discovery:Found 394 installed packages in /opt/ros/jazzy
[2.304s] Level 1:colcon.colcon_core.package_discovery:discover_packages(prefix_path) using defaults
[2.634s] Level 5:colcon.colcon_core.verb:set package 'color_detection' build argument 'cmake_args' from command line to 'None'
[2.634s] Level 5:colcon.colcon_core.verb:set package 'color_detection' build argument 'cmake_target' from command line to 'None'
[2.635s] Level 5:colcon.colcon_core.verb:set package 'color_detection' build argument 'cmake_target_skip_unavailable' from command line to 'False'
[2.635s] Level 5:colcon.colcon_core.verb:set package 'color_detection' build argument 'cmake_clean_cache' from command line to 'False'
[2.635s] Level 5:colcon.colcon_core.verb:set package 'color_detection' build argument 'cmake_clean_first' from command line to 'False'
[2.635s] Level 5:colcon.colcon_core.verb:set package 'color_detection' build argument 'cmake_force_configure' from command line to 'False'
[2.635s] Level 5:colcon.colcon_core.verb:set package 'color_detection' build argument 'ament_cmake_args' from command line to 'None'
[2.635s] Level 5:colcon.colcon_core.verb:set package 'color_detection' build argument 'catkin_cmake_args' from command line to 'None'
[2.635s] Level 5:colcon.colcon_core.verb:set package 'color_detection' build argument 'catkin_skip_building_tests' from command line to 'False'
[2.635s] DEBUG:colcon.colcon_core.verb:Building package 'color_detection' with the following arguments: {'ament_cmake_args': None, 'build_base': '/home/ros/ros2_ws/build/color_detection', 'catkin_cmake_args': None, 'catkin_skip_building_tests': False, 'cmake_args': None, 'cmake_clean_cache': False, 'cmake_clean_first': False, 'cmake_force_configure': False, 'cmake_target': None, 'cmake_target_skip_unavailable': False, 'install_base': '/home/ros/ros2_ws/install/color_detection', 'merge_install': False, 'path': '/home/ros/ros2_ws/src/color_detection', 'symlink_install': False, 'test_result_base': None}
[2.635s] Level 5:colcon.colcon_core.verb:set package 'warehouse_sim' build argument 'cmake_args' from command line to 'None'
[2.635s] Level 5:colcon.colcon_core.verb:set package 'warehouse_sim' build argument 'cmake_target' from command line to 'None'
[2.635s] Level 5:colcon.colcon_core.verb:set package 'warehouse_sim' build argument 'cmake_target_skip_unavailable' from command line to 'False'
[2.636s] Level 5:colcon.colcon_core.verb:set package 'warehouse_sim' build argument 'cmake_clean_cache' from command line to 'False'
[2.636s] Level 5:colcon.colcon_core.verb:set package 'warehouse_sim' build argument 'cmake_clean_first' from command line to 'False'
[2.636s] Level 5:colcon.colcon_core.verb:set package 'warehouse_sim' build argument 'cmake_force_configure' from command line to 'False'
[2.636s] Level 5:colcon.colcon_core.verb:set package 'warehouse_sim' build argument 'ament_cmake_args' from command line to 'None'
[2.636s] Level 5:colcon.colcon_core.verb:set package 'warehouse_sim' build argument 'catkin_cmake_args' from command line to 'None'
[2.636s] Level 5:colcon.colcon_core.verb:set package 'warehouse_sim' build argument 'catkin_skip_building_tests' from command line to 'False'
[2.636s] DEBUG:colcon.colcon_core.verb:Building package 'warehouse_sim' with the following arguments: {'ament_cmake_args': None, 'build_base': '/home/ros/ros2_ws/build/warehouse_sim', 'catkin_cmake_args': None, 'catkin_skip_building_tests': False, 'cmake_args': None, 'cmake_clean_cache': False, 'cmake_clean_first': False, 'cmake_force_configure': False, 'cmake_target': None, 'cmake_target_skip_unavailable': False, 'install_base': '/home/ros/ros2_ws/install/warehouse_sim', 'merge_install': False, 'path': '/home/ros/ros2_ws/src/warehouse_sim', 'symlink_install': False, 'test_result_base': None}
[2.636s] INFO:colcon.colcon_core.executor:Executing jobs using 'parallel' executor
[2.644s] DEBUG:colcon.colcon_parallel_executor.executor.parallel:run_until_complete
[2.644s] INFO:colcon.colcon_ros.task.ament_python.build:Building ROS package in '/home/ros/ros2_ws/src/color_detection' with build type 'ament_python'
[2.645s] Level 1:colcon.colcon_core.shell:create_environment_hook('color_detection', 'ament_prefix_path')
[2.648s] INFO:colcon.colcon_core.plugin_system:Skipping extension 'colcon_core.shell.bat': Not used on non-Windows systems
[2.648s] INFO:colcon.colcon_core.shell:Creating environment hook '/home/ros/ros2_ws/install/color_detection/share/color_detection/hook/ament_prefix_path.ps1'
[2.678s] INFO:colcon.colcon_core.shell:Creating environment descriptor '/home/ros/ros2_ws/install/color_detection/share/color_detection/hook/ament_prefix_path.dsv'
[2.679s] INFO:colcon.colcon_core.shell:Creating environment hook '/home/ros/ros2_ws/install/color_detection/share/color_detection/hook/ament_prefix_path.sh'
[2.680s] INFO:colcon.colcon_core.shell:Skip shell extension 'powershell' for command environment: Not usable outside of PowerShell
[2.680s] DEBUG:colcon.colcon_core.shell:Skip shell extension 'dsv' for command environment
[2.747s] INFO:colcon.colcon_ros.task.ament_python.build:Building ROS package in '/home/ros/ros2_ws/src/warehouse_sim' with build type 'ament_python'
[2.751s] Level 1:colcon.colcon_core.shell:create_environment_hook('warehouse_sim', 'ament_prefix_path')
[2.783s] INFO:colcon.colcon_core.shell:Creating environment hook '/home/ros/ros2_ws/install/warehouse_sim/share/warehouse_sim/hook/ament_prefix_path.ps1'
[2.814s] INFO:colcon.colcon_core.shell:Creating environment descriptor '/home/ros/ros2_ws/install/warehouse_sim/share/warehouse_sim/hook/ament_prefix_path.dsv'
[2.815s] INFO:colcon.colcon_core.shell:Creating environment hook '/home/ros/ros2_ws/install/warehouse_sim/share/warehouse_sim/hook/ament_prefix_path.sh'
[2.823s] INFO:colcon.colcon_core.shell:Skip shell extension 'powershell' for command environment: Not usable outside of PowerShell
[2.823s] DEBUG:colcon.colcon_core.shell:Skip shell extension 'dsv' for command environment
[5.156s] INFO:colcon.colcon_core.task.python.build:Building Python package in '/home/ros/ros2_ws/src/color_detection'
[5.158s] INFO:colcon.colcon_core.shell:Skip shell extension 'powershell' for command environment: Not usable outside of PowerShell
[5.158s] DEBUG:colcon.colcon_core.shell:Skip shell extension 'dsv' for command environment
[9.002s] INFO:colcon.colcon_core.task.python.build:Building Python package in '/home/ros/ros2_ws/src/warehouse_sim'
[9.003s] INFO:colcon.colcon_core.shell:Skip shell extension 'powershell' for command environment: Not usable outside of PowerShell
[9.003s] DEBUG:colcon.colcon_core.shell:Skip shell extension 'dsv' for command environment
[15.846s] DEBUG:colcon.colcon_core.event_handler.log_command:Invoking command in '/home/ros/ros2_ws/src/warehouse_sim': DEBUGINFOD_URLS=https://debuginfod.ubuntu.com PYTHONPATH=/home/ros/ros2_ws/build/warehouse_sim/prefix_override:/usr/lib/python3/dist-packages/colcon_core/task/python/colcon_distutils_commands:/home/ros/ros2_ws/install/warehouse_sim/lib/python3.12/site-packages:${PYTHONPATH} /usr/bin/python3 -W ignore:setup.py install is deprecated -W ignore:easy_install command is deprecated setup.py egg_info --egg-base ../../build/warehouse_sim build --build-base /home/ros/ros2_ws/build/warehouse_sim/build install --record /home/ros/ros2_ws/build/warehouse_sim/install.log --single-version-externally-managed install_data
[15.998s] DEBUG:colcon.colcon_core.event_handler.log_command:Invoking command in '/home/ros/ros2_ws/src/color_detection': DEBUGINFOD_URLS=https://debuginfod.ubuntu.com PYTHONPATH=/home/ros/ros2_ws/build/color_detection/prefix_override:/usr/lib/python3/dist-packages/colcon_core/task/python/colcon_distutils_commands:/home/ros/ros2_ws/install/color_detection/lib/python3.12/site-packages:${PYTHONPATH} /usr/bin/python3 -W ignore:setup.py install is deprecated -W ignore:easy_install command is deprecated setup.py egg_info --egg-base ../../build/color_detection build --build-base /home/ros/ros2_ws/build/color_detection/build install --record /home/ros/ros2_ws/build/color_detection/install.log --single-version-externally-managed install_data
[17.819s] DEBUG:colcon.colcon_core.event_handler.log_command:Invoked command in '/home/ros/ros2_ws/src/warehouse_sim' returned '0': DEBUGINFOD_URLS=https://debuginfod.ubuntu.com PYTHONPATH=/home/ros/ros2_ws/build/warehouse_sim/prefix_override:/usr/lib/python3/dist-packages/colcon_core/task/python/colcon_distutils_commands:/home/ros/ros2_ws/install/warehouse_sim/lib/python3.12/site-packages:${PYTHONPATH} /usr/bin/python3 -W ignore:setup.py install is deprecated -W ignore:easy_install command is deprecated setup.py egg_info --egg-base ../../build/warehouse_sim build --build-base /home/ros/ros2_ws/build/warehouse_sim/build install --record /home/ros/ros2_ws/build/warehouse_sim/install.log --single-version-externally-managed install_data
[17.829s] Level 1:colcon.colcon_core.environment:checking '/home/ros/ros2_ws/install/warehouse_sim' for CMake module files
[17.829s] Level 1:colcon.colcon_core.environment:checking '/home/ros/ros2_ws/install/warehouse_sim' for CMake config files
[17.830s] Level 1:colcon.colcon_core.environment:checking '/home/ros/ros2_ws/install/warehouse_sim/lib'
[17.831s] Level 1:colcon.colcon_core.environment:checking '/home/ros/ros2_ws/install/warehouse_sim/bin'
[17.831s] Level 1:colcon.colcon_core.environment:checking '/home/ros/ros2_ws/install/warehouse_sim/lib/pkgconfig/warehouse_sim.pc'
[17.831s] Level 1:colcon.colcon_core.environment:checking '/home/ros/ros2_ws/install/warehouse_sim/lib/python3.12/site-packages'
[17.831s] Level 1:colcon.colcon_core.shell:create_environment_hook('warehouse_sim', 'pythonpath')
[17.831s] INFO:colcon.colcon_core.shell:Creating environment hook '/home/ros/ros2_ws/install/warehouse_sim/share/warehouse_sim/hook/pythonpath.ps1'
[17.832s] INFO:colcon.colcon_core.shell:Creating environment descriptor '/home/ros/ros2_ws/install/warehouse_sim/share/warehouse_sim/hook/pythonpath.dsv'
[17.832s] INFO:colcon.colcon_core.shell:Creating environment hook '/home/ros/ros2_ws/install/warehouse_sim/share/warehouse_sim/hook/pythonpath.sh'
[17.833s] Level 1:colcon.colcon_core.environment:checking '/home/ros/ros2_ws/install/warehouse_sim/bin'
[17.833s] Level 1:colcon.colcon_core.environment:create_environment_scripts_only(warehouse_sim)
[17.834s] INFO:colcon.colcon_core.shell:Creating package script '/home/ros/ros2_ws/install/warehouse_sim/share/warehouse_sim/package.ps1'
[17.835s] INFO:colcon.colcon_core.shell:Creating package descriptor '/home/ros/ros2_ws/install/warehouse_sim/share/warehouse_sim/package.dsv'
[17.835s] INFO:colcon.colcon_core.shell:Creating package script '/home/ros/ros2_ws/install/warehouse_sim/share/warehouse_sim/package.sh'
[17.836s] INFO:colcon.colcon_core.shell:Creating package script '/home/ros/ros2_ws/install/warehouse_sim/share/warehouse_sim/package.bash'
[17.836s] INFO:colcon.colcon_core.shell:Creating package script '/home/ros/ros2_ws/install/warehouse_sim/share/warehouse_sim/package.zsh'
[17.837s] Level 1:colcon.colcon_core.environment:create_file_with_runtime_dependencies(/home/ros/ros2_ws/install/warehouse_sim/share/colcon-core/packages/warehouse_sim)
[17.927s] Level 1:colcon.colcon_core.environment:checking '/home/ros/ros2_ws/install/color_detection' for CMake module files
[17.928s] DEBUG:colcon.colcon_core.event_handler.log_command:Invoked command in '/home/ros/ros2_ws/src/color_detection' returned '0': DEBUGINFOD_URLS=https://debuginfod.ubuntu.com PYTHONPATH=/home/ros/ros2_ws/build/color_detection/prefix_override:/usr/lib/python3/dist-packages/colcon_core/task/python/colcon_distutils_commands:/home/ros/ros2_ws/install/color_detection/lib/python3.12/site-packages:${PYTHONPATH} /usr/bin/python3 -W ignore:setup.py install is deprecated -W ignore:easy_install command is deprecated setup.py egg_info --egg-base ../../build/color_detection build --build-base /home/ros/ros2_ws/build/color_detection/build install --record /home/ros/ros2_ws/build/color_detection/install.log --single-version-externally-managed install_data
[17.930s] Level 1:colcon.colcon_core.environment:checking '/home/ros/ros2_ws/install/color_detection' for CMake config files
[17.932s] Level 1:colcon.colcon_core.environment:checking '/home/ros/ros2_ws/install/color_detection/lib'
[17.939s] Level 1:colcon.colcon_core.environment:checking '/home/ros/ros2_ws/install/color_detection/bin'
[17.939s] Level 1:colcon.colcon_core.environment:checking '/home/ros/ros2_ws/install/color_detection/lib/pkgconfig/color_detection.pc'
[17.940s] Level 1:colcon.colcon_core.environment:checking '/home/ros/ros2_ws/install/color_detection/lib/python3.12/site-packages'
[17.940s] Level 1:colcon.colcon_core.shell:create_environment_hook('color_detection', 'pythonpath')
[17.940s] INFO:colcon.colcon_core.shell:Creating environment hook '/home/ros/ros2_ws/install/color_detection/share/color_detection/hook/pythonpath.ps1'
[17.974s] INFO:colcon.colcon_core.shell:Creating environment descriptor '/home/ros/ros2_ws/install/color_detection/share/color_detection/hook/pythonpath.dsv'
[18.055s] INFO:colcon.colcon_core.shell:Creating environment hook '/home/ros/ros2_ws/install/color_detection/share/color_detection/hook/pythonpath.sh'
[18.056s] Level 1:colcon.colcon_core.environment:checking '/home/ros/ros2_ws/install/color_detection/bin'
[18.056s] Level 1:colcon.colcon_core.environment:create_environment_scripts_only(color_detection)
[18.057s] INFO:colcon.colcon_core.shell:Creating package script '/home/ros/ros2_ws/install/color_detection/share/color_detection/package.ps1'
[18.057s] INFO:colcon.colcon_core.shell:Creating package descriptor '/home/ros/ros2_ws/install/color_detection/share/color_detection/package.dsv'
[18.058s] INFO:colcon.colcon_core.shell:Creating package script '/home/ros/ros2_ws/install/color_detection/share/color_detection/package.sh'
[18.058s] INFO:colcon.colcon_core.shell:Creating package script '/home/ros/ros2_ws/install/color_detection/share/color_detection/package.bash'
[18.059s] INFO:colcon.colcon_core.shell:Creating package script '/home/ros/ros2_ws/install/color_detection/share/color_detection/package.zsh'
[18.059s] Level 1:colcon.colcon_core.environment:create_file_with_runtime_dependencies(/home/ros/ros2_ws/install/color_detection/share/colcon-core/packages/color_detection)
[18.082s] DEBUG:colcon.colcon_parallel_executor.executor.parallel:closing loop
[18.084s] DEBUG:colcon.colcon_parallel_executor.executor.parallel:loop closed
[18.084s] DEBUG:colcon.colcon_parallel_executor.executor.parallel:run_until_complete finished with '0'
[18.084s] DEBUG:colcon.colcon_core.event_reactor:joining thread
[18.091s] INFO:colcon.colcon_core.plugin_system:Skipping extension 'colcon_notification.desktop_notification.terminal_notifier': Not used on non-Darwin systems
[18.091s] INFO:colcon.colcon_core.plugin_system:Skipping extension 'colcon_notification.desktop_notification.win32': Not used on non-Windows systems
[18.091s] INFO:colcon.colcon_notification.desktop_notification:Sending desktop notification using 'notify2'
[18.198s] DEBUG:colcon.colcon_core.event_reactor:joined thread
[18.199s] INFO:colcon.colcon_core.shell:Creating prefix script '/home/ros/ros2_ws/install/local_setup.ps1'
[18.214s] INFO:colcon.colcon_core.shell:Creating prefix util module '/home/ros/ros2_ws/install/_local_setup_util_ps1.py'
[18.244s] INFO:colcon.colcon_core.shell:Creating prefix chain script '/home/ros/ros2_ws/install/setup.ps1'
[18.245s] INFO:colcon.colcon_core.shell:Creating prefix script '/home/ros/ros2_ws/install/local_setup.sh'
[18.246s] INFO:colcon.colcon_core.shell:Creating prefix util module '/home/ros/ros2_ws/install/_local_setup_util_sh.py'
[18.247s] INFO:colcon.colcon_core.shell:Creating prefix chain script '/home/ros/ros2_ws/install/setup.sh'
[18.284s] INFO:colcon.colcon_core.shell:Creating prefix script '/home/ros/ros2_ws/install/local_setup.bash'
[18.285s] INFO:colcon.colcon_core.shell:Creating prefix chain script '/home/ros/ros2_ws/install/setup.bash'
[18.286s] INFO:colcon.colcon_core.shell:Creating prefix script '/home/ros/ros2_ws/install/local_setup.zsh'
[18.287s] INFO:colcon.colcon_core.shell:Creating prefix chain script '/home/ros/ros2_ws/install/setup.zsh'
