-- The C compiler identification is GNU 13.3.0
-- The CXX compiler identification is GNU 13.3.0
-- Detecting C compiler ABI info
-- Detecting C compiler ABI info - done
-- Check for working C compiler: /usr/bin/cc - skipped
-- Detecting C compile features
-- Detecting C compile features - done
-- Detecting CXX compiler ABI info
-- Detecting CXX compiler ABI info - done
-- Check for working CXX compiler: /usr/bin/c++ - skipped
-- Detecting CXX compile features
-- Detecting CXX compile features - done
-- Found ros2_control_cmake: 0.1.1 (/home/ros/ros2_ws/install/ros2_control_cmake/share/ros2_control_cmake/cmake)
-- Compiler warnings enabled for GNU
-- Detected GCC Version: 13.3.0 (Major: 13, Minor: 3)
-- Found ament_cmake: 2.5.3 (/opt/ros/jazzy/share/ament_cmake/cmake)
-- Found Python3: /usr/bin/python3 (found version "3.12.3") found components: Interpreter 
-- Override CMake install command with custom implementation using symlinks instead of copying resources
-- Found controller_interface: 4.27.0 (/home/ros/ros2_ws/install/controller_interface/share/controller_interface/cmake)
-- Found rosidl_generator_c: 4.6.5 (/opt/ros/jazzy/share/rosidl_generator_c/cmake)
-- Found rosidl_generator_cpp: 4.6.5 (/opt/ros/jazzy/share/rosidl_generator_cpp/cmake)
-- Using all available rosidl_typesupport_c: rosidl_typesupport_fastrtps_c;rosidl_typesupport_introspection_c
-- Using all available rosidl_typesupport_cpp: rosidl_typesupport_fastrtps_cpp;rosidl_typesupport_introspection_cpp
-- Found TinyXML2 via Config file: /usr/lib/x86_64-linux-gnu/cmake/tinyxml2
-- Found rmw_implementation_cmake: 7.3.1 (/opt/ros/jazzy/share/rmw_implementation_cmake/cmake)
-- Found rmw_fastrtps_cpp: 8.4.1 (/opt/ros/jazzy/share/rmw_fastrtps_cpp/cmake)
-- Found TinyXML2 via Config file: /usr/lib/x86_64-linux-gnu/cmake/tinyxml2
-- Found OpenSSL: /usr/lib/x86_64-linux-gnu/libcrypto.so (found version "3.0.13")  
-- Found TinyXML2 via Config file: /usr/lib/x86_64-linux-gnu/cmake/tinyxml2
-- Found FastRTPS: /opt/ros/jazzy/include (Required is at least version "2.13") 
-- Found TinyXML2 via Config file: /usr/lib/x86_64-linux-gnu/cmake/tinyxml2
-- Found TinyXML2 via Config file: /usr/lib/x86_64-linux-gnu/cmake/tinyxml2
-- Using RMW implementation 'rmw_fastrtps_cpp' as default
-- Found generate_parameter_library: 0.4.0 (/opt/ros/jazzy/share/generate_parameter_library/cmake)
-- Found parameter_traits: 0.4.0 (/opt/ros/jazzy/share/parameter_traits/cmake)
-- Found ament_cmake_gmock: 2.5.3 (/opt/ros/jazzy/share/ament_cmake_gmock/cmake)
-- Found controller_manager: 4.27.0 (/home/ros/ros2_ws/install/controller_manager/share/controller_manager/cmake)
-- Found ros2_control_test_assets: 4.27.0 (/home/ros/ros2_ws/install/ros2_control_test_assets/share/ros2_control_test_assets/cmake)
-- Found gmock sources under '/opt/ros/jazzy/src/gmock_vendor': C++ tests using 'Google Mock' will be built
-- Found ament_cmake_gtest: 2.5.3 (/opt/ros/jazzy/share/ament_cmake_gtest/cmake)
-- Found gtest sources under '/opt/ros/jazzy/src/gtest_vendor': C++ tests using 'Google Test' will be built
-- Configuring done (4.1s)
-- Generating done (0.2s)
-- Build files have been written to: /home/ros/ros2_ws/build/forward_command_controller
[  4%] [34m[1mRunning `/opt/ros/jazzy/bin/generate_parameter_library_cpp /home/ros/ros2_ws/build/forward_command_controller/include/forward_command_controller/forward_command_controller_parameters.hpp /home/ros/ros2_ws/src/ros-controls/ros2_controllers/forward_command_controller/src/forward_command_controller_parameters.yaml `[0m
[  9%] [34m[1mCreating deprecated header file /home/ros/ros2_ws/build/forward_command_controller/include/forward_command_controller_parameters.hpp[0m
[  9%] Built target forward_command_controller_parameters
[ 14%] [34m[1mRunning `/opt/ros/jazzy/bin/generate_parameter_library_cpp /home/ros/ros2_ws/build/forward_command_controller/include/forward_command_controller/multi_interface_forward_command_controller_parameters.hpp /home/ros/ros2_ws/src/ros-controls/ros2_controllers/forward_command_controller/src/multi_interface_forward_command_controller_parameters.yaml `[0m
[ 19%] [34m[1mCreating deprecated header file /home/ros/ros2_ws/build/forward_command_controller/include/multi_interface_forward_command_controller_parameters.hpp[0m
[ 19%] Built target multi_interface_forward_command_controller_parameters
[ 23%] [32mBuilding CXX object gmock/CMakeFiles/gmock_main.dir/src/gmock_main.cc.o[0m
[ 28%] [32m[1mLinking CXX static library libgmock_main.a[0m
[ 28%] Built target gmock_main
[ 33%] [32mBuilding CXX object gmock/CMakeFiles/gmock.dir/opt/ros/jazzy/src/gtest_vendor/src/gtest-all.cc.o[0m
[ 38%] [32mBuilding CXX object gmock/CMakeFiles/gmock.dir/src/gmock-all.cc.o[0m
[ 42%] [32m[1mLinking CXX static library libgmock.a[0m
[ 42%] Built target gmock
[ 47%] [32mBuilding CXX object CMakeFiles/forward_command_controller.dir/src/forward_controllers_base.cpp.o[0m
[ 52%] [32mBuilding CXX object CMakeFiles/forward_command_controller.dir/src/forward_command_controller.cpp.o[0m
[ 57%] [32mBuilding CXX object CMakeFiles/forward_command_controller.dir/src/multi_interface_forward_command_controller.cpp.o[0m
[ 61%] [32m[1mLinking CXX shared library libforward_command_controller.so[0m
[ 61%] Built target forward_command_controller
[ 66%] [32mBuilding CXX object CMakeFiles/test_load_forward_command_controller.dir/test/test_load_forward_command_controller.cpp.o[0m
[ 71%] [32m[1mLinking CXX executable test_load_forward_command_controller[0m
[ 71%] Built target test_load_forward_command_controller
[ 76%] [32mBuilding CXX object CMakeFiles/test_forward_command_controller.dir/test/test_forward_command_controller.cpp.o[0m
[ 80%] [32m[1mLinking CXX executable test_forward_command_controller[0m
[ 80%] Built target test_forward_command_controller
[ 85%] [32mBuilding CXX object CMakeFiles/test_load_multi_interface_forward_command_controller.dir/test/test_load_multi_interface_forward_command_controller.cpp.o[0m
[ 90%] [32m[1mLinking CXX executable test_load_multi_interface_forward_command_controller[0m
[ 90%] Built target test_load_multi_interface_forward_command_controller
[ 95%] [32mBuilding CXX object CMakeFiles/test_multi_interface_forward_command_controller.dir/test/test_multi_interface_forward_command_controller.cpp.o[0m
[100%] [32m[1mLinking CXX executable test_multi_interface_forward_command_controller[0m
[100%] Built target test_multi_interface_forward_command_controller
-- Install configuration: ""
-- Execute custom install script
-- Symlinking: /home/ros/ros2_ws/install/forward_command_controller/include/forward_command_controller/forward_command_controller_parameters.hpp
-- Symlinking: /home/ros/ros2_ws/install/forward_command_controller/include/forward_command_controller/multi_interface_forward_command_controller_parameters.hpp
-- Up-to-date symlink: /home/ros/ros2_ws/install/forward_command_controller/include/forward_command_controller/forward_command_controller_parameters.hpp
-- Up-to-date symlink: /home/ros/ros2_ws/install/forward_command_controller/include/forward_command_controller/multi_interface_forward_command_controller_parameters.hpp
-- Symlinking: /home/ros/ros2_ws/install/forward_command_controller/share/forward_command_controller//forward_command_plugin.xml
-- Symlinking: /home/ros/ros2_ws/install/forward_command_controller/include/forward_command_controller/forward_command_controller/forward_command_controller.hpp
-- Symlinking: /home/ros/ros2_ws/install/forward_command_controller/include/forward_command_controller/forward_command_controller/forward_controllers_base.hpp
-- Symlinking: /home/ros/ros2_ws/install/forward_command_controller/include/forward_command_controller/forward_command_controller/multi_interface_forward_command_controller.hpp
-- Symlinking: /home/ros/ros2_ws/install/forward_command_controller/share/forward_command_controller/environment/library_path.sh
-- Symlinking: /home/ros/ros2_ws/install/forward_command_controller/share/forward_command_controller/environment/library_path.dsv
-- Symlinking: /home/ros/ros2_ws/install/forward_command_controller/share/ament_index/resource_index/package_run_dependencies/forward_command_controller
-- Symlinking: /home/ros/ros2_ws/install/forward_command_controller/share/ament_index/resource_index/parent_prefix_path/forward_command_controller
-- Symlinking: /home/ros/ros2_ws/install/forward_command_controller/share/forward_command_controller/environment/ament_prefix_path.sh
-- Symlinking: /home/ros/ros2_ws/install/forward_command_controller/share/forward_command_controller/environment/ament_prefix_path.dsv
-- Symlinking: /home/ros/ros2_ws/install/forward_command_controller/share/forward_command_controller/environment/path.sh
-- Symlinking: /home/ros/ros2_ws/install/forward_command_controller/share/forward_command_controller/environment/path.dsv
-- Symlinking: /home/ros/ros2_ws/install/forward_command_controller/share/forward_command_controller/local_setup.bash
-- Symlinking: /home/ros/ros2_ws/install/forward_command_controller/share/forward_command_controller/local_setup.sh
-- Symlinking: /home/ros/ros2_ws/install/forward_command_controller/share/forward_command_controller/local_setup.zsh
-- Symlinking: /home/ros/ros2_ws/install/forward_command_controller/share/forward_command_controller/local_setup.dsv
-- Symlinking: /home/ros/ros2_ws/install/forward_command_controller/share/forward_command_controller/package.dsv
-- Symlinking: /home/ros/ros2_ws/install/forward_command_controller/share/ament_index/resource_index/packages/forward_command_controller
-- Symlinking: /home/ros/ros2_ws/install/forward_command_controller/share/ament_index/resource_index/controller_interface__pluginlib__plugin/forward_command_controller
-- Symlinking: /home/ros/ros2_ws/install/forward_command_controller/share/forward_command_controller/cmake/ament_cmake_export_dependencies-extras.cmake
-- Symlinking: /home/ros/ros2_ws/install/forward_command_controller/share/forward_command_controller/cmake/ament_cmake_export_targets-extras.cmake
-- Symlinking: /home/ros/ros2_ws/install/forward_command_controller/share/forward_command_controller/cmake/forward_command_controllerConfig.cmake
-- Symlinking: /home/ros/ros2_ws/install/forward_command_controller/share/forward_command_controller/cmake/forward_command_controllerConfig-version.cmake
-- Symlinking: /home/ros/ros2_ws/install/forward_command_controller/share/forward_command_controller/package.xml
-- Installing: /home/ros/ros2_ws/install/forward_command_controller/lib/libforward_command_controller.so
-- Set non-toolchain portion of runtime path of "/home/ros/ros2_ws/install/forward_command_controller/lib/libforward_command_controller.so" to ""
-- Installing: /home/ros/ros2_ws/install/forward_command_controller/share/forward_command_controller/cmake/export_forward_command_controllerExport.cmake
-- Installing: /home/ros/ros2_ws/install/forward_command_controller/share/forward_command_controller/cmake/export_forward_command_controllerExport-noconfig.cmake
