[0.737s] Invoking command in '/home/ros/ros2_ws/build/kinematics_interface_kdl': AMENT_PREFIX_PATH=/home/ros/ros2_ws/install/kinematics_interface:/home/ros/ros2_ws/install/ros2_control_test_assets:/home/ros/ros2_ws/install/ros2_control_cmake:${AMENT_PREFIX_PATH} CMAKE_PREFIX_PATH=/home/ros/ros2_ws/install/kinematics_interface:/home/ros/ros2_ws/install/ros2_control_test_assets:/home/ros/ros2_ws/install/ros2_control_cmake:/home/ros/ros2_ws/install/gz_ros2_control_tests:/home/ros/ros2_ws/install/gz_ros2_control_demos:/home/ros/ros2_ws/install/gz_ros2_control:/opt/ros/jazzy/opt/gz_sim_vendor:/opt/ros/jazzy/opt/gz_sensors_vendor:/opt/ros/jazzy/opt/gz_physics_vendor:/opt/ros/jazzy/opt/sdformat_vendor:/opt/ros/jazzy/opt/gz_gui_vendor:/opt/ros/jazzy/opt/gz_transport_vendor:/opt/ros/jazzy/opt/gz_rendering_vendor:/opt/ros/jazzy/opt/gz_plugin_vendor:/opt/ros/jazzy/opt/gz_fuel_tools_vendor:/opt/ros/jazzy/opt/gz_msgs_vendor:/opt/ros/jazzy/opt/gz_common_vendor:/opt/ros/jazzy/opt/gz_math_vendor:/opt/ros/jazzy/opt/gz_utils_vendor:/opt/ros/jazzy/opt/gz_tools_vendor:/opt/ros/jazzy/opt/gz_ogre_next_vendor:/opt/ros/jazzy/opt/gz_dartsim_vendor:/opt/ros/jazzy/opt/gz_cmake_vendor:/home/ros/ros2_ws/install/warehouse_sim:/home/ros/ros2_ws/install/color_detection:/opt/ros/jazzy DEBUGINFOD_URLS=https://debuginfod.ubuntu.com LD_LIBRARY_PATH=/home/ros/ros2_ws/install/kinematics_interface/lib:/home/ros/ros2_ws/install/ros2_control_test_assets/lib:${LD_LIBRARY_PATH} /usr/bin/cmake /home/ros/ros2_ws/src/ros-controls/kinematics_interface/kinematics_interface_kdl -DAMENT_CMAKE_SYMLINK_INSTALL=1 -DCMAKE_INSTALL_PREFIX=/home/ros/ros2_ws/install/kinematics_interface_kdl
[1.956s] -- The CXX compiler identification is GNU 13.3.0
[2.082s] -- Detecting CXX compiler ABI info
[3.460s] -- Detecting CXX compiler ABI info - done
[3.483s] -- Check for working CXX compiler: /usr/bin/c++ - skipped
[3.487s] -- Detecting CXX compile features
[3.495s] -- Detecting CXX compile features - done
[3.517s] -- Found ros2_control_cmake: 0.1.1 (/home/ros/ros2_ws/install/ros2_control_cmake/share/ros2_control_cmake/cmake)
[3.531s] -- Compiler warnings enabled for GNU
[3.532s] -- Detected GCC Version: 13.3.0 (Major: 13, Minor: 3)
[3.627s] -- Found ament_cmake: 2.5.3 (/opt/ros/jazzy/share/ament_cmake/cmake)
[4.315s] -- Found Python3: /usr/bin/python3 (found version "3.12.3") found components: Interpreter 
[4.442s] -- Override CMake install command with custom implementation using symlinks instead of copying resources
[6.554s] -- Found kdl_parser: 2.11.0 (/opt/ros/jazzy/share/kdl_parser/cmake)
[6.789s] -- Found eigen3_cmake_module: 0.3.0 (/opt/ros/jazzy/share/eigen3_cmake_module/cmake)
[6.795s] -- Found Eigen3: TRUE (found version "3.4.0") 
[6.795s] -- Ensuring Eigen3 include directory is part of orocos-kdl CMake target
[6.847s] -- Found kinematics_interface: 1.3.0 (/home/ros/ros2_ws/install/kinematics_interface/share/kinematics_interface/cmake)
[7.081s] -- Found rosidl_generator_c: 4.6.5 (/opt/ros/jazzy/share/rosidl_generator_c/cmake)
[7.160s] -- Found rosidl_generator_cpp: 4.6.5 (/opt/ros/jazzy/share/rosidl_generator_cpp/cmake)
[7.308s] -- Using all available rosidl_typesupport_c: rosidl_typesupport_fastrtps_c;rosidl_typesupport_introspection_c
[7.482s] -- Using all available rosidl_typesupport_cpp: rosidl_typesupport_fastrtps_cpp;rosidl_typesupport_introspection_cpp
[8.000s] -- Found rmw_implementation_cmake: 7.3.1 (/opt/ros/jazzy/share/rmw_implementation_cmake/cmake)
[8.015s] -- Found rmw_fastrtps_cpp: 8.4.1 (/opt/ros/jazzy/share/rmw_fastrtps_cpp/cmake)
[8.740s] -- Found OpenSSL: /usr/lib/x86_64-linux-gnu/libcrypto.so (found version "3.0.13")  
[8.797s] -- Found FastRTPS: /opt/ros/jazzy/include (Required is at least version "2.13") 
[8.841s] -- Using RMW implementation 'rmw_fastrtps_cpp' as default
[9.239s] -- Found pluginlib: 5.4.2 (/opt/ros/jazzy/share/pluginlib/cmake)
[9.301s] -- Found tf2_eigen_kdl: 0.36.8 (/opt/ros/jazzy/share/tf2_eigen_kdl/cmake)
[9.835s] -- Found ament_cmake_gmock: 2.5.3 (/opt/ros/jazzy/share/ament_cmake_gmock/cmake)
[9.855s] -- Found ros2_control_test_assets: 4.27.0 (/home/ros/ros2_ws/install/ros2_control_test_assets/share/ros2_control_test_assets/cmake)
[9.872s] -- Found gmock sources under '/opt/ros/jazzy/src/gmock_vendor': C++ tests using 'Google Mock' will be built
[10.196s] -- The C compiler identification is GNU 13.3.0
[10.242s] -- Detecting C compiler ABI info
[11.552s] -- Detecting C compiler ABI info - done
[11.568s] -- Check for working C compiler: /usr/bin/cc - skipped
[11.569s] -- Detecting C compile features
[11.569s] -- Detecting C compile features - done
[11.591s] -- Found ament_cmake_gtest: 2.5.3 (/opt/ros/jazzy/share/ament_cmake_gtest/cmake)
[11.600s] -- Found gtest sources under '/opt/ros/jazzy/src/gtest_vendor': C++ tests using 'Google Test' will be built
[11.910s] -- Configuring done (11.1s)
[11.954s] -- Generating done (0.0s)
[11.963s] -- Build files have been written to: /home/ros/ros2_ws/build/kinematics_interface_kdl
[11.982s] Invoked command in '/home/ros/ros2_ws/build/kinematics_interface_kdl' returned '0': AMENT_PREFIX_PATH=/home/ros/ros2_ws/install/kinematics_interface:/home/ros/ros2_ws/install/ros2_control_test_assets:/home/ros/ros2_ws/install/ros2_control_cmake:${AMENT_PREFIX_PATH} CMAKE_PREFIX_PATH=/home/ros/ros2_ws/install/kinematics_interface:/home/ros/ros2_ws/install/ros2_control_test_assets:/home/ros/ros2_ws/install/ros2_control_cmake:/home/ros/ros2_ws/install/gz_ros2_control_tests:/home/ros/ros2_ws/install/gz_ros2_control_demos:/home/ros/ros2_ws/install/gz_ros2_control:/opt/ros/jazzy/opt/gz_sim_vendor:/opt/ros/jazzy/opt/gz_sensors_vendor:/opt/ros/jazzy/opt/gz_physics_vendor:/opt/ros/jazzy/opt/sdformat_vendor:/opt/ros/jazzy/opt/gz_gui_vendor:/opt/ros/jazzy/opt/gz_transport_vendor:/opt/ros/jazzy/opt/gz_rendering_vendor:/opt/ros/jazzy/opt/gz_plugin_vendor:/opt/ros/jazzy/opt/gz_fuel_tools_vendor:/opt/ros/jazzy/opt/gz_msgs_vendor:/opt/ros/jazzy/opt/gz_common_vendor:/opt/ros/jazzy/opt/gz_math_vendor:/opt/ros/jazzy/opt/gz_utils_vendor:/opt/ros/jazzy/opt/gz_tools_vendor:/opt/ros/jazzy/opt/gz_ogre_next_vendor:/opt/ros/jazzy/opt/gz_dartsim_vendor:/opt/ros/jazzy/opt/gz_cmake_vendor:/home/ros/ros2_ws/install/warehouse_sim:/home/ros/ros2_ws/install/color_detection:/opt/ros/jazzy DEBUGINFOD_URLS=https://debuginfod.ubuntu.com LD_LIBRARY_PATH=/home/ros/ros2_ws/install/kinematics_interface/lib:/home/ros/ros2_ws/install/ros2_control_test_assets/lib:${LD_LIBRARY_PATH} /usr/bin/cmake /home/ros/ros2_ws/src/ros-controls/kinematics_interface/kinematics_interface_kdl -DAMENT_CMAKE_SYMLINK_INSTALL=1 -DCMAKE_INSTALL_PREFIX=/home/ros/ros2_ws/install/kinematics_interface_kdl
[11.982s] Invoking command in '/home/ros/ros2_ws/build/kinematics_interface_kdl': AMENT_PREFIX_PATH=/home/ros/ros2_ws/install/kinematics_interface:/home/ros/ros2_ws/install/ros2_control_test_assets:/home/ros/ros2_ws/install/ros2_control_cmake:${AMENT_PREFIX_PATH} CMAKE_PREFIX_PATH=/home/ros/ros2_ws/install/kinematics_interface:/home/ros/ros2_ws/install/ros2_control_test_assets:/home/ros/ros2_ws/install/ros2_control_cmake:/home/ros/ros2_ws/install/gz_ros2_control_tests:/home/ros/ros2_ws/install/gz_ros2_control_demos:/home/ros/ros2_ws/install/gz_ros2_control:/opt/ros/jazzy/opt/gz_sim_vendor:/opt/ros/jazzy/opt/gz_sensors_vendor:/opt/ros/jazzy/opt/gz_physics_vendor:/opt/ros/jazzy/opt/sdformat_vendor:/opt/ros/jazzy/opt/gz_gui_vendor:/opt/ros/jazzy/opt/gz_transport_vendor:/opt/ros/jazzy/opt/gz_rendering_vendor:/opt/ros/jazzy/opt/gz_plugin_vendor:/opt/ros/jazzy/opt/gz_fuel_tools_vendor:/opt/ros/jazzy/opt/gz_msgs_vendor:/opt/ros/jazzy/opt/gz_common_vendor:/opt/ros/jazzy/opt/gz_math_vendor:/opt/ros/jazzy/opt/gz_utils_vendor:/opt/ros/jazzy/opt/gz_tools_vendor:/opt/ros/jazzy/opt/gz_ogre_next_vendor:/opt/ros/jazzy/opt/gz_dartsim_vendor:/opt/ros/jazzy/opt/gz_cmake_vendor:/home/ros/ros2_ws/install/warehouse_sim:/home/ros/ros2_ws/install/color_detection:/opt/ros/jazzy DEBUGINFOD_URLS=https://debuginfod.ubuntu.com LD_LIBRARY_PATH=/home/ros/ros2_ws/install/kinematics_interface/lib:/home/ros/ros2_ws/install/ros2_control_test_assets/lib:${LD_LIBRARY_PATH} /usr/bin/cmake --build /home/ros/ros2_ws/build/kinematics_interface_kdl -- -j2 -l2
[12.651s] [ 11%] [32mBuilding CXX object CMakeFiles/kinematics_interface_kdl.dir/src/kinematics_interface_kdl.cpp.o[0m
[21.137s] [ 22%] [32m[1mLinking CXX shared library libkinematics_interface_kdl.so[0m
[22.029s] [ 22%] Built target kinematics_interface_kdl
[22.236s] [ 33%] [32mBuilding CXX object gmock/CMakeFiles/gmock_main.dir/src/gmock_main.cc.o[0m
[23.702s] [ 44%] [32m[1mLinking CXX static library libgmock_main.a[0m
[23.820s] [ 44%] Built target gmock_main
[23.931s] [ 55%] [32mBuilding CXX object gmock/CMakeFiles/gmock.dir/opt/ros/jazzy/src/gtest_vendor/src/gtest-all.cc.o[0m
[29.009s] [ 66%] [32mBuilding CXX object gmock/CMakeFiles/gmock.dir/src/gmock-all.cc.o[0m
[31.949s] [ 77%] [32m[1mLinking CXX static library libgmock.a[0m
[32.073s] [ 77%] Built target gmock
[32.144s] [ 88%] [32mBuilding CXX object CMakeFiles/test_kinematics_interface_kdl.dir/test/test_kinematics_interface_kdl.cpp.o[0m
[47.880s] [100%] [32m[1mLinking CXX executable test_kinematics_interface_kdl[0m
[49.118s] [100%] Built target test_kinematics_interface_kdl
[49.139s] Invoked command in '/home/ros/ros2_ws/build/kinematics_interface_kdl' returned '0': AMENT_PREFIX_PATH=/home/ros/ros2_ws/install/kinematics_interface:/home/ros/ros2_ws/install/ros2_control_test_assets:/home/ros/ros2_ws/install/ros2_control_cmake:${AMENT_PREFIX_PATH} CMAKE_PREFIX_PATH=/home/ros/ros2_ws/install/kinematics_interface:/home/ros/ros2_ws/install/ros2_control_test_assets:/home/ros/ros2_ws/install/ros2_control_cmake:/home/ros/ros2_ws/install/gz_ros2_control_tests:/home/ros/ros2_ws/install/gz_ros2_control_demos:/home/ros/ros2_ws/install/gz_ros2_control:/opt/ros/jazzy/opt/gz_sim_vendor:/opt/ros/jazzy/opt/gz_sensors_vendor:/opt/ros/jazzy/opt/gz_physics_vendor:/opt/ros/jazzy/opt/sdformat_vendor:/opt/ros/jazzy/opt/gz_gui_vendor:/opt/ros/jazzy/opt/gz_transport_vendor:/opt/ros/jazzy/opt/gz_rendering_vendor:/opt/ros/jazzy/opt/gz_plugin_vendor:/opt/ros/jazzy/opt/gz_fuel_tools_vendor:/opt/ros/jazzy/opt/gz_msgs_vendor:/opt/ros/jazzy/opt/gz_common_vendor:/opt/ros/jazzy/opt/gz_math_vendor:/opt/ros/jazzy/opt/gz_utils_vendor:/opt/ros/jazzy/opt/gz_tools_vendor:/opt/ros/jazzy/opt/gz_ogre_next_vendor:/opt/ros/jazzy/opt/gz_dartsim_vendor:/opt/ros/jazzy/opt/gz_cmake_vendor:/home/ros/ros2_ws/install/warehouse_sim:/home/ros/ros2_ws/install/color_detection:/opt/ros/jazzy DEBUGINFOD_URLS=https://debuginfod.ubuntu.com LD_LIBRARY_PATH=/home/ros/ros2_ws/install/kinematics_interface/lib:/home/ros/ros2_ws/install/ros2_control_test_assets/lib:${LD_LIBRARY_PATH} /usr/bin/cmake --build /home/ros/ros2_ws/build/kinematics_interface_kdl -- -j2 -l2
[49.145s] Invoking command in '/home/ros/ros2_ws/build/kinematics_interface_kdl': AMENT_PREFIX_PATH=/home/ros/ros2_ws/install/kinematics_interface:/home/ros/ros2_ws/install/ros2_control_test_assets:/home/ros/ros2_ws/install/ros2_control_cmake:${AMENT_PREFIX_PATH} CMAKE_PREFIX_PATH=/home/ros/ros2_ws/install/kinematics_interface:/home/ros/ros2_ws/install/ros2_control_test_assets:/home/ros/ros2_ws/install/ros2_control_cmake:/home/ros/ros2_ws/install/gz_ros2_control_tests:/home/ros/ros2_ws/install/gz_ros2_control_demos:/home/ros/ros2_ws/install/gz_ros2_control:/opt/ros/jazzy/opt/gz_sim_vendor:/opt/ros/jazzy/opt/gz_sensors_vendor:/opt/ros/jazzy/opt/gz_physics_vendor:/opt/ros/jazzy/opt/sdformat_vendor:/opt/ros/jazzy/opt/gz_gui_vendor:/opt/ros/jazzy/opt/gz_transport_vendor:/opt/ros/jazzy/opt/gz_rendering_vendor:/opt/ros/jazzy/opt/gz_plugin_vendor:/opt/ros/jazzy/opt/gz_fuel_tools_vendor:/opt/ros/jazzy/opt/gz_msgs_vendor:/opt/ros/jazzy/opt/gz_common_vendor:/opt/ros/jazzy/opt/gz_math_vendor:/opt/ros/jazzy/opt/gz_utils_vendor:/opt/ros/jazzy/opt/gz_tools_vendor:/opt/ros/jazzy/opt/gz_ogre_next_vendor:/opt/ros/jazzy/opt/gz_dartsim_vendor:/opt/ros/jazzy/opt/gz_cmake_vendor:/home/ros/ros2_ws/install/warehouse_sim:/home/ros/ros2_ws/install/color_detection:/opt/ros/jazzy DEBUGINFOD_URLS=https://debuginfod.ubuntu.com LD_LIBRARY_PATH=/home/ros/ros2_ws/install/kinematics_interface/lib:/home/ros/ros2_ws/install/ros2_control_test_assets/lib:${LD_LIBRARY_PATH} /usr/bin/cmake --install /home/ros/ros2_ws/build/kinematics_interface_kdl
[49.153s] -- Install configuration: ""
[49.154s] -- Execute custom install script
[49.161s] -- Symlinking: /home/ros/ros2_ws/install/kinematics_interface_kdl/share/kinematics_interface_kdl//kinematics_interface_kdl.xml
[49.190s] -- Symlinking: /home/ros/ros2_ws/install/kinematics_interface_kdl/include/kinematics_interface_kdl/kinematics_interface_kdl/kinematics_interface_kdl.hpp
[49.208s] -- Symlinking: /home/ros/ros2_ws/install/kinematics_interface_kdl/share/kinematics_interface_kdl/environment/library_path.sh
[49.230s] -- Symlinking: /home/ros/ros2_ws/install/kinematics_interface_kdl/share/kinematics_interface_kdl/environment/library_path.dsv
[49.253s] -- Symlinking: /home/ros/ros2_ws/install/kinematics_interface_kdl/share/ament_index/resource_index/package_run_dependencies/kinematics_interface_kdl
[49.268s] -- Symlinking: /home/ros/ros2_ws/install/kinematics_interface_kdl/share/ament_index/resource_index/parent_prefix_path/kinematics_interface_kdl
[49.281s] -- Symlinking: /home/ros/ros2_ws/install/kinematics_interface_kdl/share/kinematics_interface_kdl/environment/ament_prefix_path.sh
[49.299s] -- Symlinking: /home/ros/ros2_ws/install/kinematics_interface_kdl/share/kinematics_interface_kdl/environment/ament_prefix_path.dsv
[49.321s] -- Symlinking: /home/ros/ros2_ws/install/kinematics_interface_kdl/share/kinematics_interface_kdl/environment/path.sh
[49.410s] -- Symlinking: /home/ros/ros2_ws/install/kinematics_interface_kdl/share/kinematics_interface_kdl/environment/path.dsv
[49.510s] -- Symlinking: /home/ros/ros2_ws/install/kinematics_interface_kdl/share/kinematics_interface_kdl/local_setup.bash
[49.565s] -- Symlinking: /home/ros/ros2_ws/install/kinematics_interface_kdl/share/kinematics_interface_kdl/local_setup.sh
[49.610s] -- Symlinking: /home/ros/ros2_ws/install/kinematics_interface_kdl/share/kinematics_interface_kdl/local_setup.zsh
[49.671s] -- Symlinking: /home/ros/ros2_ws/install/kinematics_interface_kdl/share/kinematics_interface_kdl/local_setup.dsv
[49.701s] -- Symlinking: /home/ros/ros2_ws/install/kinematics_interface_kdl/share/kinematics_interface_kdl/package.dsv
[49.739s] -- Symlinking: /home/ros/ros2_ws/install/kinematics_interface_kdl/share/ament_index/resource_index/packages/kinematics_interface_kdl
[49.767s] -- Symlinking: /home/ros/ros2_ws/install/kinematics_interface_kdl/share/ament_index/resource_index/kinematics_interface__pluginlib__plugin/kinematics_interface_kdl
[49.797s] -- Symlinking: /home/ros/ros2_ws/install/kinematics_interface_kdl/share/kinematics_interface_kdl/cmake/ament_cmake_export_targets-extras.cmake
[49.835s] -- Symlinking: /home/ros/ros2_ws/install/kinematics_interface_kdl/share/kinematics_interface_kdl/cmake/ament_cmake_export_dependencies-extras.cmake
[49.854s] -- Symlinking: /home/ros/ros2_ws/install/kinematics_interface_kdl/share/kinematics_interface_kdl/cmake/kinematics_interface_kdlConfig.cmake
[49.881s] -- Symlinking: /home/ros/ros2_ws/install/kinematics_interface_kdl/share/kinematics_interface_kdl/cmake/kinematics_interface_kdlConfig-version.cmake
[49.907s] -- Symlinking: /home/ros/ros2_ws/install/kinematics_interface_kdl/share/kinematics_interface_kdl/package.xml
[49.940s] -- Installing: /home/ros/ros2_ws/install/kinematics_interface_kdl/lib/libkinematics_interface_kdl.so
[49.944s] -- Set non-toolchain portion of runtime path of "/home/ros/ros2_ws/install/kinematics_interface_kdl/lib/libkinematics_interface_kdl.so" to ""
[49.945s] -- Installing: /home/ros/ros2_ws/install/kinematics_interface_kdl/share/kinematics_interface_kdl/cmake/export_kinematics_interface_kdlExport.cmake
[49.945s] -- Installing: /home/ros/ros2_ws/install/kinematics_interface_kdl/share/kinematics_interface_kdl/cmake/export_kinematics_interface_kdlExport-noconfig.cmake
[49.951s] Invoked command in '/home/ros/ros2_ws/build/kinematics_interface_kdl' returned '0': AMENT_PREFIX_PATH=/home/ros/ros2_ws/install/kinematics_interface:/home/ros/ros2_ws/install/ros2_control_test_assets:/home/ros/ros2_ws/install/ros2_control_cmake:${AMENT_PREFIX_PATH} CMAKE_PREFIX_PATH=/home/ros/ros2_ws/install/kinematics_interface:/home/ros/ros2_ws/install/ros2_control_test_assets:/home/ros/ros2_ws/install/ros2_control_cmake:/home/ros/ros2_ws/install/gz_ros2_control_tests:/home/ros/ros2_ws/install/gz_ros2_control_demos:/home/ros/ros2_ws/install/gz_ros2_control:/opt/ros/jazzy/opt/gz_sim_vendor:/opt/ros/jazzy/opt/gz_sensors_vendor:/opt/ros/jazzy/opt/gz_physics_vendor:/opt/ros/jazzy/opt/sdformat_vendor:/opt/ros/jazzy/opt/gz_gui_vendor:/opt/ros/jazzy/opt/gz_transport_vendor:/opt/ros/jazzy/opt/gz_rendering_vendor:/opt/ros/jazzy/opt/gz_plugin_vendor:/opt/ros/jazzy/opt/gz_fuel_tools_vendor:/opt/ros/jazzy/opt/gz_msgs_vendor:/opt/ros/jazzy/opt/gz_common_vendor:/opt/ros/jazzy/opt/gz_math_vendor:/opt/ros/jazzy/opt/gz_utils_vendor:/opt/ros/jazzy/opt/gz_tools_vendor:/opt/ros/jazzy/opt/gz_ogre_next_vendor:/opt/ros/jazzy/opt/gz_dartsim_vendor:/opt/ros/jazzy/opt/gz_cmake_vendor:/home/ros/ros2_ws/install/warehouse_sim:/home/ros/ros2_ws/install/color_detection:/opt/ros/jazzy DEBUGINFOD_URLS=https://debuginfod.ubuntu.com LD_LIBRARY_PATH=/home/ros/ros2_ws/install/kinematics_interface/lib:/home/ros/ros2_ws/install/ros2_control_test_assets/lib:${LD_LIBRARY_PATH} /usr/bin/cmake --install /home/ros/ros2_ws/build/kinematics_interface_kdl
