-- The CXX compiler identification is GNU 13.3.0
-- Detecting CXX compiler ABI info
-- Detecting CXX compiler ABI info - done
-- Check for working CXX compiler: /usr/bin/c++ - skipped
-- Detecting CXX compile features
-- Detecting CXX compile features - done
-- Found ros2_control_cmake: 0.1.1 (/home/ros/ros2_ws/install/ros2_control_cmake/share/ros2_control_cmake/cmake)
-- Compiler warnings enabled for GNU
-- Detected GCC Version: 13.3.0 (Major: 13, Minor: 3)
-- Found ament_cmake: 2.5.3 (/opt/ros/jazzy/share/ament_cmake/cmake)
-- Found Python3: /usr/bin/python3 (found version "3.12.3") found components: Interpreter 
-- Override CMake install command with custom implementation using symlinks instead of copying resources
-- Found hardware_interface: 4.27.0 (/home/ros/ros2_ws/install/hardware_interface/share/hardware_interface/cmake)
-- Found rosidl_generator_c: 4.6.5 (/opt/ros/jazzy/share/rosidl_generator_c/cmake)
-- Found rosidl_generator_cpp: 4.6.5 (/opt/ros/jazzy/share/rosidl_generator_cpp/cmake)
-- Using all available rosidl_typesupport_c: rosidl_typesupport_fastrtps_c;rosidl_typesupport_introspection_c
-- Using all available rosidl_typesupport_cpp: rosidl_typesupport_fastrtps_cpp;rosidl_typesupport_introspection_cpp
-- Found TinyXML2 via Config file: /usr/lib/x86_64-linux-gnu/cmake/tinyxml2
-- Found rmw_implementation_cmake: 7.3.1 (/opt/ros/jazzy/share/rmw_implementation_cmake/cmake)
-- Found rmw_fastrtps_cpp: 8.4.1 (/opt/ros/jazzy/share/rmw_fastrtps_cpp/cmake)
-- Found TinyXML2 via Config file: /usr/lib/x86_64-linux-gnu/cmake/tinyxml2
-- Found OpenSSL: /usr/lib/x86_64-linux-gnu/libcrypto.so (found version "3.0.13")  
-- Found TinyXML2 via Config file: /usr/lib/x86_64-linux-gnu/cmake/tinyxml2
-- Found FastRTPS: /opt/ros/jazzy/include (Required is at least version "2.13") 
-- Found TinyXML2 via Config file: /usr/lib/x86_64-linux-gnu/cmake/tinyxml2
-- Found TinyXML2 via Config file: /usr/lib/x86_64-linux-gnu/cmake/tinyxml2
-- Using RMW implementation 'rmw_fastrtps_cpp' as default
-- Found ament_cmake_gmock: 2.5.3 (/opt/ros/jazzy/share/ament_cmake_gmock/cmake)
-- Found gmock sources under '/opt/ros/jazzy/src/gmock_vendor': C++ tests using 'Google Mock' will be built
-- The C compiler identification is GNU 13.3.0
-- Detecting C compiler ABI info
-- Detecting C compiler ABI info - done
-- Check for working C compiler: /usr/bin/cc - skipped
-- Detecting C compile features
-- Detecting C compile features - done
-- Found ament_cmake_gtest: 2.5.3 (/opt/ros/jazzy/share/ament_cmake_gtest/cmake)
-- Found gtest sources under '/opt/ros/jazzy/src/gtest_vendor': C++ tests using 'Google Test' will be built
-- Configuring done (5.7s)
-- Generating done (0.5s)
-- Build files have been written to: /home/ros/ros2_ws/build/controller_interface
[  3%] [34m[1mGenerating controller_interface/version.h[0m
[  3%] Built target ament_generate_version_header__controller_interface
[  6%] [32mBuilding CXX object gmock/CMakeFiles/gmock_main.dir/src/gmock_main.cc.o[0m
[ 10%] [32m[1mLinking CXX static library libgmock_main.a[0m
[ 10%] Built target gmock_main
[ 13%] [32mBuilding CXX object gmock/CMakeFiles/gmock.dir/opt/ros/jazzy/src/gtest_vendor/src/gtest-all.cc.o[0m
[ 16%] [32mBuilding CXX object gmock/CMakeFiles/gmock.dir/src/gmock-all.cc.o[0m
[ 20%] [32m[1mLinking CXX static library libgmock.a[0m
[ 20%] Built target gmock
[ 23%] [32mBuilding CXX object CMakeFiles/controller_interface.dir/src/controller_interface_base.cpp.o[0m
[ 26%] [32mBuilding CXX object CMakeFiles/controller_interface.dir/src/controller_interface.cpp.o[0m
[ 30%] [32mBuilding CXX object CMakeFiles/controller_interface.dir/src/chainable_controller_interface.cpp.o[0m
[ 33%] [32m[1mLinking CXX shared library libcontroller_interface.so[0m
[ 33%] Built target controller_interface
[ 36%] [32mBuilding CXX object CMakeFiles/test_controller_interface.dir/test/test_controller_interface.cpp.o[0m
[ 40%] [32m[1mLinking CXX executable test_controller_interface[0m
[ 40%] Built target test_controller_interface
[ 43%] [32mBuilding CXX object CMakeFiles/test_controller_with_options.dir/test/test_controller_with_options.cpp.o[0m
[ 46%] [32m[1mLinking CXX executable test_controller_with_options[0m
[ 46%] Built target test_controller_with_options
[ 50%] [32mBuilding CXX object CMakeFiles/test_chainable_controller_interface.dir/test/test_chainable_controller_interface.cpp.o[0m
[ 53%] [32m[1mLinking CXX executable test_chainable_controller_interface[0m
[ 53%] Built target test_chainable_controller_interface
[ 56%] [32mBuilding CXX object CMakeFiles/test_semantic_component_interface.dir/test/test_semantic_component_interface.cpp.o[0m
[ 60%] [32m[1mLinking CXX executable test_semantic_component_interface[0m
[ 60%] Built target test_semantic_component_interface
[ 63%] [32mBuilding CXX object CMakeFiles/test_force_torque_sensor.dir/test/test_force_torque_sensor.cpp.o[0m
[ 66%] [32m[1mLinking CXX executable test_force_torque_sensor[0m
[ 66%] Built target test_force_torque_sensor
[ 70%] [32mBuilding CXX object CMakeFiles/test_imu_sensor.dir/test/test_imu_sensor.cpp.o[0m
[ 73%] [32m[1mLinking CXX executable test_imu_sensor[0m
[ 73%] Built target test_imu_sensor
[ 76%] [32mBuilding CXX object CMakeFiles/test_pose_sensor.dir/test/test_pose_sensor.cpp.o[0m
[ 80%] [32m[1mLinking CXX executable test_pose_sensor[0m
[ 80%] Built target test_pose_sensor
[ 83%] [32mBuilding CXX object CMakeFiles/test_gps_sensor.dir/test/test_gps_sensor.cpp.o[0m
[ 86%] [32m[1mLinking CXX executable test_gps_sensor[0m
[ 86%] Built target test_gps_sensor
[ 90%] [32mBuilding CXX object CMakeFiles/test_semantic_component_command_interface.dir/test/test_semantic_component_command_interface.cpp.o[0m
[ 93%] [32m[1mLinking CXX executable test_semantic_component_command_interface[0m
[ 93%] Built target test_semantic_component_command_interface
[ 96%] [32mBuilding CXX object CMakeFiles/test_led_rgb_device.dir/test/test_led_rgb_device.cpp.o[0m
[100%] [32m[1mLinking CXX executable test_led_rgb_device[0m
[100%] Built target test_led_rgb_device
-- Install configuration: ""
-- Execute custom install script
-- Symlinking: /home/ros/ros2_ws/install/controller_interface/include/controller_interface/controller_interface/chainable_controller_interface.hpp
-- Symlinking: /home/ros/ros2_ws/install/controller_interface/include/controller_interface/controller_interface/controller_interface.hpp
-- Symlinking: /home/ros/ros2_ws/install/controller_interface/include/controller_interface/controller_interface/controller_interface_base.hpp
-- Symlinking: /home/ros/ros2_ws/install/controller_interface/include/controller_interface/controller_interface/helpers.hpp
-- Symlinking: /home/ros/ros2_ws/install/controller_interface/include/controller_interface/semantic_components/force_torque_sensor.hpp
-- Symlinking: /home/ros/ros2_ws/install/controller_interface/include/controller_interface/semantic_components/gps_sensor.hpp
-- Symlinking: /home/ros/ros2_ws/install/controller_interface/include/controller_interface/semantic_components/imu_sensor.hpp
-- Symlinking: /home/ros/ros2_ws/install/controller_interface/include/controller_interface/semantic_components/led_rgb_device.hpp
-- Symlinking: /home/ros/ros2_ws/install/controller_interface/include/controller_interface/semantic_components/pose_sensor.hpp
-- Symlinking: /home/ros/ros2_ws/install/controller_interface/include/controller_interface/semantic_components/range_sensor.hpp
-- Symlinking: /home/ros/ros2_ws/install/controller_interface/include/controller_interface/semantic_components/semantic_component_command_interface.hpp
-- Symlinking: /home/ros/ros2_ws/install/controller_interface/include/controller_interface/semantic_components/semantic_component_interface.hpp
-- Symlinking: /home/ros/ros2_ws/install/controller_interface/share/controller_interface/environment/library_path.sh
-- Symlinking: /home/ros/ros2_ws/install/controller_interface/share/controller_interface/environment/library_path.dsv
-- Symlinking: /home/ros/ros2_ws/install/controller_interface/share/ament_index/resource_index/package_run_dependencies/controller_interface
-- Symlinking: /home/ros/ros2_ws/install/controller_interface/share/ament_index/resource_index/parent_prefix_path/controller_interface
-- Symlinking: /home/ros/ros2_ws/install/controller_interface/share/controller_interface/environment/ament_prefix_path.sh
-- Symlinking: /home/ros/ros2_ws/install/controller_interface/share/controller_interface/environment/ament_prefix_path.dsv
-- Symlinking: /home/ros/ros2_ws/install/controller_interface/share/controller_interface/environment/path.sh
-- Symlinking: /home/ros/ros2_ws/install/controller_interface/share/controller_interface/environment/path.dsv
-- Symlinking: /home/ros/ros2_ws/install/controller_interface/share/controller_interface/local_setup.bash
-- Symlinking: /home/ros/ros2_ws/install/controller_interface/share/controller_interface/local_setup.sh
-- Symlinking: /home/ros/ros2_ws/install/controller_interface/share/controller_interface/local_setup.zsh
-- Symlinking: /home/ros/ros2_ws/install/controller_interface/share/controller_interface/local_setup.dsv
-- Symlinking: /home/ros/ros2_ws/install/controller_interface/share/controller_interface/package.dsv
-- Symlinking: /home/ros/ros2_ws/install/controller_interface/share/ament_index/resource_index/packages/controller_interface
-- Symlinking: /home/ros/ros2_ws/install/controller_interface/share/controller_interface/cmake/ament_cmake_export_targets-extras.cmake
-- Symlinking: /home/ros/ros2_ws/install/controller_interface/share/controller_interface/cmake/ament_cmake_export_dependencies-extras.cmake
-- Symlinking: /home/ros/ros2_ws/install/controller_interface/share/controller_interface/cmake/controller_interfaceConfig.cmake
-- Symlinking: /home/ros/ros2_ws/install/controller_interface/share/controller_interface/cmake/controller_interfaceConfig-version.cmake
-- Symlinking: /home/ros/ros2_ws/install/controller_interface/share/controller_interface/package.xml
-- Symlinking: /home/ros/ros2_ws/install/controller_interface/include/controller_interface/controller_interface/version.h
-- Installing: /home/ros/ros2_ws/install/controller_interface/lib/libcontroller_interface.so
-- Set non-toolchain portion of runtime path of "/home/ros/ros2_ws/install/controller_interface/lib/libcontroller_interface.so" to ""
-- Installing: /home/ros/ros2_ws/install/controller_interface/share/controller_interface/cmake/export_controller_interfaceExport.cmake
-- Installing: /home/ros/ros2_ws/install/controller_interface/share/controller_interface/cmake/export_controller_interfaceExport-noconfig.cmake
