[01m[K/home/ros/ros2_ws/src/ros-controls/ros2_controllers/joint_state_broadcaster/src/joint_state_broadcaster.cpp:[m[K In member function ‘[01m[Kvirtual controller_interface::return_type joint_state_broadcaster::JointStateBroadcaster::[01;32m[Kupdate[m[K(const rclcpp::Time&, const rclcpp::Duration&)[m[K’:
[01m[K/home/ros/ros2_ws/src/ros-controls/ros2_controllers/joint_state_broadcaster/src/joint_state_broadcaster.cpp:348:32:[m[K [01;35m[Kwarning: [m[K‘[01m[Kdouble hardware_interface::LoanedStateInterface::[01;32m[Kget_value[m[K() const[m[K’ is deprecated: Use std::optional<T> get_optional() instead to retrieve the value. This method will be removed by the ROS 2 Kilted Kaiju release. [[01;35m[K]8;;https://gcc.gnu.org/onlinedocs/gcc/Warning-Options.html#index-Wdeprecated-declarations-Wdeprecated-declarations]8;;[m[K]
  348 |       [01;35m[Kstate_interface.get_value()[m[K;
      |       [01;35m[K~~~~~~~~~~~~~~~~~~~~~~~~~^~[m[K
In file included from [01m[K/home/ros/ros2_ws/install/controller_interface/include/controller_interface/controller_interface/controller_interface_base.hpp:28[m[K,
                 from [01m[K/home/ros/ros2_ws/install/controller_interface/include/controller_interface/controller_interface/controller_interface.hpp:21[m[K,
                 from [01m[K/home/ros/ros2_ws/src/ros-controls/ros2_controllers/joint_state_broadcaster/include/joint_state_broadcaster/joint_state_broadcaster.hpp:24[m[K,
                 from [01m[K/home/ros/ros2_ws/src/ros-controls/ros2_controllers/joint_state_broadcaster/src/joint_state_broadcaster.cpp:15[m[K:
[01m[K/home/ros/ros2_ws/install/hardware_interface/include/hardware_interface/hardware_interface/loaned_state_interface.hpp:94:10:[m[K [01;36m[Knote: [m[Kdeclared here
   94 |   double [01;36m[Kget_value[m[K() const
      |          [01;36m[K^~~~~~~~~[m[K
In file included from [01m[K/opt/ros/jazzy/include/rclcpp/rclcpp/logging.hpp:24[m[K,
                 from [01m[K/home/ros/ros2_ws/install/realtime_tools/include/realtime_tools/realtime_tools/async_function_handler.hpp:33[m[K,
                 from [01m[K/home/ros/ros2_ws/install/controller_interface/include/controller_interface/controller_interface/controller_interface_base.hpp:23[m[K:
[01m[K/home/ros/ros2_ws/src/ros-controls/ros2_controllers/joint_state_broadcaster/src/joint_state_broadcaster.cpp:351:32:[m[K [01;35m[Kwarning: [m[K‘[01m[Kdouble hardware_interface::LoanedStateInterface::[01;32m[Kget_value[m[K() const[m[K’ is deprecated: Use std::optional<T> get_optional() instead to retrieve the value. This method will be removed by the ROS 2 Kilted Kaiju release. [[01;35m[K]8;;https://gcc.gnu.org/onlinedocs/gcc/Warning-Options.html#index-Wdeprecated-declarations-Wdeprecated-declarations]8;;[m[K]
  351 |       [01;35m[Kstate_interface.get_value()[m[K);
      |       [01;35m[K~~~~~~~~~~~~~~~~~~~~~~~~~^~[m[K
[01m[K/home/ros/ros2_ws/install/hardware_interface/include/hardware_interface/hardware_interface/loaned_state_interface.hpp:94:10:[m[K [01;36m[Knote: [m[Kdeclared here
   94 |   double [01;36m[Kget_value[m[K() const
      |          [01;36m[K^~~~~~~~~[m[K
