-- The C compiler identification is GNU 13.3.0
-- The CXX compiler identification is GNU 13.3.0
-- Detecting C compiler ABI info
-- Detecting C compiler ABI info - done
-- Check for working C compiler: /usr/bin/cc - skipped
-- Detecting C compile features
-- Detecting C compile features - done
-- Detecting CXX compiler ABI info
-- Detecting CXX compiler ABI info - done
-- Check for working CXX compiler: /usr/bin/c++ - skipped
-- Detecting CXX compile features
-- Detecting CXX compile features - done
-- Found ros2_control_cmake: 0.1.1 (/home/ros/ros2_ws/install/ros2_control_cmake/share/ros2_control_cmake/cmake)
-- Compiler warnings enabled for GNU
-- Detected GCC Version: 13.3.0 (Major: 13, Minor: 3)
-- Found ament_cmake: 2.5.3 (/opt/ros/jazzy/share/ament_cmake/cmake)
-- Found Python3: /usr/bin/python3 (found version "3.12.3") found components: Interpreter 
-- Override CMake install command with custom implementation using symlinks instead of copying resources
-- Found builtin_interfaces: 2.0.2 (/opt/ros/jazzy/share/builtin_interfaces/cmake)
-- Found rosidl_generator_c: 4.6.5 (/opt/ros/jazzy/share/rosidl_generator_c/cmake)
-- Found rosidl_generator_cpp: 4.6.5 (/opt/ros/jazzy/share/rosidl_generator_cpp/cmake)
-- Using all available rosidl_typesupport_c: rosidl_typesupport_fastrtps_c;rosidl_typesupport_introspection_c
-- Using all available rosidl_typesupport_cpp: rosidl_typesupport_fastrtps_cpp;rosidl_typesupport_introspection_cpp
-- Found control_msgs: 5.4.0 (/home/ros/ros2_ws/install/control_msgs/share/control_msgs/cmake)
-- Found controller_interface: 4.27.0 (/home/ros/ros2_ws/install/controller_interface/share/controller_interface/cmake)
-- Found TinyXML2 via Config file: /usr/lib/x86_64-linux-gnu/cmake/tinyxml2
-- Found rmw_implementation_cmake: 7.3.1 (/opt/ros/jazzy/share/rmw_implementation_cmake/cmake)
-- Found rmw_fastrtps_cpp: 8.4.1 (/opt/ros/jazzy/share/rmw_fastrtps_cpp/cmake)
-- Found TinyXML2 via Config file: /usr/lib/x86_64-linux-gnu/cmake/tinyxml2
-- Found OpenSSL: /usr/lib/x86_64-linux-gnu/libcrypto.so (found version "3.0.13")  
-- Found TinyXML2 via Config file: /usr/lib/x86_64-linux-gnu/cmake/tinyxml2
-- Found FastRTPS: /opt/ros/jazzy/include (Required is at least version "2.13") 
-- Found TinyXML2 via Config file: /usr/lib/x86_64-linux-gnu/cmake/tinyxml2
-- Found TinyXML2 via Config file: /usr/lib/x86_64-linux-gnu/cmake/tinyxml2
-- Using RMW implementation 'rmw_fastrtps_cpp' as default
-- Found generate_parameter_library: 0.4.0 (/opt/ros/jazzy/share/generate_parameter_library/cmake)
-- Found parameter_traits: 0.4.0 (/opt/ros/jazzy/share/parameter_traits/cmake)
-- Found ament_cmake_gmock: 2.5.3 (/opt/ros/jazzy/share/ament_cmake_gmock/cmake)
-- Found controller_manager: 4.27.0 (/home/ros/ros2_ws/install/controller_manager/share/controller_manager/cmake)
-- Found ros2_control_test_assets: 4.27.0 (/home/ros/ros2_ws/install/ros2_control_test_assets/share/ros2_control_test_assets/cmake)
-- Found gmock sources under '/opt/ros/jazzy/src/gmock_vendor': C++ tests using 'Google Mock' will be built
-- Found ament_cmake_gtest: 2.5.3 (/opt/ros/jazzy/share/ament_cmake_gtest/cmake)
-- Found gtest sources under '/opt/ros/jazzy/src/gtest_vendor': C++ tests using 'Google Test' will be built
-- Configuring done (5.7s)
-- Generating done (0.1s)
-- Build files have been written to: /home/ros/ros2_ws/build/joint_state_broadcaster
[  7%] [34m[1mRunning `/opt/ros/jazzy/bin/generate_parameter_library_cpp /home/ros/ros2_ws/build/joint_state_broadcaster/include/joint_state_broadcaster/joint_state_broadcaster_parameters.hpp /home/ros/ros2_ws/src/ros-controls/ros2_controllers/joint_state_broadcaster/src/joint_state_broadcaster_parameters.yaml `[0m
[ 15%] [34m[1mCreating deprecated header file /home/ros/ros2_ws/build/joint_state_broadcaster/include/joint_state_broadcaster_parameters.hpp[0m
[ 15%] Built target joint_state_broadcaster_parameters
[ 23%] [32mBuilding CXX object gmock/CMakeFiles/gmock_main.dir/src/gmock_main.cc.o[0m
[ 30%] [32m[1mLinking CXX static library libgmock_main.a[0m
[ 30%] Built target gmock_main
[ 38%] [32mBuilding CXX object gmock/CMakeFiles/gmock.dir/opt/ros/jazzy/src/gtest_vendor/src/gtest-all.cc.o[0m
[ 46%] [32mBuilding CXX object gmock/CMakeFiles/gmock.dir/src/gmock-all.cc.o[0m
[ 53%] [32m[1mLinking CXX static library libgmock.a[0m
[ 53%] Built target gmock
[ 61%] [32mBuilding CXX object CMakeFiles/joint_state_broadcaster.dir/src/joint_state_broadcaster.cpp.o[0m
[01m[K/home/ros/ros2_ws/src/ros-controls/ros2_controllers/joint_state_broadcaster/src/joint_state_broadcaster.cpp:[m[K In member function ‘[01m[Kvirtual controller_interface::return_type joint_state_broadcaster::JointStateBroadcaster::[01;32m[Kupdate[m[K(const rclcpp::Time&, const rclcpp::Duration&)[m[K’:
[01m[K/home/ros/ros2_ws/src/ros-controls/ros2_controllers/joint_state_broadcaster/src/joint_state_broadcaster.cpp:348:32:[m[K [01;35m[Kwarning: [m[K‘[01m[Kdouble hardware_interface::LoanedStateInterface::[01;32m[Kget_value[m[K() const[m[K’ is deprecated: Use std::optional<T> get_optional() instead to retrieve the value. This method will be removed by the ROS 2 Kilted Kaiju release. [[01;35m[K]8;;https://gcc.gnu.org/onlinedocs/gcc/Warning-Options.html#index-Wdeprecated-declarations-Wdeprecated-declarations]8;;[m[K]
  348 |       [01;35m[Kstate_interface.get_value()[m[K;
      |       [01;35m[K~~~~~~~~~~~~~~~~~~~~~~~~~^~[m[K
In file included from [01m[K/home/ros/ros2_ws/install/controller_interface/include/controller_interface/controller_interface/controller_interface_base.hpp:28[m[K,
                 from [01m[K/home/ros/ros2_ws/install/controller_interface/include/controller_interface/controller_interface/controller_interface.hpp:21[m[K,
                 from [01m[K/home/ros/ros2_ws/src/ros-controls/ros2_controllers/joint_state_broadcaster/include/joint_state_broadcaster/joint_state_broadcaster.hpp:24[m[K,
                 from [01m[K/home/ros/ros2_ws/src/ros-controls/ros2_controllers/joint_state_broadcaster/src/joint_state_broadcaster.cpp:15[m[K:
[01m[K/home/ros/ros2_ws/install/hardware_interface/include/hardware_interface/hardware_interface/loaned_state_interface.hpp:94:10:[m[K [01;36m[Knote: [m[Kdeclared here
   94 |   double [01;36m[Kget_value[m[K() const
      |          [01;36m[K^~~~~~~~~[m[K
In file included from [01m[K/opt/ros/jazzy/include/rclcpp/rclcpp/logging.hpp:24[m[K,
                 from [01m[K/home/ros/ros2_ws/install/realtime_tools/include/realtime_tools/realtime_tools/async_function_handler.hpp:33[m[K,
                 from [01m[K/home/ros/ros2_ws/install/controller_interface/include/controller_interface/controller_interface/controller_interface_base.hpp:23[m[K:
[01m[K/home/ros/ros2_ws/src/ros-controls/ros2_controllers/joint_state_broadcaster/src/joint_state_broadcaster.cpp:351:32:[m[K [01;35m[Kwarning: [m[K‘[01m[Kdouble hardware_interface::LoanedStateInterface::[01;32m[Kget_value[m[K() const[m[K’ is deprecated: Use std::optional<T> get_optional() instead to retrieve the value. This method will be removed by the ROS 2 Kilted Kaiju release. [[01;35m[K]8;;https://gcc.gnu.org/onlinedocs/gcc/Warning-Options.html#index-Wdeprecated-declarations-Wdeprecated-declarations]8;;[m[K]
  351 |       [01;35m[Kstate_interface.get_value()[m[K);
      |       [01;35m[K~~~~~~~~~~~~~~~~~~~~~~~~~^~[m[K
[01m[K/home/ros/ros2_ws/install/hardware_interface/include/hardware_interface/hardware_interface/loaned_state_interface.hpp:94:10:[m[K [01;36m[Knote: [m[Kdeclared here
   94 |   double [01;36m[Kget_value[m[K() const
      |          [01;36m[K^~~~~~~~~[m[K
[ 69%] [32m[1mLinking CXX shared library libjoint_state_broadcaster.so[0m
[ 69%] Built target joint_state_broadcaster
[ 76%] [32mBuilding CXX object CMakeFiles/test_load_joint_state_broadcaster.dir/test/test_load_joint_state_broadcaster.cpp.o[0m
[ 84%] [32m[1mLinking CXX executable test_load_joint_state_broadcaster[0m
[ 84%] Built target test_load_joint_state_broadcaster
[ 92%] [32mBuilding CXX object CMakeFiles/test_joint_state_broadcaster.dir/test/test_joint_state_broadcaster.cpp.o[0m
[100%] [32m[1mLinking CXX executable test_joint_state_broadcaster[0m
[100%] Built target test_joint_state_broadcaster
-- Install configuration: ""
-- Execute custom install script
-- Symlinking: /home/ros/ros2_ws/install/joint_state_broadcaster/include/joint_state_broadcaster/joint_state_broadcaster_parameters.hpp
-- Symlinking: /home/ros/ros2_ws/install/joint_state_broadcaster/share/joint_state_broadcaster//joint_state_plugin.xml
-- Symlinking: /home/ros/ros2_ws/install/joint_state_broadcaster/include/joint_state_broadcaster/joint_state_broadcaster/joint_state_broadcaster.hpp
-- Symlinking: /home/ros/ros2_ws/install/joint_state_broadcaster/share/joint_state_broadcaster/environment/library_path.sh
-- Symlinking: /home/ros/ros2_ws/install/joint_state_broadcaster/share/joint_state_broadcaster/environment/library_path.dsv
-- Symlinking: /home/ros/ros2_ws/install/joint_state_broadcaster/share/ament_index/resource_index/package_run_dependencies/joint_state_broadcaster
-- Symlinking: /home/ros/ros2_ws/install/joint_state_broadcaster/share/ament_index/resource_index/parent_prefix_path/joint_state_broadcaster
-- Symlinking: /home/ros/ros2_ws/install/joint_state_broadcaster/share/joint_state_broadcaster/environment/ament_prefix_path.sh
-- Symlinking: /home/ros/ros2_ws/install/joint_state_broadcaster/share/joint_state_broadcaster/environment/ament_prefix_path.dsv
-- Symlinking: /home/ros/ros2_ws/install/joint_state_broadcaster/share/joint_state_broadcaster/environment/path.sh
-- Symlinking: /home/ros/ros2_ws/install/joint_state_broadcaster/share/joint_state_broadcaster/environment/path.dsv
-- Symlinking: /home/ros/ros2_ws/install/joint_state_broadcaster/share/joint_state_broadcaster/local_setup.bash
-- Symlinking: /home/ros/ros2_ws/install/joint_state_broadcaster/share/joint_state_broadcaster/local_setup.sh
-- Symlinking: /home/ros/ros2_ws/install/joint_state_broadcaster/share/joint_state_broadcaster/local_setup.zsh
-- Symlinking: /home/ros/ros2_ws/install/joint_state_broadcaster/share/joint_state_broadcaster/local_setup.dsv
-- Symlinking: /home/ros/ros2_ws/install/joint_state_broadcaster/share/joint_state_broadcaster/package.dsv
-- Symlinking: /home/ros/ros2_ws/install/joint_state_broadcaster/share/ament_index/resource_index/packages/joint_state_broadcaster
-- Symlinking: /home/ros/ros2_ws/install/joint_state_broadcaster/share/ament_index/resource_index/controller_interface__pluginlib__plugin/joint_state_broadcaster
-- Symlinking: /home/ros/ros2_ws/install/joint_state_broadcaster/share/joint_state_broadcaster/cmake/ament_cmake_export_dependencies-extras.cmake
-- Symlinking: /home/ros/ros2_ws/install/joint_state_broadcaster/share/joint_state_broadcaster/cmake/ament_cmake_export_targets-extras.cmake
-- Symlinking: /home/ros/ros2_ws/install/joint_state_broadcaster/share/joint_state_broadcaster/cmake/joint_state_broadcasterConfig.cmake
-- Symlinking: /home/ros/ros2_ws/install/joint_state_broadcaster/share/joint_state_broadcaster/cmake/joint_state_broadcasterConfig-version.cmake
-- Symlinking: /home/ros/ros2_ws/install/joint_state_broadcaster/share/joint_state_broadcaster/package.xml
-- Installing: /home/ros/ros2_ws/install/joint_state_broadcaster/lib/libjoint_state_broadcaster.so
-- Set non-toolchain portion of runtime path of "/home/ros/ros2_ws/install/joint_state_broadcaster/lib/libjoint_state_broadcaster.so" to ""
-- Installing: /home/ros/ros2_ws/install/joint_state_broadcaster/share/joint_state_broadcaster/cmake/export_joint_state_broadcasterExport.cmake
-- Installing: /home/ros/ros2_ws/install/joint_state_broadcaster/share/joint_state_broadcaster/cmake/export_joint_state_broadcasterExport-noconfig.cmake
