[0.454s] Invoking command in '/home/ros/ros2_ws/build/joint_state_broadcaster': AMENT_PREFIX_PATH=/home/ros/ros2_ws/install/controller_manager:/home/ros/ros2_ws/install/hardware_interface_testing:/home/ros/ros2_ws/install/controller_interface:/home/ros/ros2_ws/install/hardware_interface:/home/ros/ros2_ws/install/joint_limits:/home/ros/ros2_ws/install/realtime_tools:/home/ros/ros2_ws/install/ros2_control_test_assets:/home/ros/ros2_ws/install/ros2_control_cmake:/home/ros/ros2_ws/install/controller_manager_msgs:/home/ros/ros2_ws/install/control_msgs:${AMENT_PREFIX_PATH} CMAKE_PREFIX_PATH=/home/ros/ros2_ws/install/controller_manager:/home/ros/ros2_ws/install/hardware_interface_testing:/home/ros/ros2_ws/install/controller_interface:/home/ros/ros2_ws/install/hardware_interface:/home/ros/ros2_ws/install/joint_limits:/home/ros/ros2_ws/install/realtime_tools:/home/ros/ros2_ws/install/ros2_control_test_assets:/home/ros/ros2_ws/install/ros2_control_cmake:/home/ros/ros2_ws/install/controller_manager_msgs:/home/ros/ros2_ws/install/control_msgs:/home/ros/ros2_ws/install/gz_ros2_control_tests:/home/ros/ros2_ws/install/gz_ros2_control_demos:/home/ros/ros2_ws/install/gz_ros2_control:/opt/ros/jazzy/opt/gz_sim_vendor:/opt/ros/jazzy/opt/gz_sensors_vendor:/opt/ros/jazzy/opt/gz_physics_vendor:/opt/ros/jazzy/opt/sdformat_vendor:/opt/ros/jazzy/opt/gz_gui_vendor:/opt/ros/jazzy/opt/gz_transport_vendor:/opt/ros/jazzy/opt/gz_rendering_vendor:/opt/ros/jazzy/opt/gz_plugin_vendor:/opt/ros/jazzy/opt/gz_fuel_tools_vendor:/opt/ros/jazzy/opt/gz_msgs_vendor:/opt/ros/jazzy/opt/gz_common_vendor:/opt/ros/jazzy/opt/gz_math_vendor:/opt/ros/jazzy/opt/gz_utils_vendor:/opt/ros/jazzy/opt/gz_tools_vendor:/opt/ros/jazzy/opt/gz_ogre_next_vendor:/opt/ros/jazzy/opt/gz_dartsim_vendor:/opt/ros/jazzy/opt/gz_cmake_vendor:/home/ros/ros2_ws/install/warehouse_sim:/home/ros/ros2_ws/install/color_detection:/opt/ros/jazzy DEBUGINFOD_URLS=https://debuginfod.ubuntu.com LD_LIBRARY_PATH=/home/ros/ros2_ws/install/controller_manager/lib:/home/ros/ros2_ws/install/hardware_interface_testing/lib:/home/ros/ros2_ws/install/controller_interface/lib:/home/ros/ros2_ws/install/hardware_interface/lib:/home/ros/ros2_ws/install/joint_limits/lib:/home/ros/ros2_ws/install/realtime_tools/lib:/home/ros/ros2_ws/install/ros2_control_test_assets/lib:/home/ros/ros2_ws/install/controller_manager_msgs/lib:/home/ros/ros2_ws/install/control_msgs/lib:${LD_LIBRARY_PATH} PYTHONPATH=/home/ros/ros2_ws/install/controller_manager/lib/python3.12/site-packages:/home/ros/ros2_ws/install/controller_manager_msgs/lib/python3.12/site-packages:/home/ros/ros2_ws/install/control_msgs/lib/python3.12/site-packages:${PYTHONPATH} /usr/bin/cmake /home/ros/ros2_ws/src/ros-controls/ros2_controllers/joint_state_broadcaster -DAMENT_CMAKE_SYMLINK_INSTALL=1 -DCMAKE_INSTALL_PREFIX=/home/ros/ros2_ws/install/joint_state_broadcaster
[0.850s] -- The C compiler identification is GNU 13.3.0
[1.189s] -- The CXX compiler identification is GNU 13.3.0
[1.247s] -- Detecting C compiler ABI info
[1.571s] -- Detecting C compiler ABI info - done
[1.578s] -- Check for working C compiler: /usr/bin/cc - skipped
[1.581s] -- Detecting C compile features
[1.585s] -- Detecting C compile features - done
[1.606s] -- Detecting CXX compiler ABI info
[2.076s] -- Detecting CXX compiler ABI info - done
[2.092s] -- Check for working CXX compiler: /usr/bin/c++ - skipped
[2.095s] -- Detecting CXX compile features
[2.095s] -- Detecting CXX compile features - done
[2.103s] -- Found ros2_control_cmake: 0.1.1 (/home/ros/ros2_ws/install/ros2_control_cmake/share/ros2_control_cmake/cmake)
[2.108s] -- Compiler warnings enabled for GNU
[2.111s] -- Detected GCC Version: 13.3.0 (Major: 13, Minor: 3)
[2.142s] -- Found ament_cmake: 2.5.3 (/opt/ros/jazzy/share/ament_cmake/cmake)
[2.443s] -- Found Python3: /usr/bin/python3 (found version "3.12.3") found components: Interpreter 
[2.639s] -- Override CMake install command with custom implementation using symlinks instead of copying resources
[2.847s] -- Found builtin_interfaces: 2.0.2 (/opt/ros/jazzy/share/builtin_interfaces/cmake)
[3.150s] -- Found rosidl_generator_c: 4.6.5 (/opt/ros/jazzy/share/rosidl_generator_c/cmake)
[3.195s] -- Found rosidl_generator_cpp: 4.6.5 (/opt/ros/jazzy/share/rosidl_generator_cpp/cmake)
[3.287s] -- Using all available rosidl_typesupport_c: rosidl_typesupport_fastrtps_c;rosidl_typesupport_introspection_c
[3.355s] -- Using all available rosidl_typesupport_cpp: rosidl_typesupport_fastrtps_cpp;rosidl_typesupport_introspection_cpp
[3.411s] -- Found control_msgs: 5.4.0 (/home/ros/ros2_ws/install/control_msgs/share/control_msgs/cmake)
[3.986s] -- Found controller_interface: 4.27.0 (/home/ros/ros2_ws/install/controller_interface/share/controller_interface/cmake)
[4.226s] -- Found TinyXML2 via Config file: /usr/lib/x86_64-linux-gnu/cmake/tinyxml2
[4.382s] -- Found rmw_implementation_cmake: 7.3.1 (/opt/ros/jazzy/share/rmw_implementation_cmake/cmake)
[4.397s] -- Found rmw_fastrtps_cpp: 8.4.1 (/opt/ros/jazzy/share/rmw_fastrtps_cpp/cmake)
[4.480s] -- Found TinyXML2 via Config file: /usr/lib/x86_64-linux-gnu/cmake/tinyxml2
[4.619s] -- Found OpenSSL: /usr/lib/x86_64-linux-gnu/libcrypto.so (found version "3.0.13")  
[4.623s] -- Found TinyXML2 via Config file: /usr/lib/x86_64-linux-gnu/cmake/tinyxml2
[4.658s] -- Found FastRTPS: /opt/ros/jazzy/include (Required is at least version "2.13") 
[4.673s] -- Found TinyXML2 via Config file: /usr/lib/x86_64-linux-gnu/cmake/tinyxml2
[4.674s] -- Found TinyXML2 via Config file: /usr/lib/x86_64-linux-gnu/cmake/tinyxml2
[4.694s] -- Using RMW implementation 'rmw_fastrtps_cpp' as default
[5.536s] -- Found generate_parameter_library: 0.4.0 (/opt/ros/jazzy/share/generate_parameter_library/cmake)
[5.558s] -- Found parameter_traits: 0.4.0 (/opt/ros/jazzy/share/parameter_traits/cmake)
[5.634s] -- Found ament_cmake_gmock: 2.5.3 (/opt/ros/jazzy/share/ament_cmake_gmock/cmake)
[5.642s] -- Found controller_manager: 4.27.0 (/home/ros/ros2_ws/install/controller_manager/share/controller_manager/cmake)
[5.835s] -- Found ros2_control_test_assets: 4.27.0 (/home/ros/ros2_ws/install/ros2_control_test_assets/share/ros2_control_test_assets/cmake)
[5.846s] -- Found gmock sources under '/opt/ros/jazzy/src/gmock_vendor': C++ tests using 'Google Mock' will be built
[5.864s] -- Found ament_cmake_gtest: 2.5.3 (/opt/ros/jazzy/share/ament_cmake_gtest/cmake)
[5.871s] -- Found gtest sources under '/opt/ros/jazzy/src/gtest_vendor': C++ tests using 'Google Test' will be built
[6.151s] -- Configuring done (5.7s)
[6.275s] -- Generating done (0.1s)
[6.316s] -- Build files have been written to: /home/ros/ros2_ws/build/joint_state_broadcaster
[6.346s] Invoked command in '/home/ros/ros2_ws/build/joint_state_broadcaster' returned '0': AMENT_PREFIX_PATH=/home/ros/ros2_ws/install/controller_manager:/home/ros/ros2_ws/install/hardware_interface_testing:/home/ros/ros2_ws/install/controller_interface:/home/ros/ros2_ws/install/hardware_interface:/home/ros/ros2_ws/install/joint_limits:/home/ros/ros2_ws/install/realtime_tools:/home/ros/ros2_ws/install/ros2_control_test_assets:/home/ros/ros2_ws/install/ros2_control_cmake:/home/ros/ros2_ws/install/controller_manager_msgs:/home/ros/ros2_ws/install/control_msgs:${AMENT_PREFIX_PATH} CMAKE_PREFIX_PATH=/home/ros/ros2_ws/install/controller_manager:/home/ros/ros2_ws/install/hardware_interface_testing:/home/ros/ros2_ws/install/controller_interface:/home/ros/ros2_ws/install/hardware_interface:/home/ros/ros2_ws/install/joint_limits:/home/ros/ros2_ws/install/realtime_tools:/home/ros/ros2_ws/install/ros2_control_test_assets:/home/ros/ros2_ws/install/ros2_control_cmake:/home/ros/ros2_ws/install/controller_manager_msgs:/home/ros/ros2_ws/install/control_msgs:/home/ros/ros2_ws/install/gz_ros2_control_tests:/home/ros/ros2_ws/install/gz_ros2_control_demos:/home/ros/ros2_ws/install/gz_ros2_control:/opt/ros/jazzy/opt/gz_sim_vendor:/opt/ros/jazzy/opt/gz_sensors_vendor:/opt/ros/jazzy/opt/gz_physics_vendor:/opt/ros/jazzy/opt/sdformat_vendor:/opt/ros/jazzy/opt/gz_gui_vendor:/opt/ros/jazzy/opt/gz_transport_vendor:/opt/ros/jazzy/opt/gz_rendering_vendor:/opt/ros/jazzy/opt/gz_plugin_vendor:/opt/ros/jazzy/opt/gz_fuel_tools_vendor:/opt/ros/jazzy/opt/gz_msgs_vendor:/opt/ros/jazzy/opt/gz_common_vendor:/opt/ros/jazzy/opt/gz_math_vendor:/opt/ros/jazzy/opt/gz_utils_vendor:/opt/ros/jazzy/opt/gz_tools_vendor:/opt/ros/jazzy/opt/gz_ogre_next_vendor:/opt/ros/jazzy/opt/gz_dartsim_vendor:/opt/ros/jazzy/opt/gz_cmake_vendor:/home/ros/ros2_ws/install/warehouse_sim:/home/ros/ros2_ws/install/color_detection:/opt/ros/jazzy DEBUGINFOD_URLS=https://debuginfod.ubuntu.com LD_LIBRARY_PATH=/home/ros/ros2_ws/install/controller_manager/lib:/home/ros/ros2_ws/install/hardware_interface_testing/lib:/home/ros/ros2_ws/install/controller_interface/lib:/home/ros/ros2_ws/install/hardware_interface/lib:/home/ros/ros2_ws/install/joint_limits/lib:/home/ros/ros2_ws/install/realtime_tools/lib:/home/ros/ros2_ws/install/ros2_control_test_assets/lib:/home/ros/ros2_ws/install/controller_manager_msgs/lib:/home/ros/ros2_ws/install/control_msgs/lib:${LD_LIBRARY_PATH} PYTHONPATH=/home/ros/ros2_ws/install/controller_manager/lib/python3.12/site-packages:/home/ros/ros2_ws/install/controller_manager_msgs/lib/python3.12/site-packages:/home/ros/ros2_ws/install/control_msgs/lib/python3.12/site-packages:${PYTHONPATH} /usr/bin/cmake /home/ros/ros2_ws/src/ros-controls/ros2_controllers/joint_state_broadcaster -DAMENT_CMAKE_SYMLINK_INSTALL=1 -DCMAKE_INSTALL_PREFIX=/home/ros/ros2_ws/install/joint_state_broadcaster
[6.346s] Invoking command in '/home/ros/ros2_ws/build/joint_state_broadcaster': AMENT_PREFIX_PATH=/home/ros/ros2_ws/install/controller_manager:/home/ros/ros2_ws/install/hardware_interface_testing:/home/ros/ros2_ws/install/controller_interface:/home/ros/ros2_ws/install/hardware_interface:/home/ros/ros2_ws/install/joint_limits:/home/ros/ros2_ws/install/realtime_tools:/home/ros/ros2_ws/install/ros2_control_test_assets:/home/ros/ros2_ws/install/ros2_control_cmake:/home/ros/ros2_ws/install/controller_manager_msgs:/home/ros/ros2_ws/install/control_msgs:${AMENT_PREFIX_PATH} CMAKE_PREFIX_PATH=/home/ros/ros2_ws/install/controller_manager:/home/ros/ros2_ws/install/hardware_interface_testing:/home/ros/ros2_ws/install/controller_interface:/home/ros/ros2_ws/install/hardware_interface:/home/ros/ros2_ws/install/joint_limits:/home/ros/ros2_ws/install/realtime_tools:/home/ros/ros2_ws/install/ros2_control_test_assets:/home/ros/ros2_ws/install/ros2_control_cmake:/home/ros/ros2_ws/install/controller_manager_msgs:/home/ros/ros2_ws/install/control_msgs:/home/ros/ros2_ws/install/gz_ros2_control_tests:/home/ros/ros2_ws/install/gz_ros2_control_demos:/home/ros/ros2_ws/install/gz_ros2_control:/opt/ros/jazzy/opt/gz_sim_vendor:/opt/ros/jazzy/opt/gz_sensors_vendor:/opt/ros/jazzy/opt/gz_physics_vendor:/opt/ros/jazzy/opt/sdformat_vendor:/opt/ros/jazzy/opt/gz_gui_vendor:/opt/ros/jazzy/opt/gz_transport_vendor:/opt/ros/jazzy/opt/gz_rendering_vendor:/opt/ros/jazzy/opt/gz_plugin_vendor:/opt/ros/jazzy/opt/gz_fuel_tools_vendor:/opt/ros/jazzy/opt/gz_msgs_vendor:/opt/ros/jazzy/opt/gz_common_vendor:/opt/ros/jazzy/opt/gz_math_vendor:/opt/ros/jazzy/opt/gz_utils_vendor:/opt/ros/jazzy/opt/gz_tools_vendor:/opt/ros/jazzy/opt/gz_ogre_next_vendor:/opt/ros/jazzy/opt/gz_dartsim_vendor:/opt/ros/jazzy/opt/gz_cmake_vendor:/home/ros/ros2_ws/install/warehouse_sim:/home/ros/ros2_ws/install/color_detection:/opt/ros/jazzy DEBUGINFOD_URLS=https://debuginfod.ubuntu.com LD_LIBRARY_PATH=/home/ros/ros2_ws/install/controller_manager/lib:/home/ros/ros2_ws/install/hardware_interface_testing/lib:/home/ros/ros2_ws/install/controller_interface/lib:/home/ros/ros2_ws/install/hardware_interface/lib:/home/ros/ros2_ws/install/joint_limits/lib:/home/ros/ros2_ws/install/realtime_tools/lib:/home/ros/ros2_ws/install/ros2_control_test_assets/lib:/home/ros/ros2_ws/install/controller_manager_msgs/lib:/home/ros/ros2_ws/install/control_msgs/lib:${LD_LIBRARY_PATH} PYTHONPATH=/home/ros/ros2_ws/install/controller_manager/lib/python3.12/site-packages:/home/ros/ros2_ws/install/controller_manager_msgs/lib/python3.12/site-packages:/home/ros/ros2_ws/install/control_msgs/lib/python3.12/site-packages:${PYTHONPATH} /usr/bin/cmake --build /home/ros/ros2_ws/build/joint_state_broadcaster -- -j2 -l2
[6.458s] [  7%] [34m[1mRunning `/opt/ros/jazzy/bin/generate_parameter_library_cpp /home/ros/ros2_ws/build/joint_state_broadcaster/include/joint_state_broadcaster/joint_state_broadcaster_parameters.hpp /home/ros/ros2_ws/src/ros-controls/ros2_controllers/joint_state_broadcaster/src/joint_state_broadcaster_parameters.yaml `[0m
[7.639s] [ 15%] [34m[1mCreating deprecated header file /home/ros/ros2_ws/build/joint_state_broadcaster/include/joint_state_broadcaster_parameters.hpp[0m
[7.715s] [ 15%] Built target joint_state_broadcaster_parameters
[7.780s] [ 23%] [32mBuilding CXX object gmock/CMakeFiles/gmock_main.dir/src/gmock_main.cc.o[0m
[9.114s] [ 30%] [32m[1mLinking CXX static library libgmock_main.a[0m
[9.218s] [ 30%] Built target gmock_main
[9.243s] [ 38%] [32mBuilding CXX object gmock/CMakeFiles/gmock.dir/opt/ros/jazzy/src/gtest_vendor/src/gtest-all.cc.o[0m
[14.511s] [ 46%] [32mBuilding CXX object gmock/CMakeFiles/gmock.dir/src/gmock-all.cc.o[0m
[16.747s] [ 53%] [32m[1mLinking CXX static library libgmock.a[0m
[16.889s] [ 53%] Built target gmock
[16.968s] [ 61%] [32mBuilding CXX object CMakeFiles/joint_state_broadcaster.dir/src/joint_state_broadcaster.cpp.o[0m
[21.062s] [01m[K/home/ros/ros2_ws/src/ros-controls/ros2_controllers/joint_state_broadcaster/src/joint_state_broadcaster.cpp:[m[K In member function ‘[01m[Kvirtual controller_interface::return_type joint_state_broadcaster::JointStateBroadcaster::[01;32m[Kupdate[m[K(const rclcpp::Time&, const rclcpp::Duration&)[m[K’:
[21.063s] [01m[K/home/ros/ros2_ws/src/ros-controls/ros2_controllers/joint_state_broadcaster/src/joint_state_broadcaster.cpp:348:32:[m[K [01;35m[Kwarning: [m[K‘[01m[Kdouble hardware_interface::LoanedStateInterface::[01;32m[Kget_value[m[K() const[m[K’ is deprecated: Use std::optional<T> get_optional() instead to retrieve the value. This method will be removed by the ROS 2 Kilted Kaiju release. [[01;35m[K]8;;https://gcc.gnu.org/onlinedocs/gcc/Warning-Options.html#index-Wdeprecated-declarations-Wdeprecated-declarations]8;;[m[K]
[21.066s]   348 |       [01;35m[Kstate_interface.get_value()[m[K;
[21.066s]       |       [01;35m[K~~~~~~~~~~~~~~~~~~~~~~~~~^~[m[K
[21.066s] In file included from [01m[K/home/ros/ros2_ws/install/controller_interface/include/controller_interface/controller_interface/controller_interface_base.hpp:28[m[K,
[21.066s]                  from [01m[K/home/ros/ros2_ws/install/controller_interface/include/controller_interface/controller_interface/controller_interface.hpp:21[m[K,
[21.066s]                  from [01m[K/home/ros/ros2_ws/src/ros-controls/ros2_controllers/joint_state_broadcaster/include/joint_state_broadcaster/joint_state_broadcaster.hpp:24[m[K,
[21.066s]                  from [01m[K/home/ros/ros2_ws/src/ros-controls/ros2_controllers/joint_state_broadcaster/src/joint_state_broadcaster.cpp:15[m[K:
[21.067s] [01m[K/home/ros/ros2_ws/install/hardware_interface/include/hardware_interface/hardware_interface/loaned_state_interface.hpp:94:10:[m[K [01;36m[Knote: [m[Kdeclared here
[21.067s]    94 |   double [01;36m[Kget_value[m[K() const
[21.067s]       |          [01;36m[K^~~~~~~~~[m[K
[21.067s] In file included from [01m[K/opt/ros/jazzy/include/rclcpp/rclcpp/logging.hpp:24[m[K,
[21.067s]                  from [01m[K/home/ros/ros2_ws/install/realtime_tools/include/realtime_tools/realtime_tools/async_function_handler.hpp:33[m[K,
[21.073s]                  from [01m[K/home/ros/ros2_ws/install/controller_interface/include/controller_interface/controller_interface/controller_interface_base.hpp:23[m[K:
[21.074s] [01m[K/home/ros/ros2_ws/src/ros-controls/ros2_controllers/joint_state_broadcaster/src/joint_state_broadcaster.cpp:351:32:[m[K [01;35m[Kwarning: [m[K‘[01m[Kdouble hardware_interface::LoanedStateInterface::[01;32m[Kget_value[m[K() const[m[K’ is deprecated: Use std::optional<T> get_optional() instead to retrieve the value. This method will be removed by the ROS 2 Kilted Kaiju release. [[01;35m[K]8;;https://gcc.gnu.org/onlinedocs/gcc/Warning-Options.html#index-Wdeprecated-declarations-Wdeprecated-declarations]8;;[m[K]
[21.074s]   351 |       [01;35m[Kstate_interface.get_value()[m[K);
[21.074s]       |       [01;35m[K~~~~~~~~~~~~~~~~~~~~~~~~~^~[m[K
[21.074s] [01m[K/home/ros/ros2_ws/install/hardware_interface/include/hardware_interface/hardware_interface/loaned_state_interface.hpp:94:10:[m[K [01;36m[Knote: [m[Kdeclared here
[21.074s]    94 |   double [01;36m[Kget_value[m[K() const
[21.074s]       |          [01;36m[K^~~~~~~~~[m[K
[26.251s] [ 69%] [32m[1mLinking CXX shared library libjoint_state_broadcaster.so[0m
[26.743s] [ 69%] Built target joint_state_broadcaster
[26.783s] [ 76%] [32mBuilding CXX object CMakeFiles/test_load_joint_state_broadcaster.dir/test/test_load_joint_state_broadcaster.cpp.o[0m
[33.031s] [ 84%] [32m[1mLinking CXX executable test_load_joint_state_broadcaster[0m
[34.131s] [ 84%] Built target test_load_joint_state_broadcaster
[34.206s] [ 92%] [32mBuilding CXX object CMakeFiles/test_joint_state_broadcaster.dir/test/test_joint_state_broadcaster.cpp.o[0m
[47.664s] [100%] [32m[1mLinking CXX executable test_joint_state_broadcaster[0m
[48.367s] [100%] Built target test_joint_state_broadcaster
[48.432s] Invoked command in '/home/ros/ros2_ws/build/joint_state_broadcaster' returned '0': AMENT_PREFIX_PATH=/home/ros/ros2_ws/install/controller_manager:/home/ros/ros2_ws/install/hardware_interface_testing:/home/ros/ros2_ws/install/controller_interface:/home/ros/ros2_ws/install/hardware_interface:/home/ros/ros2_ws/install/joint_limits:/home/ros/ros2_ws/install/realtime_tools:/home/ros/ros2_ws/install/ros2_control_test_assets:/home/ros/ros2_ws/install/ros2_control_cmake:/home/ros/ros2_ws/install/controller_manager_msgs:/home/ros/ros2_ws/install/control_msgs:${AMENT_PREFIX_PATH} CMAKE_PREFIX_PATH=/home/ros/ros2_ws/install/controller_manager:/home/ros/ros2_ws/install/hardware_interface_testing:/home/ros/ros2_ws/install/controller_interface:/home/ros/ros2_ws/install/hardware_interface:/home/ros/ros2_ws/install/joint_limits:/home/ros/ros2_ws/install/realtime_tools:/home/ros/ros2_ws/install/ros2_control_test_assets:/home/ros/ros2_ws/install/ros2_control_cmake:/home/ros/ros2_ws/install/controller_manager_msgs:/home/ros/ros2_ws/install/control_msgs:/home/ros/ros2_ws/install/gz_ros2_control_tests:/home/ros/ros2_ws/install/gz_ros2_control_demos:/home/ros/ros2_ws/install/gz_ros2_control:/opt/ros/jazzy/opt/gz_sim_vendor:/opt/ros/jazzy/opt/gz_sensors_vendor:/opt/ros/jazzy/opt/gz_physics_vendor:/opt/ros/jazzy/opt/sdformat_vendor:/opt/ros/jazzy/opt/gz_gui_vendor:/opt/ros/jazzy/opt/gz_transport_vendor:/opt/ros/jazzy/opt/gz_rendering_vendor:/opt/ros/jazzy/opt/gz_plugin_vendor:/opt/ros/jazzy/opt/gz_fuel_tools_vendor:/opt/ros/jazzy/opt/gz_msgs_vendor:/opt/ros/jazzy/opt/gz_common_vendor:/opt/ros/jazzy/opt/gz_math_vendor:/opt/ros/jazzy/opt/gz_utils_vendor:/opt/ros/jazzy/opt/gz_tools_vendor:/opt/ros/jazzy/opt/gz_ogre_next_vendor:/opt/ros/jazzy/opt/gz_dartsim_vendor:/opt/ros/jazzy/opt/gz_cmake_vendor:/home/ros/ros2_ws/install/warehouse_sim:/home/ros/ros2_ws/install/color_detection:/opt/ros/jazzy DEBUGINFOD_URLS=https://debuginfod.ubuntu.com LD_LIBRARY_PATH=/home/ros/ros2_ws/install/controller_manager/lib:/home/ros/ros2_ws/install/hardware_interface_testing/lib:/home/ros/ros2_ws/install/controller_interface/lib:/home/ros/ros2_ws/install/hardware_interface/lib:/home/ros/ros2_ws/install/joint_limits/lib:/home/ros/ros2_ws/install/realtime_tools/lib:/home/ros/ros2_ws/install/ros2_control_test_assets/lib:/home/ros/ros2_ws/install/controller_manager_msgs/lib:/home/ros/ros2_ws/install/control_msgs/lib:${LD_LIBRARY_PATH} PYTHONPATH=/home/ros/ros2_ws/install/controller_manager/lib/python3.12/site-packages:/home/ros/ros2_ws/install/controller_manager_msgs/lib/python3.12/site-packages:/home/ros/ros2_ws/install/control_msgs/lib/python3.12/site-packages:${PYTHONPATH} /usr/bin/cmake --build /home/ros/ros2_ws/build/joint_state_broadcaster -- -j2 -l2
[48.441s] Invoking command in '/home/ros/ros2_ws/build/joint_state_broadcaster': AMENT_PREFIX_PATH=/home/ros/ros2_ws/install/controller_manager:/home/ros/ros2_ws/install/hardware_interface_testing:/home/ros/ros2_ws/install/controller_interface:/home/ros/ros2_ws/install/hardware_interface:/home/ros/ros2_ws/install/joint_limits:/home/ros/ros2_ws/install/realtime_tools:/home/ros/ros2_ws/install/ros2_control_test_assets:/home/ros/ros2_ws/install/ros2_control_cmake:/home/ros/ros2_ws/install/controller_manager_msgs:/home/ros/ros2_ws/install/control_msgs:${AMENT_PREFIX_PATH} CMAKE_PREFIX_PATH=/home/ros/ros2_ws/install/controller_manager:/home/ros/ros2_ws/install/hardware_interface_testing:/home/ros/ros2_ws/install/controller_interface:/home/ros/ros2_ws/install/hardware_interface:/home/ros/ros2_ws/install/joint_limits:/home/ros/ros2_ws/install/realtime_tools:/home/ros/ros2_ws/install/ros2_control_test_assets:/home/ros/ros2_ws/install/ros2_control_cmake:/home/ros/ros2_ws/install/controller_manager_msgs:/home/ros/ros2_ws/install/control_msgs:/home/ros/ros2_ws/install/gz_ros2_control_tests:/home/ros/ros2_ws/install/gz_ros2_control_demos:/home/ros/ros2_ws/install/gz_ros2_control:/opt/ros/jazzy/opt/gz_sim_vendor:/opt/ros/jazzy/opt/gz_sensors_vendor:/opt/ros/jazzy/opt/gz_physics_vendor:/opt/ros/jazzy/opt/sdformat_vendor:/opt/ros/jazzy/opt/gz_gui_vendor:/opt/ros/jazzy/opt/gz_transport_vendor:/opt/ros/jazzy/opt/gz_rendering_vendor:/opt/ros/jazzy/opt/gz_plugin_vendor:/opt/ros/jazzy/opt/gz_fuel_tools_vendor:/opt/ros/jazzy/opt/gz_msgs_vendor:/opt/ros/jazzy/opt/gz_common_vendor:/opt/ros/jazzy/opt/gz_math_vendor:/opt/ros/jazzy/opt/gz_utils_vendor:/opt/ros/jazzy/opt/gz_tools_vendor:/opt/ros/jazzy/opt/gz_ogre_next_vendor:/opt/ros/jazzy/opt/gz_dartsim_vendor:/opt/ros/jazzy/opt/gz_cmake_vendor:/home/ros/ros2_ws/install/warehouse_sim:/home/ros/ros2_ws/install/color_detection:/opt/ros/jazzy DEBUGINFOD_URLS=https://debuginfod.ubuntu.com LD_LIBRARY_PATH=/home/ros/ros2_ws/install/controller_manager/lib:/home/ros/ros2_ws/install/hardware_interface_testing/lib:/home/ros/ros2_ws/install/controller_interface/lib:/home/ros/ros2_ws/install/hardware_interface/lib:/home/ros/ros2_ws/install/joint_limits/lib:/home/ros/ros2_ws/install/realtime_tools/lib:/home/ros/ros2_ws/install/ros2_control_test_assets/lib:/home/ros/ros2_ws/install/controller_manager_msgs/lib:/home/ros/ros2_ws/install/control_msgs/lib:${LD_LIBRARY_PATH} PYTHONPATH=/home/ros/ros2_ws/install/controller_manager/lib/python3.12/site-packages:/home/ros/ros2_ws/install/controller_manager_msgs/lib/python3.12/site-packages:/home/ros/ros2_ws/install/control_msgs/lib/python3.12/site-packages:${PYTHONPATH} /usr/bin/cmake --install /home/ros/ros2_ws/build/joint_state_broadcaster
[48.490s] -- Install configuration: ""
[48.505s] -- Execute custom install script
[48.506s] -- Symlinking: /home/ros/ros2_ws/install/joint_state_broadcaster/include/joint_state_broadcaster/joint_state_broadcaster_parameters.hpp
[48.529s] -- Symlinking: /home/ros/ros2_ws/install/joint_state_broadcaster/share/joint_state_broadcaster//joint_state_plugin.xml
[48.563s] -- Symlinking: /home/ros/ros2_ws/install/joint_state_broadcaster/include/joint_state_broadcaster/joint_state_broadcaster/joint_state_broadcaster.hpp
[48.590s] -- Symlinking: /home/ros/ros2_ws/install/joint_state_broadcaster/share/joint_state_broadcaster/environment/library_path.sh
[48.614s] -- Symlinking: /home/ros/ros2_ws/install/joint_state_broadcaster/share/joint_state_broadcaster/environment/library_path.dsv
[48.659s] -- Symlinking: /home/ros/ros2_ws/install/joint_state_broadcaster/share/ament_index/resource_index/package_run_dependencies/joint_state_broadcaster
[48.766s] -- Symlinking: /home/ros/ros2_ws/install/joint_state_broadcaster/share/ament_index/resource_index/parent_prefix_path/joint_state_broadcaster
[48.802s] -- Symlinking: /home/ros/ros2_ws/install/joint_state_broadcaster/share/joint_state_broadcaster/environment/ament_prefix_path.sh
[48.842s] -- Symlinking: /home/ros/ros2_ws/install/joint_state_broadcaster/share/joint_state_broadcaster/environment/ament_prefix_path.dsv
[48.895s] -- Symlinking: /home/ros/ros2_ws/install/joint_state_broadcaster/share/joint_state_broadcaster/environment/path.sh
[48.921s] -- Symlinking: /home/ros/ros2_ws/install/joint_state_broadcaster/share/joint_state_broadcaster/environment/path.dsv
[48.942s] -- Symlinking: /home/ros/ros2_ws/install/joint_state_broadcaster/share/joint_state_broadcaster/local_setup.bash
[48.974s] -- Symlinking: /home/ros/ros2_ws/install/joint_state_broadcaster/share/joint_state_broadcaster/local_setup.sh
[48.998s] -- Symlinking: /home/ros/ros2_ws/install/joint_state_broadcaster/share/joint_state_broadcaster/local_setup.zsh
[49.459s] -- Symlinking: /home/ros/ros2_ws/install/joint_state_broadcaster/share/joint_state_broadcaster/local_setup.dsv
[49.510s] -- Symlinking: /home/ros/ros2_ws/install/joint_state_broadcaster/share/joint_state_broadcaster/package.dsv
[49.561s] -- Symlinking: /home/ros/ros2_ws/install/joint_state_broadcaster/share/ament_index/resource_index/packages/joint_state_broadcaster
[49.601s] -- Symlinking: /home/ros/ros2_ws/install/joint_state_broadcaster/share/ament_index/resource_index/controller_interface__pluginlib__plugin/joint_state_broadcaster
[49.630s] -- Symlinking: /home/ros/ros2_ws/install/joint_state_broadcaster/share/joint_state_broadcaster/cmake/ament_cmake_export_dependencies-extras.cmake
[49.687s] -- Symlinking: /home/ros/ros2_ws/install/joint_state_broadcaster/share/joint_state_broadcaster/cmake/ament_cmake_export_targets-extras.cmake
[49.717s] -- Symlinking: /home/ros/ros2_ws/install/joint_state_broadcaster/share/joint_state_broadcaster/cmake/joint_state_broadcasterConfig.cmake
[49.735s] -- Symlinking: /home/ros/ros2_ws/install/joint_state_broadcaster/share/joint_state_broadcaster/cmake/joint_state_broadcasterConfig-version.cmake
[49.748s] -- Symlinking: /home/ros/ros2_ws/install/joint_state_broadcaster/share/joint_state_broadcaster/package.xml
[49.768s] -- Installing: /home/ros/ros2_ws/install/joint_state_broadcaster/lib/libjoint_state_broadcaster.so
[49.775s] -- Set non-toolchain portion of runtime path of "/home/ros/ros2_ws/install/joint_state_broadcaster/lib/libjoint_state_broadcaster.so" to ""
[49.775s] -- Installing: /home/ros/ros2_ws/install/joint_state_broadcaster/share/joint_state_broadcaster/cmake/export_joint_state_broadcasterExport.cmake
[49.777s] -- Installing: /home/ros/ros2_ws/install/joint_state_broadcaster/share/joint_state_broadcaster/cmake/export_joint_state_broadcasterExport-noconfig.cmake
[49.797s] Invoked command in '/home/ros/ros2_ws/build/joint_state_broadcaster' returned '0': AMENT_PREFIX_PATH=/home/ros/ros2_ws/install/controller_manager:/home/ros/ros2_ws/install/hardware_interface_testing:/home/ros/ros2_ws/install/controller_interface:/home/ros/ros2_ws/install/hardware_interface:/home/ros/ros2_ws/install/joint_limits:/home/ros/ros2_ws/install/realtime_tools:/home/ros/ros2_ws/install/ros2_control_test_assets:/home/ros/ros2_ws/install/ros2_control_cmake:/home/ros/ros2_ws/install/controller_manager_msgs:/home/ros/ros2_ws/install/control_msgs:${AMENT_PREFIX_PATH} CMAKE_PREFIX_PATH=/home/ros/ros2_ws/install/controller_manager:/home/ros/ros2_ws/install/hardware_interface_testing:/home/ros/ros2_ws/install/controller_interface:/home/ros/ros2_ws/install/hardware_interface:/home/ros/ros2_ws/install/joint_limits:/home/ros/ros2_ws/install/realtime_tools:/home/ros/ros2_ws/install/ros2_control_test_assets:/home/ros/ros2_ws/install/ros2_control_cmake:/home/ros/ros2_ws/install/controller_manager_msgs:/home/ros/ros2_ws/install/control_msgs:/home/ros/ros2_ws/install/gz_ros2_control_tests:/home/ros/ros2_ws/install/gz_ros2_control_demos:/home/ros/ros2_ws/install/gz_ros2_control:/opt/ros/jazzy/opt/gz_sim_vendor:/opt/ros/jazzy/opt/gz_sensors_vendor:/opt/ros/jazzy/opt/gz_physics_vendor:/opt/ros/jazzy/opt/sdformat_vendor:/opt/ros/jazzy/opt/gz_gui_vendor:/opt/ros/jazzy/opt/gz_transport_vendor:/opt/ros/jazzy/opt/gz_rendering_vendor:/opt/ros/jazzy/opt/gz_plugin_vendor:/opt/ros/jazzy/opt/gz_fuel_tools_vendor:/opt/ros/jazzy/opt/gz_msgs_vendor:/opt/ros/jazzy/opt/gz_common_vendor:/opt/ros/jazzy/opt/gz_math_vendor:/opt/ros/jazzy/opt/gz_utils_vendor:/opt/ros/jazzy/opt/gz_tools_vendor:/opt/ros/jazzy/opt/gz_ogre_next_vendor:/opt/ros/jazzy/opt/gz_dartsim_vendor:/opt/ros/jazzy/opt/gz_cmake_vendor:/home/ros/ros2_ws/install/warehouse_sim:/home/ros/ros2_ws/install/color_detection:/opt/ros/jazzy DEBUGINFOD_URLS=https://debuginfod.ubuntu.com LD_LIBRARY_PATH=/home/ros/ros2_ws/install/controller_manager/lib:/home/ros/ros2_ws/install/hardware_interface_testing/lib:/home/ros/ros2_ws/install/controller_interface/lib:/home/ros/ros2_ws/install/hardware_interface/lib:/home/ros/ros2_ws/install/joint_limits/lib:/home/ros/ros2_ws/install/realtime_tools/lib:/home/ros/ros2_ws/install/ros2_control_test_assets/lib:/home/ros/ros2_ws/install/controller_manager_msgs/lib:/home/ros/ros2_ws/install/control_msgs/lib:${LD_LIBRARY_PATH} PYTHONPATH=/home/ros/ros2_ws/install/controller_manager/lib/python3.12/site-packages:/home/ros/ros2_ws/install/controller_manager_msgs/lib/python3.12/site-packages:/home/ros/ros2_ws/install/control_msgs/lib/python3.12/site-packages:${PYTHONPATH} /usr/bin/cmake --install /home/ros/ros2_ws/build/joint_state_broadcaster
