-- The CXX compiler identification is GNU 13.3.0
-- Detecting CXX compiler ABI info
-- Detecting CXX compiler ABI info - done
-- Check for working CXX compiler: /usr/bin/c++ - skipped
-- Detecting CXX compile features
-- Detecting CXX compile features - done
-- Found ros2_control_cmake: 0.1.1 (/home/ros/ros2_ws/install/ros2_control_cmake/share/ros2_control_cmake/cmake)
-- Compiler warnings enabled for GNU
-- Detected GCC Version: 13.3.0 (Major: 13, Minor: 3)
-- Found ament_cmake: 2.5.3 (/opt/ros/jazzy/share/ament_cmake/cmake)
-- Found Python3: /usr/bin/python3 (found version "3.12.3") found components: Interpreter 
-- Override CMake install command with custom implementation using symlinks instead of copying resources
-- Found hardware_interface: 4.27.0 (/home/ros/ros2_ws/install/hardware_interface/share/hardware_interface/cmake)
-- Found rosidl_generator_c: 4.6.5 (/opt/ros/jazzy/share/rosidl_generator_c/cmake)
-- Found rosidl_generator_cpp: 4.6.5 (/opt/ros/jazzy/share/rosidl_generator_cpp/cmake)
-- Using all available rosidl_typesupport_c: rosidl_typesupport_fastrtps_c;rosidl_typesupport_introspection_c
-- Using all available rosidl_typesupport_cpp: rosidl_typesupport_fastrtps_cpp;rosidl_typesupport_introspection_cpp
-- Found TinyXML2 via Config file: /usr/lib/x86_64-linux-gnu/cmake/tinyxml2
-- Found rmw_implementation_cmake: 7.3.1 (/opt/ros/jazzy/share/rmw_implementation_cmake/cmake)
-- Found rmw_fastrtps_cpp: 8.4.1 (/opt/ros/jazzy/share/rmw_fastrtps_cpp/cmake)
-- Found TinyXML2 via Config file: /usr/lib/x86_64-linux-gnu/cmake/tinyxml2
-- Found OpenSSL: /usr/lib/x86_64-linux-gnu/libcrypto.so (found version "3.0.13")  
-- Found TinyXML2 via Config file: /usr/lib/x86_64-linux-gnu/cmake/tinyxml2
-- Found FastRTPS: /opt/ros/jazzy/include (Required is at least version "2.13") 
-- Found TinyXML2 via Config file: /usr/lib/x86_64-linux-gnu/cmake/tinyxml2
-- Found TinyXML2 via Config file: /usr/lib/x86_64-linux-gnu/cmake/tinyxml2
-- Using RMW implementation 'rmw_fastrtps_cpp' as default
-- Found ament_cmake_gmock: 2.5.3 (/opt/ros/jazzy/share/ament_cmake_gmock/cmake)
-- Found ros2_control_test_assets: 4.27.0 (/home/ros/ros2_ws/install/ros2_control_test_assets/share/ros2_control_test_assets/cmake)
-- Found gmock sources under '/opt/ros/jazzy/src/gmock_vendor': C++ tests using 'Google Mock' will be built
-- The C compiler identification is GNU 13.3.0
-- Detecting C compiler ABI info
-- Detecting C compiler ABI info - done
-- Check for working C compiler: /usr/bin/cc - skipped
-- Detecting C compile features
-- Detecting C compile features - done
-- Found ament_cmake_gtest: 2.5.3 (/opt/ros/jazzy/share/ament_cmake_gtest/cmake)
-- Found gtest sources under '/opt/ros/jazzy/src/gtest_vendor': C++ tests using 'Google Test' will be built
-- Configuring done (3.3s)
-- Generating done (0.1s)
-- Build files have been written to: /home/ros/ros2_ws/build/transmission_interface
[  4%] [34m[1mGenerating transmission_interface/version.h[0m
[  4%] Built target ament_generate_version_header__transmission_interface
[  8%] [32mBuilding CXX object gmock/CMakeFiles/gmock_main.dir/src/gmock_main.cc.o[0m
[ 12%] [32m[1mLinking CXX static library libgmock_main.a[0m
[ 12%] Built target gmock_main
[ 16%] [32mBuilding CXX object gmock/CMakeFiles/gmock.dir/opt/ros/jazzy/src/gtest_vendor/src/gtest-all.cc.o[0m
[ 20%] [32mBuilding CXX object gmock/CMakeFiles/gmock.dir/src/gmock-all.cc.o[0m
[ 25%] [32m[1mLinking CXX static library libgmock.a[0m
[ 25%] Built target gmock
[ 29%] [32mBuilding CXX object CMakeFiles/transmission_interface.dir/src/simple_transmission_loader.cpp.o[0m
[ 33%] [32mBuilding CXX object CMakeFiles/transmission_interface.dir/src/four_bar_linkage_transmission_loader.cpp.o[0m
[ 37%] [32mBuilding CXX object CMakeFiles/transmission_interface.dir/src/differential_transmission_loader.cpp.o[0m
[ 41%] [32m[1mLinking CXX shared library libtransmission_interface.so[0m
[ 41%] Built target transmission_interface
[ 45%] [32mBuilding CXX object CMakeFiles/test_utils.dir/test/utils_test.cpp.o[0m
[ 50%] [32m[1mLinking CXX executable test_utils[0m
[ 50%] Built target test_utils
[ 54%] [32mBuilding CXX object CMakeFiles/test_simple_transmission.dir/test/simple_transmission_test.cpp.o[0m
[ 58%] [32m[1mLinking CXX executable test_simple_transmission[0m
[ 58%] Built target test_simple_transmission
[ 62%] [32mBuilding CXX object CMakeFiles/test_differential_transmission.dir/test/differential_transmission_test.cpp.o[0m
[ 66%] [32m[1mLinking CXX executable test_differential_transmission[0m
[ 66%] Built target test_differential_transmission
[ 70%] [32mBuilding CXX object CMakeFiles/test_four_bar_linkage_transmission.dir/test/four_bar_linkage_transmission_test.cpp.o[0m
[ 75%] [32m[1mLinking CXX executable test_four_bar_linkage_transmission[0m
[ 75%] Built target test_four_bar_linkage_transmission
[ 79%] [32mBuilding CXX object CMakeFiles/test_simple_transmission_loader.dir/test/simple_transmission_loader_test.cpp.o[0m
[ 83%] [32mBuilding CXX object CMakeFiles/test_four_bar_linkage_transmission_loader.dir/test/four_bar_linkage_transmission_loader_test.cpp.o[0m
[ 87%] [32m[1mLinking CXX executable test_simple_transmission_loader[0m
[ 87%] Built target test_simple_transmission_loader
[ 91%] [32m[1mLinking CXX executable test_four_bar_linkage_transmission_loader[0m
[ 91%] Built target test_four_bar_linkage_transmission_loader
[ 95%] [32mBuilding CXX object CMakeFiles/test_differential_transmission_loader.dir/test/differential_transmission_loader_test.cpp.o[0m
[100%] [32m[1mLinking CXX executable test_differential_transmission_loader[0m
[100%] Built target test_differential_transmission_loader
-- Install configuration: ""
-- Execute custom install script
-- Symlinking: /home/ros/ros2_ws/install/transmission_interface/share/transmission_interface//ros2_control_plugins.xml
-- Symlinking: /home/ros/ros2_ws/install/transmission_interface/include/transmission_interface/transmission_interface/accessor.hpp
-- Symlinking: /home/ros/ros2_ws/install/transmission_interface/include/transmission_interface/transmission_interface/differential_transmission.hpp
-- Symlinking: /home/ros/ros2_ws/install/transmission_interface/include/transmission_interface/transmission_interface/differential_transmission_loader.hpp
-- Symlinking: /home/ros/ros2_ws/install/transmission_interface/include/transmission_interface/transmission_interface/exception.hpp
-- Symlinking: /home/ros/ros2_ws/install/transmission_interface/include/transmission_interface/transmission_interface/four_bar_linkage_transmission.hpp
-- Symlinking: /home/ros/ros2_ws/install/transmission_interface/include/transmission_interface/transmission_interface/four_bar_linkage_transmission_loader.hpp
-- Symlinking: /home/ros/ros2_ws/install/transmission_interface/include/transmission_interface/transmission_interface/handle.hpp
-- Symlinking: /home/ros/ros2_ws/install/transmission_interface/include/transmission_interface/transmission_interface/simple_transmission.hpp
-- Symlinking: /home/ros/ros2_ws/install/transmission_interface/include/transmission_interface/transmission_interface/simple_transmission_loader.hpp
-- Symlinking: /home/ros/ros2_ws/install/transmission_interface/include/transmission_interface/transmission_interface/transmission.hpp
-- Symlinking: /home/ros/ros2_ws/install/transmission_interface/include/transmission_interface/transmission_interface/transmission_interface_exception.hpp
-- Symlinking: /home/ros/ros2_ws/install/transmission_interface/include/transmission_interface/transmission_interface/transmission_loader.hpp
-- Symlinking: /home/ros/ros2_ws/install/transmission_interface/share/transmission_interface/environment/library_path.sh
-- Symlinking: /home/ros/ros2_ws/install/transmission_interface/share/transmission_interface/environment/library_path.dsv
-- Symlinking: /home/ros/ros2_ws/install/transmission_interface/share/ament_index/resource_index/package_run_dependencies/transmission_interface
-- Symlinking: /home/ros/ros2_ws/install/transmission_interface/share/ament_index/resource_index/parent_prefix_path/transmission_interface
-- Symlinking: /home/ros/ros2_ws/install/transmission_interface/share/transmission_interface/environment/ament_prefix_path.sh
-- Symlinking: /home/ros/ros2_ws/install/transmission_interface/share/transmission_interface/environment/ament_prefix_path.dsv
-- Symlinking: /home/ros/ros2_ws/install/transmission_interface/share/transmission_interface/environment/path.sh
-- Symlinking: /home/ros/ros2_ws/install/transmission_interface/share/transmission_interface/environment/path.dsv
-- Symlinking: /home/ros/ros2_ws/install/transmission_interface/share/transmission_interface/local_setup.bash
-- Symlinking: /home/ros/ros2_ws/install/transmission_interface/share/transmission_interface/local_setup.sh
-- Symlinking: /home/ros/ros2_ws/install/transmission_interface/share/transmission_interface/local_setup.zsh
-- Symlinking: /home/ros/ros2_ws/install/transmission_interface/share/transmission_interface/local_setup.dsv
-- Symlinking: /home/ros/ros2_ws/install/transmission_interface/share/transmission_interface/package.dsv
-- Symlinking: /home/ros/ros2_ws/install/transmission_interface/share/ament_index/resource_index/packages/transmission_interface
-- Symlinking: /home/ros/ros2_ws/install/transmission_interface/share/ament_index/resource_index/transmission_interface__pluginlib__plugin/transmission_interface
-- Symlinking: /home/ros/ros2_ws/install/transmission_interface/share/transmission_interface/cmake/ament_cmake_export_targets-extras.cmake
-- Symlinking: /home/ros/ros2_ws/install/transmission_interface/share/transmission_interface/cmake/ament_cmake_export_dependencies-extras.cmake
-- Symlinking: /home/ros/ros2_ws/install/transmission_interface/share/transmission_interface/cmake/transmission_interfaceConfig.cmake
-- Symlinking: /home/ros/ros2_ws/install/transmission_interface/share/transmission_interface/cmake/transmission_interfaceConfig-version.cmake
-- Symlinking: /home/ros/ros2_ws/install/transmission_interface/share/transmission_interface/package.xml
-- Symlinking: /home/ros/ros2_ws/install/transmission_interface/include/transmission_interface/transmission_interface/version.h
-- Installing: /home/ros/ros2_ws/install/transmission_interface/lib/libtransmission_interface.so
-- Set non-toolchain portion of runtime path of "/home/ros/ros2_ws/install/transmission_interface/lib/libtransmission_interface.so" to ""
-- Installing: /home/ros/ros2_ws/install/transmission_interface/share/transmission_interface/cmake/export_transmission_interfaceExport.cmake
-- Installing: /home/ros/ros2_ws/install/transmission_interface/share/transmission_interface/cmake/export_transmission_interfaceExport-noconfig.cmake
