-- The CXX compiler identification is GNU 13.3.0
-- Detecting CXX compiler ABI info
-- Detecting CXX compiler ABI info - done
-- Check for working CXX compiler: /usr/bin/c++ - skipped
-- Detecting CXX compile features
-- Detecting CXX compile features - done
-- Found ros2_control_cmake: 0.1.1 (/home/ros/ros2_ws/install/ros2_control_cmake/share/ros2_control_cmake/cmake)
-- Compiler warnings enabled for GNU
-- Detected GCC Version: 13.3.0 (Major: 13, Minor: 3)
-- Found ament_cmake: 2.5.3 (/opt/ros/jazzy/share/ament_cmake/cmake)
-- Found Python3: /usr/bin/python3 (found version "3.12.3") found components: Interpreter 
-- Override CMake install command with custom implementation using symlinks instead of copying resources
-- Found pluginlib: 5.4.2 (/opt/ros/jazzy/share/pluginlib/cmake)
-- Found TinyXML2 via Config file: /usr/lib/x86_64-linux-gnu/cmake/tinyxml2
-- Found realtime_tools: 3.4.0 (/home/ros/ros2_ws/install/realtime_tools/share/realtime_tools/cmake)
-- Found rosidl_generator_c: 4.6.5 (/opt/ros/jazzy/share/rosidl_generator_c/cmake)
-- Found rosidl_generator_cpp: 4.6.5 (/opt/ros/jazzy/share/rosidl_generator_cpp/cmake)
-- Using all available rosidl_typesupport_c: rosidl_typesupport_fastrtps_c;rosidl_typesupport_introspection_c
-- Using all available rosidl_typesupport_cpp: rosidl_typesupport_fastrtps_cpp;rosidl_typesupport_introspection_cpp
-- Found rmw_implementation_cmake: 7.3.1 (/opt/ros/jazzy/share/rmw_implementation_cmake/cmake)
-- Found rmw_fastrtps_cpp: 8.4.1 (/opt/ros/jazzy/share/rmw_fastrtps_cpp/cmake)
-- Found TinyXML2 via Config file: /usr/lib/x86_64-linux-gnu/cmake/tinyxml2
-- Found OpenSSL: /usr/lib/x86_64-linux-gnu/libcrypto.so (found version "3.0.13")  
-- Found TinyXML2 via Config file: /usr/lib/x86_64-linux-gnu/cmake/tinyxml2
-- Found FastRTPS: /opt/ros/jazzy/include (Required is at least version "2.13") 
-- Found TinyXML2 via Config file: /usr/lib/x86_64-linux-gnu/cmake/tinyxml2
-- Found TinyXML2 via Config file: /usr/lib/x86_64-linux-gnu/cmake/tinyxml2
-- Using RMW implementation 'rmw_fastrtps_cpp' as default
-- Found rclcpp_lifecycle: 28.1.6 (/opt/ros/jazzy/share/rclcpp_lifecycle/cmake)
-- Found trajectory_msgs: 5.3.5 (/opt/ros/jazzy/share/trajectory_msgs/cmake)
-- Found urdf: 2.10.0 (/opt/ros/jazzy/share/urdf/cmake)
-- Found ament_cmake_gmock: 2.5.3 (/opt/ros/jazzy/share/ament_cmake_gmock/cmake)
-- Found generate_parameter_library: 0.4.0 (/opt/ros/jazzy/share/generate_parameter_library/cmake)
-- Found parameter_traits: 0.4.0 (/opt/ros/jazzy/share/parameter_traits/cmake)
-- Found launch_testing_ament_cmake: 3.4.3 (/opt/ros/jazzy/share/launch_testing_ament_cmake/cmake)
-- Found python_cmake_module: 0.11.1 (/opt/ros/jazzy/share/python_cmake_module/cmake)
-- Found PythonExtra: /usr/bin/python3  
-- Found gmock sources under '/opt/ros/jazzy/src/gmock_vendor': C++ tests using 'Google Mock' will be built
-- The C compiler identification is GNU 13.3.0
-- Detecting C compiler ABI info
-- Detecting C compiler ABI info - done
-- Check for working C compiler: /usr/bin/cc - skipped
-- Detecting C compile features
-- Detecting C compile features - done
-- Found ament_cmake_gtest: 2.5.3 (/opt/ros/jazzy/share/ament_cmake_gtest/cmake)
-- Found gtest sources under '/opt/ros/jazzy/src/gtest_vendor': C++ tests using 'Google Test' will be built
-- Configuring done (17.3s)
-- Generating done (0.1s)
-- Build files have been written to: /home/ros/ros2_ws/build/joint_limits
[  4%] [32mBuilding CXX object CMakeFiles/joint_limiter_interface.dir/src/joint_limiter_interface.cpp.o[0m
[  8%] [32m[1mLinking CXX shared library libjoint_limiter_interface.so[0m
[  8%] Built target joint_limiter_interface
[ 12%] [32mBuilding CXX object CMakeFiles/joint_limits_helpers.dir/src/joint_limits_helpers.cpp.o[0m
[ 16%] [32m[1mLinking CXX shared library libjoint_limits_helpers.so[0m
[ 16%] Built target joint_limits_helpers
[ 20%] [32mBuilding CXX object gmock/CMakeFiles/gmock_main.dir/src/gmock_main.cc.o[0m
[ 25%] [32m[1mLinking CXX static library libgmock_main.a[0m
[ 25%] Built target gmock_main
[ 29%] [34m[1mGenerating joint_limits/version.h[0m
[ 29%] Built target ament_generate_version_header__joint_limits
[ 33%] [32mBuilding CXX object gmock/CMakeFiles/gmock.dir/opt/ros/jazzy/src/gtest_vendor/src/gtest-all.cc.o[0m
[ 37%] [32mBuilding CXX object gmock/CMakeFiles/gmock.dir/src/gmock-all.cc.o[0m
[ 41%] [32m[1mLinking CXX static library libgmock.a[0m
[ 41%] Built target gmock
[ 45%] [32mBuilding CXX object CMakeFiles/joint_saturation_limiter.dir/src/joint_saturation_limiter.cpp.o[0m
[ 50%] [32mBuilding CXX object CMakeFiles/joint_saturation_limiter.dir/src/joint_range_limiter.cpp.o[0m
[ 54%] [32mBuilding CXX object CMakeFiles/joint_saturation_limiter.dir/src/joint_soft_limiter.cpp.o[0m
[ 58%] [32m[1mLinking CXX shared library libjoint_saturation_limiter.so[0m
[ 58%] Built target joint_saturation_limiter
[ 62%] [32mBuilding CXX object CMakeFiles/joint_limits_rosparam_test.dir/test/joint_limits_rosparam_test.cpp.o[0m
[ 66%] [32m[1mLinking CXX executable joint_limits_rosparam_test[0m
[ 66%] Built target joint_limits_rosparam_test
[ 70%] [32mBuilding CXX object CMakeFiles/joint_limits_urdf_test.dir/test/joint_limits_urdf_test.cpp.o[0m
[ 75%] [32m[1mLinking CXX executable joint_limits_urdf_test[0m
[ 75%] Built target joint_limits_urdf_test
[ 79%] [32mBuilding CXX object CMakeFiles/test_joint_saturation_limiter.dir/test/test_joint_saturation_limiter.cpp.o[0m
[ 83%] [32m[1mLinking CXX executable test_joint_saturation_limiter[0m
[ 83%] Built target test_joint_saturation_limiter
[ 87%] [32mBuilding CXX object CMakeFiles/test_joint_range_limiter.dir/test/test_joint_range_limiter.cpp.o[0m
[ 91%] [32m[1mLinking CXX executable test_joint_range_limiter[0m
[ 91%] Built target test_joint_range_limiter
[ 95%] [32mBuilding CXX object CMakeFiles/test_joint_soft_limiter.dir/test/test_joint_soft_limiter.cpp.o[0m
[100%] [32m[1mLinking CXX executable test_joint_soft_limiter[0m
[100%] Built target test_joint_soft_limiter
-- Install configuration: ""
-- Execute custom install script
-- Symlinking: /home/ros/ros2_ws/install/joint_limits/share/joint_limits//joint_limiters.xml
-- Symlinking: /home/ros/ros2_ws/install/joint_limits/lib/joint_limits/joint_limits_rosparam_test
-- Symlinking: /home/ros/ros2_ws/install/joint_limits/share/joint_limits/test/joint_limits_rosparam.yaml
-- Symlinking: /home/ros/ros2_ws/install/joint_limits/share/joint_limits/test/joint_saturation_limiter_param.yaml
-- Symlinking: /home/ros/ros2_ws/install/joint_limits/include/joint_limits/joint_limits/data_structures.hpp
-- Symlinking: /home/ros/ros2_ws/install/joint_limits/include/joint_limits/joint_limits/joint_limiter_interface.hpp
-- Symlinking: /home/ros/ros2_ws/install/joint_limits/include/joint_limits/joint_limits/joint_limits.hpp
-- Symlinking: /home/ros/ros2_ws/install/joint_limits/include/joint_limits/joint_limits/joint_limits_helpers.hpp
-- Symlinking: /home/ros/ros2_ws/install/joint_limits/include/joint_limits/joint_limits/joint_limits_rosparam.hpp
-- Symlinking: /home/ros/ros2_ws/install/joint_limits/include/joint_limits/joint_limits/joint_limits_urdf.hpp
-- Symlinking: /home/ros/ros2_ws/install/joint_limits/include/joint_limits/joint_limits/joint_saturation_limiter.hpp
-- Symlinking: /home/ros/ros2_ws/install/joint_limits/include/joint_limits/joint_limits/joint_soft_limiter.hpp
-- Symlinking: /home/ros/ros2_ws/install/joint_limits/share/joint_limits/environment/library_path.sh
-- Symlinking: /home/ros/ros2_ws/install/joint_limits/share/joint_limits/environment/library_path.dsv
-- Symlinking: /home/ros/ros2_ws/install/joint_limits/share/ament_index/resource_index/package_run_dependencies/joint_limits
-- Symlinking: /home/ros/ros2_ws/install/joint_limits/share/ament_index/resource_index/parent_prefix_path/joint_limits
-- Symlinking: /home/ros/ros2_ws/install/joint_limits/share/joint_limits/environment/ament_prefix_path.sh
-- Symlinking: /home/ros/ros2_ws/install/joint_limits/share/joint_limits/environment/ament_prefix_path.dsv
-- Symlinking: /home/ros/ros2_ws/install/joint_limits/share/joint_limits/environment/path.sh
-- Symlinking: /home/ros/ros2_ws/install/joint_limits/share/joint_limits/environment/path.dsv
-- Symlinking: /home/ros/ros2_ws/install/joint_limits/share/joint_limits/local_setup.bash
-- Symlinking: /home/ros/ros2_ws/install/joint_limits/share/joint_limits/local_setup.sh
-- Symlinking: /home/ros/ros2_ws/install/joint_limits/share/joint_limits/local_setup.zsh
-- Symlinking: /home/ros/ros2_ws/install/joint_limits/share/joint_limits/local_setup.dsv
-- Symlinking: /home/ros/ros2_ws/install/joint_limits/share/joint_limits/package.dsv
-- Symlinking: /home/ros/ros2_ws/install/joint_limits/share/ament_index/resource_index/packages/joint_limits
-- Symlinking: /home/ros/ros2_ws/install/joint_limits/share/ament_index/resource_index/joint_limits__pluginlib__plugin/joint_limits
-- Symlinking: /home/ros/ros2_ws/install/joint_limits/share/joint_limits/cmake/ament_cmake_export_targets-extras.cmake
-- Symlinking: /home/ros/ros2_ws/install/joint_limits/share/joint_limits/cmake/ament_cmake_export_dependencies-extras.cmake
-- Symlinking: /home/ros/ros2_ws/install/joint_limits/share/joint_limits/cmake/joint_limitsConfig.cmake
-- Symlinking: /home/ros/ros2_ws/install/joint_limits/share/joint_limits/cmake/joint_limitsConfig-version.cmake
-- Symlinking: /home/ros/ros2_ws/install/joint_limits/share/joint_limits/package.xml
-- Symlinking: /home/ros/ros2_ws/install/joint_limits/include/joint_limits/joint_limits/version.h
-- Installing: /home/ros/ros2_ws/install/joint_limits/lib/libjoint_limiter_interface.so
-- Set non-toolchain portion of runtime path of "/home/ros/ros2_ws/install/joint_limits/lib/libjoint_limiter_interface.so" to ""
-- Installing: /home/ros/ros2_ws/install/joint_limits/lib/libjoint_saturation_limiter.so
-- Set non-toolchain portion of runtime path of "/home/ros/ros2_ws/install/joint_limits/lib/libjoint_saturation_limiter.so" to ""
-- Installing: /home/ros/ros2_ws/install/joint_limits/lib/libjoint_limits_helpers.so
-- Set non-toolchain portion of runtime path of "/home/ros/ros2_ws/install/joint_limits/lib/libjoint_limits_helpers.so" to ""
-- Installing: /home/ros/ros2_ws/install/joint_limits/share/joint_limits/cmake/export_joint_limitsExport.cmake
-- Installing: /home/ros/ros2_ws/install/joint_limits/share/joint_limits/cmake/export_joint_limitsExport-noconfig.cmake
