-- The CXX compiler identification is GNU 13.3.0
-- Detecting CXX compiler ABI info
-- Detecting CXX compiler ABI info - done
-- Check for working CXX compiler: /usr/bin/c++ - skipped
-- Detecting CXX compile features
-- Detecting CXX compile features - done
-- Found ros2_control_cmake: 0.1.1 (/home/ros/ros2_ws/install/ros2_control_cmake/share/ros2_control_cmake/cmake)
-- Compiler warnings enabled for GNU
-- Detected GCC Version: 13.3.0 (Major: 13, Minor: 3)
-- Found ament_cmake: 2.5.3 (/opt/ros/jazzy/share/ament_cmake/cmake)
-- Found Python3: /usr/bin/python3 (found version "3.12.3") found components: Interpreter 
-- Override CMake install command with custom implementation using symlinks instead of copying resources
-- Found rclcpp: 28.1.6 (/opt/ros/jazzy/share/rclcpp/cmake)
-- Found rosidl_generator_c: 4.6.5 (/opt/ros/jazzy/share/rosidl_generator_c/cmake)
-- Found rosidl_generator_cpp: 4.6.5 (/opt/ros/jazzy/share/rosidl_generator_cpp/cmake)
-- Using all available rosidl_typesupport_c: rosidl_typesupport_fastrtps_c;rosidl_typesupport_introspection_c
-- Using all available rosidl_typesupport_cpp: rosidl_typesupport_fastrtps_cpp;rosidl_typesupport_introspection_cpp
-- Found rmw_implementation_cmake: 7.3.1 (/opt/ros/jazzy/share/rmw_implementation_cmake/cmake)
-- Found rmw_fastrtps_cpp: 8.4.1 (/opt/ros/jazzy/share/rmw_fastrtps_cpp/cmake)
-- Found OpenSSL: /usr/lib/x86_64-linux-gnu/libcrypto.so (found version "3.0.13")  
-- Found FastRTPS: /opt/ros/jazzy/include (Required is at least version "2.13") 
-- Using RMW implementation 'rmw_fastrtps_cpp' as default
-- Found rclcpp_action: 28.1.6 (/opt/ros/jazzy/share/rclcpp_action/cmake)
-- Performing Test CMAKE_HAVE_LIBC_PTHREAD
-- Performing Test CMAKE_HAVE_LIBC_PTHREAD - Success
-- Found Threads: TRUE  
-- Found Boost: /usr/lib/x86_64-linux-gnu/cmake/Boost-1.83.0/BoostConfig.cmake (found version "1.83.0") found components: headers 
-- Found ament_cmake_gmock: 2.5.3 (/opt/ros/jazzy/share/ament_cmake_gmock/cmake)
-- Found lifecycle_msgs: 2.0.2 (/opt/ros/jazzy/share/lifecycle_msgs/cmake)
-- Found rclcpp_lifecycle: 28.1.6 (/opt/ros/jazzy/share/rclcpp_lifecycle/cmake)
-- Found test_msgs: 2.0.2 (/opt/ros/jazzy/share/test_msgs/cmake)
-- Found gmock sources under '/opt/ros/jazzy/src/gmock_vendor': C++ tests using 'Google Mock' will be built
-- The C compiler identification is GNU 13.3.0
-- Detecting C compiler ABI info
-- Detecting C compiler ABI info - done
-- Check for working C compiler: /usr/bin/cc - skipped
-- Detecting C compile features
-- Detecting C compile features - done
-- Found ament_cmake_gtest: 2.5.3 (/opt/ros/jazzy/share/ament_cmake_gtest/cmake)
-- Found gtest sources under '/opt/ros/jazzy/src/gtest_vendor': C++ tests using 'Google Test' will be built
-- Configuring done (9.2s)
-- Generating done (0.0s)
-- Build files have been written to: /home/ros/ros2_ws/build/realtime_tools
[  3%] [32mBuilding CXX object CMakeFiles/realtime_tools.dir/src/realtime_clock.cpp.o[0m
[  7%] [32mBuilding CXX object CMakeFiles/realtime_tools.dir/src/realtime_helpers.cpp.o[0m
[ 10%] [32m[1mLinking CXX shared library librealtime_tools.so[0m
[ 10%] Built target realtime_tools
[ 14%] [32mBuilding CXX object CMakeFiles/thread_priority.dir/src/realtime_helpers.cpp.o[0m
[ 17%] [32m[1mLinking CXX shared library libthread_priority.so[0m
[ 17%] Built target thread_priority
[ 21%] [32mBuilding CXX object gmock/CMakeFiles/gmock_main.dir/src/gmock_main.cc.o[0m
[ 25%] [32m[1mLinking CXX static library libgmock_main.a[0m
[ 25%] Built target gmock_main
[ 28%] [32mBuilding CXX object gmock/CMakeFiles/gmock.dir/opt/ros/jazzy/src/gtest_vendor/src/gtest-all.cc.o[0m
[ 32%] [32mBuilding CXX object gmock/CMakeFiles/gmock.dir/src/gmock-all.cc.o[0m
[ 35%] [32m[1mLinking CXX static library libgmock.a[0m
[ 35%] Built target gmock
[ 39%] [32mBuilding CXX object CMakeFiles/thread_priority_tests.dir/test/thread_priority_tests.cpp.o[0m
[ 42%] [32m[1mLinking CXX executable thread_priority_tests[0m
[ 42%] Built target thread_priority_tests
[ 46%] [32mBuilding CXX object CMakeFiles/realtime_box_tests.dir/test/realtime_box_tests.cpp.o[0m
[ 50%] [32m[1mLinking CXX executable realtime_box_tests[0m
[ 50%] Built target realtime_box_tests
[ 53%] [32mBuilding CXX object CMakeFiles/realtime_buffer_tests.dir/test/realtime_buffer_tests.cpp.o[0m
[ 57%] [32m[1mLinking CXX executable realtime_buffer_tests[0m
[ 57%] Built target realtime_buffer_tests
[ 60%] [32mBuilding CXX object CMakeFiles/lock_free_queue_tests.dir/test/lock_free_queue_tests.cpp.o[0m
[ 64%] [32m[1mLinking CXX executable lock_free_queue_tests[0m
[ 64%] Built target lock_free_queue_tests
[ 67%] [32mBuilding CXX object CMakeFiles/realtime_clock_tests.dir/test/realtime_clock_tests.cpp.o[0m
[ 71%] [32m[1mLinking CXX executable realtime_clock_tests[0m
[ 71%] Built target realtime_clock_tests
[ 75%] [32mBuilding CXX object CMakeFiles/realtime_publisher_tests.dir/test/realtime_publisher_tests.cpp.o[0m
[ 78%] [32m[1mLinking CXX executable realtime_publisher_tests[0m
[ 78%] Built target realtime_publisher_tests
[ 82%] [32mBuilding CXX object CMakeFiles/realtime_server_goal_handle_tests.dir/test/realtime_server_goal_handle_tests.cpp.o[0m
[ 85%] [32m[1mLinking CXX executable realtime_server_goal_handle_tests[0m
[ 85%] Built target realtime_server_goal_handle_tests
[ 89%] [32mBuilding CXX object CMakeFiles/test_async_function_handler.dir/test/test_async_function_handler.cpp.o[0m
[ 92%] [32m[1mLinking CXX executable test_async_function_handler[0m
[ 92%] Built target test_async_function_handler
[ 96%] [32mBuilding CXX object CMakeFiles/realtime_mutex_tests.dir/test/realtime_mutex_tests.cpp.o[0m
[100%] [32m[1mLinking CXX executable realtime_mutex_tests[0m
[100%] Built target realtime_mutex_tests
-- Install configuration: ""
-- Execute custom install script
-- Symlinking: /home/ros/ros2_ws/install/realtime_tools/include/realtime_tools/realtime_tools/async_function_handler.hpp
-- Symlinking: /home/ros/ros2_ws/install/realtime_tools/include/realtime_tools/realtime_tools/lock_free_queue.hpp
-- Symlinking: /home/ros/ros2_ws/install/realtime_tools/include/realtime_tools/realtime_tools/mutex.hpp
-- Symlinking: /home/ros/ros2_ws/install/realtime_tools/include/realtime_tools/realtime_tools/realtime_box.h
-- Symlinking: /home/ros/ros2_ws/install/realtime_tools/include/realtime_tools/realtime_tools/realtime_box.hpp
-- Symlinking: /home/ros/ros2_ws/install/realtime_tools/include/realtime_tools/realtime_tools/realtime_box_best_effort.h
-- Symlinking: /home/ros/ros2_ws/install/realtime_tools/include/realtime_tools/realtime_tools/realtime_buffer.h
-- Symlinking: /home/ros/ros2_ws/install/realtime_tools/include/realtime_tools/realtime_tools/realtime_buffer.hpp
-- Symlinking: /home/ros/ros2_ws/install/realtime_tools/include/realtime_tools/realtime_tools/realtime_clock.h
-- Symlinking: /home/ros/ros2_ws/install/realtime_tools/include/realtime_tools/realtime_tools/realtime_clock.hpp
-- Symlinking: /home/ros/ros2_ws/install/realtime_tools/include/realtime_tools/realtime_tools/realtime_helpers.hpp
-- Symlinking: /home/ros/ros2_ws/install/realtime_tools/include/realtime_tools/realtime_tools/realtime_publisher.h
-- Symlinking: /home/ros/ros2_ws/install/realtime_tools/include/realtime_tools/realtime_tools/realtime_publisher.hpp
-- Symlinking: /home/ros/ros2_ws/install/realtime_tools/include/realtime_tools/realtime_tools/realtime_server_goal_handle.h
-- Symlinking: /home/ros/ros2_ws/install/realtime_tools/include/realtime_tools/realtime_tools/realtime_server_goal_handle.hpp
-- Symlinking: /home/ros/ros2_ws/install/realtime_tools/include/realtime_tools/realtime_tools/thread_priority.hpp
-- Symlinking: /home/ros/ros2_ws/install/realtime_tools/share/realtime_tools/environment/library_path.sh
-- Symlinking: /home/ros/ros2_ws/install/realtime_tools/share/realtime_tools/environment/library_path.dsv
-- Symlinking: /home/ros/ros2_ws/install/realtime_tools/share/ament_index/resource_index/package_run_dependencies/realtime_tools
-- Symlinking: /home/ros/ros2_ws/install/realtime_tools/share/ament_index/resource_index/parent_prefix_path/realtime_tools
-- Symlinking: /home/ros/ros2_ws/install/realtime_tools/share/realtime_tools/environment/ament_prefix_path.sh
-- Symlinking: /home/ros/ros2_ws/install/realtime_tools/share/realtime_tools/environment/ament_prefix_path.dsv
-- Symlinking: /home/ros/ros2_ws/install/realtime_tools/share/realtime_tools/environment/path.sh
-- Symlinking: /home/ros/ros2_ws/install/realtime_tools/share/realtime_tools/environment/path.dsv
-- Symlinking: /home/ros/ros2_ws/install/realtime_tools/share/realtime_tools/local_setup.bash
-- Symlinking: /home/ros/ros2_ws/install/realtime_tools/share/realtime_tools/local_setup.sh
-- Symlinking: /home/ros/ros2_ws/install/realtime_tools/share/realtime_tools/local_setup.zsh
-- Symlinking: /home/ros/ros2_ws/install/realtime_tools/share/realtime_tools/local_setup.dsv
-- Symlinking: /home/ros/ros2_ws/install/realtime_tools/share/realtime_tools/package.dsv
-- Symlinking: /home/ros/ros2_ws/install/realtime_tools/share/ament_index/resource_index/packages/realtime_tools
-- Symlinking: /home/ros/ros2_ws/install/realtime_tools/share/realtime_tools/cmake/ament_cmake_export_targets-extras.cmake
-- Symlinking: /home/ros/ros2_ws/install/realtime_tools/share/realtime_tools/cmake/ament_cmake_export_dependencies-extras.cmake
-- Symlinking: /home/ros/ros2_ws/install/realtime_tools/share/realtime_tools/cmake/realtime_toolsConfig.cmake
-- Symlinking: /home/ros/ros2_ws/install/realtime_tools/share/realtime_tools/cmake/realtime_toolsConfig-version.cmake
-- Symlinking: /home/ros/ros2_ws/install/realtime_tools/share/realtime_tools/package.xml
-- Installing: /home/ros/ros2_ws/install/realtime_tools/lib/librealtime_tools.so
-- Set non-toolchain portion of runtime path of "/home/ros/ros2_ws/install/realtime_tools/lib/librealtime_tools.so" to ""
-- Installing: /home/ros/ros2_ws/install/realtime_tools/lib/libthread_priority.so
-- Set non-toolchain portion of runtime path of "/home/ros/ros2_ws/install/realtime_tools/lib/libthread_priority.so" to ""
-- Installing: /home/ros/ros2_ws/install/realtime_tools/share/realtime_tools/cmake/export_realtime_toolsExport.cmake
-- Installing: /home/ros/ros2_ws/install/realtime_tools/share/realtime_tools/cmake/export_realtime_toolsExport-noconfig.cmake
