[0.123s] Invoking command in '/home/ros/ros2_ws/build/realtime_tools': AMENT_PREFIX_PATH=/home/ros/ros2_ws/install/ros2_control_cmake:${AMENT_PREFIX_PATH} CMAKE_PREFIX_PATH=/home/ros/ros2_ws/install/ros2_control_cmake:/home/ros/ros2_ws/install/gz_ros2_control_tests:/home/ros/ros2_ws/install/gz_ros2_control_demos:/home/ros/ros2_ws/install/gz_ros2_control:/opt/ros/jazzy/opt/gz_sim_vendor:/opt/ros/jazzy/opt/gz_sensors_vendor:/opt/ros/jazzy/opt/gz_physics_vendor:/opt/ros/jazzy/opt/sdformat_vendor:/opt/ros/jazzy/opt/gz_gui_vendor:/opt/ros/jazzy/opt/gz_transport_vendor:/opt/ros/jazzy/opt/gz_rendering_vendor:/opt/ros/jazzy/opt/gz_plugin_vendor:/opt/ros/jazzy/opt/gz_fuel_tools_vendor:/opt/ros/jazzy/opt/gz_msgs_vendor:/opt/ros/jazzy/opt/gz_common_vendor:/opt/ros/jazzy/opt/gz_math_vendor:/opt/ros/jazzy/opt/gz_utils_vendor:/opt/ros/jazzy/opt/gz_tools_vendor:/opt/ros/jazzy/opt/gz_ogre_next_vendor:/opt/ros/jazzy/opt/gz_dartsim_vendor:/opt/ros/jazzy/opt/gz_cmake_vendor:/home/ros/ros2_ws/install/warehouse_sim:/home/ros/ros2_ws/install/color_detection:/opt/ros/jazzy DEBUGINFOD_URLS=https://debuginfod.ubuntu.com /usr/bin/cmake /home/ros/ros2_ws/src/ros-controls/realtime_tools/realtime_tools -DAMENT_CMAKE_SYMLINK_INSTALL=1 -DCMAKE_INSTALL_PREFIX=/home/ros/ros2_ws/install/realtime_tools
[0.670s] -- The CXX compiler identification is GNU 13.3.0
[0.863s] -- Detecting CXX compiler ABI info
[1.639s] -- Detecting CXX compiler ABI info - done
[1.687s] -- Check for working CXX compiler: /usr/bin/c++ - skipped
[1.688s] -- Detecting CXX compile features
[1.689s] -- Detecting CXX compile features - done
[1.693s] -- Found ros2_control_cmake: 0.1.1 (/home/ros/ros2_ws/install/ros2_control_cmake/share/ros2_control_cmake/cmake)
[1.695s] -- Compiler warnings enabled for GNU
[1.695s] -- Detected GCC Version: 13.3.0 (Major: 13, Minor: 3)
[1.704s] -- Found ament_cmake: 2.5.3 (/opt/ros/jazzy/share/ament_cmake/cmake)
[2.915s] -- Found Python3: /usr/bin/python3 (found version "3.12.3") found components: Interpreter 
[3.261s] -- Override CMake install command with custom implementation using symlinks instead of copying resources
[3.710s] -- Found rclcpp: 28.1.6 (/opt/ros/jazzy/share/rclcpp/cmake)
[3.960s] -- Found rosidl_generator_c: 4.6.5 (/opt/ros/jazzy/share/rosidl_generator_c/cmake)
[4.000s] -- Found rosidl_generator_cpp: 4.6.5 (/opt/ros/jazzy/share/rosidl_generator_cpp/cmake)
[4.031s] -- Using all available rosidl_typesupport_c: rosidl_typesupport_fastrtps_c;rosidl_typesupport_introspection_c
[4.113s] -- Using all available rosidl_typesupport_cpp: rosidl_typesupport_fastrtps_cpp;rosidl_typesupport_introspection_cpp
[4.365s] -- Found rmw_implementation_cmake: 7.3.1 (/opt/ros/jazzy/share/rmw_implementation_cmake/cmake)
[4.437s] -- Found rmw_fastrtps_cpp: 8.4.1 (/opt/ros/jazzy/share/rmw_fastrtps_cpp/cmake)
[5.144s] -- Found OpenSSL: /usr/lib/x86_64-linux-gnu/libcrypto.so (found version "3.0.13")  
[5.216s] -- Found FastRTPS: /opt/ros/jazzy/include (Required is at least version "2.13") 
[5.281s] -- Using RMW implementation 'rmw_fastrtps_cpp' as default
[5.802s] -- Found rclcpp_action: 28.1.6 (/opt/ros/jazzy/share/rclcpp_action/cmake)
[5.962s] -- Performing Test CMAKE_HAVE_LIBC_PTHREAD
[6.542s] -- Performing Test CMAKE_HAVE_LIBC_PTHREAD - Success
[6.546s] -- Found Threads: TRUE  
[6.913s] -- Found Boost: /usr/lib/x86_64-linux-gnu/cmake/Boost-1.83.0/BoostConfig.cmake (found version "1.83.0") found components: headers 
[6.996s] -- Found ament_cmake_gmock: 2.5.3 (/opt/ros/jazzy/share/ament_cmake_gmock/cmake)
[7.010s] -- Found lifecycle_msgs: 2.0.2 (/opt/ros/jazzy/share/lifecycle_msgs/cmake)
[7.067s] -- Found rclcpp_lifecycle: 28.1.6 (/opt/ros/jazzy/share/rclcpp_lifecycle/cmake)
[7.151s] -- Found test_msgs: 2.0.2 (/opt/ros/jazzy/share/test_msgs/cmake)
[7.534s] -- Found gmock sources under '/opt/ros/jazzy/src/gmock_vendor': C++ tests using 'Google Mock' will be built
[7.928s] -- The C compiler identification is GNU 13.3.0
[8.124s] -- Detecting C compiler ABI info
[8.658s] -- Detecting C compiler ABI info - done
[8.688s] -- Check for working C compiler: /usr/bin/cc - skipped
[8.689s] -- Detecting C compile features
[8.697s] -- Detecting C compile features - done
[8.727s] -- Found ament_cmake_gtest: 2.5.3 (/opt/ros/jazzy/share/ament_cmake_gtest/cmake)
[8.742s] -- Found gtest sources under '/opt/ros/jazzy/src/gtest_vendor': C++ tests using 'Google Test' will be built
[9.441s] -- Configuring done (9.2s)
[9.561s] -- Generating done (0.0s)
[9.630s] -- Build files have been written to: /home/ros/ros2_ws/build/realtime_tools
[9.693s] Invoked command in '/home/ros/ros2_ws/build/realtime_tools' returned '0': AMENT_PREFIX_PATH=/home/ros/ros2_ws/install/ros2_control_cmake:${AMENT_PREFIX_PATH} CMAKE_PREFIX_PATH=/home/ros/ros2_ws/install/ros2_control_cmake:/home/ros/ros2_ws/install/gz_ros2_control_tests:/home/ros/ros2_ws/install/gz_ros2_control_demos:/home/ros/ros2_ws/install/gz_ros2_control:/opt/ros/jazzy/opt/gz_sim_vendor:/opt/ros/jazzy/opt/gz_sensors_vendor:/opt/ros/jazzy/opt/gz_physics_vendor:/opt/ros/jazzy/opt/sdformat_vendor:/opt/ros/jazzy/opt/gz_gui_vendor:/opt/ros/jazzy/opt/gz_transport_vendor:/opt/ros/jazzy/opt/gz_rendering_vendor:/opt/ros/jazzy/opt/gz_plugin_vendor:/opt/ros/jazzy/opt/gz_fuel_tools_vendor:/opt/ros/jazzy/opt/gz_msgs_vendor:/opt/ros/jazzy/opt/gz_common_vendor:/opt/ros/jazzy/opt/gz_math_vendor:/opt/ros/jazzy/opt/gz_utils_vendor:/opt/ros/jazzy/opt/gz_tools_vendor:/opt/ros/jazzy/opt/gz_ogre_next_vendor:/opt/ros/jazzy/opt/gz_dartsim_vendor:/opt/ros/jazzy/opt/gz_cmake_vendor:/home/ros/ros2_ws/install/warehouse_sim:/home/ros/ros2_ws/install/color_detection:/opt/ros/jazzy DEBUGINFOD_URLS=https://debuginfod.ubuntu.com /usr/bin/cmake /home/ros/ros2_ws/src/ros-controls/realtime_tools/realtime_tools -DAMENT_CMAKE_SYMLINK_INSTALL=1 -DCMAKE_INSTALL_PREFIX=/home/ros/ros2_ws/install/realtime_tools
[9.712s] Invoking command in '/home/ros/ros2_ws/build/realtime_tools': AMENT_PREFIX_PATH=/home/ros/ros2_ws/install/ros2_control_cmake:${AMENT_PREFIX_PATH} CMAKE_PREFIX_PATH=/home/ros/ros2_ws/install/ros2_control_cmake:/home/ros/ros2_ws/install/gz_ros2_control_tests:/home/ros/ros2_ws/install/gz_ros2_control_demos:/home/ros/ros2_ws/install/gz_ros2_control:/opt/ros/jazzy/opt/gz_sim_vendor:/opt/ros/jazzy/opt/gz_sensors_vendor:/opt/ros/jazzy/opt/gz_physics_vendor:/opt/ros/jazzy/opt/sdformat_vendor:/opt/ros/jazzy/opt/gz_gui_vendor:/opt/ros/jazzy/opt/gz_transport_vendor:/opt/ros/jazzy/opt/gz_rendering_vendor:/opt/ros/jazzy/opt/gz_plugin_vendor:/opt/ros/jazzy/opt/gz_fuel_tools_vendor:/opt/ros/jazzy/opt/gz_msgs_vendor:/opt/ros/jazzy/opt/gz_common_vendor:/opt/ros/jazzy/opt/gz_math_vendor:/opt/ros/jazzy/opt/gz_utils_vendor:/opt/ros/jazzy/opt/gz_tools_vendor:/opt/ros/jazzy/opt/gz_ogre_next_vendor:/opt/ros/jazzy/opt/gz_dartsim_vendor:/opt/ros/jazzy/opt/gz_cmake_vendor:/home/ros/ros2_ws/install/warehouse_sim:/home/ros/ros2_ws/install/color_detection:/opt/ros/jazzy DEBUGINFOD_URLS=https://debuginfod.ubuntu.com /usr/bin/cmake --build /home/ros/ros2_ws/build/realtime_tools -- -j2 -l2
[10.055s] [  3%] [32mBuilding CXX object CMakeFiles/realtime_tools.dir/src/realtime_clock.cpp.o[0m
[12.731s] [  7%] [32mBuilding CXX object CMakeFiles/realtime_tools.dir/src/realtime_helpers.cpp.o[0m
[16.190s] [ 10%] [32m[1mLinking CXX shared library librealtime_tools.so[0m
[17.543s] [ 10%] Built target realtime_tools
[18.009s] [ 14%] [32mBuilding CXX object CMakeFiles/thread_priority.dir/src/realtime_helpers.cpp.o[0m
[20.326s] [ 17%] [32m[1mLinking CXX shared library libthread_priority.so[0m
[21.115s] [ 17%] Built target thread_priority
[21.295s] [ 21%] [32mBuilding CXX object gmock/CMakeFiles/gmock_main.dir/src/gmock_main.cc.o[0m
[26.975s] [ 25%] [32m[1mLinking CXX static library libgmock_main.a[0m
[27.258s] [ 25%] Built target gmock_main
[27.708s] [ 28%] [32mBuilding CXX object gmock/CMakeFiles/gmock.dir/opt/ros/jazzy/src/gtest_vendor/src/gtest-all.cc.o[0m
[44.834s] [ 32%] [32mBuilding CXX object gmock/CMakeFiles/gmock.dir/src/gmock-all.cc.o[0m
[51.187s] [ 35%] [32m[1mLinking CXX static library libgmock.a[0m
[51.454s] [ 35%] Built target gmock
[51.538s] [ 39%] [32mBuilding CXX object CMakeFiles/thread_priority_tests.dir/test/thread_priority_tests.cpp.o[0m
[56.207s] [ 42%] [32m[1mLinking CXX executable thread_priority_tests[0m
[57.015s] [ 42%] Built target thread_priority_tests
[57.202s] [ 46%] [32mBuilding CXX object CMakeFiles/realtime_box_tests.dir/test/realtime_box_tests.cpp.o[0m
[60.617s] [ 50%] [32m[1mLinking CXX executable realtime_box_tests[0m
[61.424s] [ 50%] Built target realtime_box_tests
[61.636s] [ 53%] [32mBuilding CXX object CMakeFiles/realtime_buffer_tests.dir/test/realtime_buffer_tests.cpp.o[0m
[67.228s] [ 57%] [32m[1mLinking CXX executable realtime_buffer_tests[0m
[68.448s] [ 57%] Built target realtime_buffer_tests
[68.698s] [ 60%] [32mBuilding CXX object CMakeFiles/lock_free_queue_tests.dir/test/lock_free_queue_tests.cpp.o[0m
[82.655s] [ 64%] [32m[1mLinking CXX executable lock_free_queue_tests[0m
[83.939s] [ 64%] Built target lock_free_queue_tests
[84.251s] [ 67%] [32mBuilding CXX object CMakeFiles/realtime_clock_tests.dir/test/realtime_clock_tests.cpp.o[0m
[86.881s] [ 71%] [32m[1mLinking CXX executable realtime_clock_tests[0m
[87.750s] [ 71%] Built target realtime_clock_tests
[87.925s] [ 75%] [32mBuilding CXX object CMakeFiles/realtime_publisher_tests.dir/test/realtime_publisher_tests.cpp.o[0m
[94.094s] [01m[K/home/ros/ros2_ws/src/ros-controls/realtime_tools/realtime_tools/test/realtime_publisher_tests.cpp:[m[K In member function ‘[01m[Kvirtual void RealtimePublisher_construct_destruct_Test::[01;32m[KTestBody[m[K()[m[K’:
[94.094s] [01m[K/home/ros/ros2_ws/src/ros-controls/realtime_tools/realtime_tools/test/realtime_publisher_tests.cpp:45:76:[m[K [01;35m[Kwarning: [m[K‘[01m[Krealtime_tools::RealtimePublisher<MessageT>::[01;32m[KRealtimePublisher[m[K() [35m[K[with MessageT = test_msgs::msg::Strings_<std::allocator<void> >][m[K[m[K’ is deprecated: Use constructor with rclcpp::Publisher<T>::SharedPtr instead - this class does not make sense without a real publisher [[01;35m[K]8;;https://gcc.gnu.org/onlinedocs/gcc/Warning-Options.html#index-Wdeprecated-declarations-Wdeprecated-declarations]8;;[m[K]
[94.097s]    45 | Publisher, construct_destruct) { RealtimePublisher<StringMsg> [01;35m[Krt_pub[m[K; }
[94.097s]       |                                                               [01;35m[K^~~~~~[m[K
[94.097s] 
[94.098s] In file included from [01m[K/home/ros/ros2_ws/src/ros-controls/realtime_tools/realtime_tools/test/realtime_publisher_tests.cpp:39[m[K:
[94.099s] [01m[K/home/ros/ros2_ws/src/ros-controls/realtime_tools/realtime_tools/include/realtime_tools/realtime_publisher.hpp:86:3:[m[K [01;36m[Knote: [m[Kdeclared here
[94.099s]    86 |   [01;36m[KRealtimePublisher[m[K()
[94.099s]       |   [01;36m[K^~~~~~~~~~~~~~~~~[m[K
[113.214s] [ 78%] [32m[1mLinking CXX executable realtime_publisher_tests[0m
[115.292s] [ 78%] Built target realtime_publisher_tests
[115.446s] [ 82%] [32mBuilding CXX object CMakeFiles/realtime_server_goal_handle_tests.dir/test/realtime_server_goal_handle_tests.cpp.o[0m
[128.886s] [ 85%] [32m[1mLinking CXX executable realtime_server_goal_handle_tests[0m
[129.582s] [ 85%] Built target realtime_server_goal_handle_tests
[129.721s] [ 89%] [32mBuilding CXX object CMakeFiles/test_async_function_handler.dir/test/test_async_function_handler.cpp.o[0m
[140.848s] [ 92%] [32m[1mLinking CXX executable test_async_function_handler[0m
[141.862s] [ 92%] Built target test_async_function_handler
[141.925s] [ 96%] [32mBuilding CXX object CMakeFiles/realtime_mutex_tests.dir/test/realtime_mutex_tests.cpp.o[0m
[147.778s] [100%] [32m[1mLinking CXX executable realtime_mutex_tests[0m
[148.882s] [100%] Built target realtime_mutex_tests
[148.994s] Invoked command in '/home/ros/ros2_ws/build/realtime_tools' returned '0': AMENT_PREFIX_PATH=/home/ros/ros2_ws/install/ros2_control_cmake:${AMENT_PREFIX_PATH} CMAKE_PREFIX_PATH=/home/ros/ros2_ws/install/ros2_control_cmake:/home/ros/ros2_ws/install/gz_ros2_control_tests:/home/ros/ros2_ws/install/gz_ros2_control_demos:/home/ros/ros2_ws/install/gz_ros2_control:/opt/ros/jazzy/opt/gz_sim_vendor:/opt/ros/jazzy/opt/gz_sensors_vendor:/opt/ros/jazzy/opt/gz_physics_vendor:/opt/ros/jazzy/opt/sdformat_vendor:/opt/ros/jazzy/opt/gz_gui_vendor:/opt/ros/jazzy/opt/gz_transport_vendor:/opt/ros/jazzy/opt/gz_rendering_vendor:/opt/ros/jazzy/opt/gz_plugin_vendor:/opt/ros/jazzy/opt/gz_fuel_tools_vendor:/opt/ros/jazzy/opt/gz_msgs_vendor:/opt/ros/jazzy/opt/gz_common_vendor:/opt/ros/jazzy/opt/gz_math_vendor:/opt/ros/jazzy/opt/gz_utils_vendor:/opt/ros/jazzy/opt/gz_tools_vendor:/opt/ros/jazzy/opt/gz_ogre_next_vendor:/opt/ros/jazzy/opt/gz_dartsim_vendor:/opt/ros/jazzy/opt/gz_cmake_vendor:/home/ros/ros2_ws/install/warehouse_sim:/home/ros/ros2_ws/install/color_detection:/opt/ros/jazzy DEBUGINFOD_URLS=https://debuginfod.ubuntu.com /usr/bin/cmake --build /home/ros/ros2_ws/build/realtime_tools -- -j2 -l2
[148.995s] Invoking command in '/home/ros/ros2_ws/build/realtime_tools': AMENT_PREFIX_PATH=/home/ros/ros2_ws/install/ros2_control_cmake:${AMENT_PREFIX_PATH} CMAKE_PREFIX_PATH=/home/ros/ros2_ws/install/ros2_control_cmake:/home/ros/ros2_ws/install/gz_ros2_control_tests:/home/ros/ros2_ws/install/gz_ros2_control_demos:/home/ros/ros2_ws/install/gz_ros2_control:/opt/ros/jazzy/opt/gz_sim_vendor:/opt/ros/jazzy/opt/gz_sensors_vendor:/opt/ros/jazzy/opt/gz_physics_vendor:/opt/ros/jazzy/opt/sdformat_vendor:/opt/ros/jazzy/opt/gz_gui_vendor:/opt/ros/jazzy/opt/gz_transport_vendor:/opt/ros/jazzy/opt/gz_rendering_vendor:/opt/ros/jazzy/opt/gz_plugin_vendor:/opt/ros/jazzy/opt/gz_fuel_tools_vendor:/opt/ros/jazzy/opt/gz_msgs_vendor:/opt/ros/jazzy/opt/gz_common_vendor:/opt/ros/jazzy/opt/gz_math_vendor:/opt/ros/jazzy/opt/gz_utils_vendor:/opt/ros/jazzy/opt/gz_tools_vendor:/opt/ros/jazzy/opt/gz_ogre_next_vendor:/opt/ros/jazzy/opt/gz_dartsim_vendor:/opt/ros/jazzy/opt/gz_cmake_vendor:/home/ros/ros2_ws/install/warehouse_sim:/home/ros/ros2_ws/install/color_detection:/opt/ros/jazzy DEBUGINFOD_URLS=https://debuginfod.ubuntu.com /usr/bin/cmake --install /home/ros/ros2_ws/build/realtime_tools
[149.092s] -- Install configuration: ""
[149.102s] -- Execute custom install script
[149.114s] -- Symlinking: /home/ros/ros2_ws/install/realtime_tools/include/realtime_tools/realtime_tools/async_function_handler.hpp
[149.243s] -- Symlinking: /home/ros/ros2_ws/install/realtime_tools/include/realtime_tools/realtime_tools/lock_free_queue.hpp
[149.372s] -- Symlinking: /home/ros/ros2_ws/install/realtime_tools/include/realtime_tools/realtime_tools/mutex.hpp
[149.421s] -- Symlinking: /home/ros/ros2_ws/install/realtime_tools/include/realtime_tools/realtime_tools/realtime_box.h
[149.568s] -- Symlinking: /home/ros/ros2_ws/install/realtime_tools/include/realtime_tools/realtime_tools/realtime_box.hpp
[149.653s] -- Symlinking: /home/ros/ros2_ws/install/realtime_tools/include/realtime_tools/realtime_tools/realtime_box_best_effort.h
[149.822s] -- Symlinking: /home/ros/ros2_ws/install/realtime_tools/include/realtime_tools/realtime_tools/realtime_buffer.h
[149.915s] -- Symlinking: /home/ros/ros2_ws/install/realtime_tools/include/realtime_tools/realtime_tools/realtime_buffer.hpp
[150.020s] -- Symlinking: /home/ros/ros2_ws/install/realtime_tools/include/realtime_tools/realtime_tools/realtime_clock.h
[150.127s] -- Symlinking: /home/ros/ros2_ws/install/realtime_tools/include/realtime_tools/realtime_tools/realtime_clock.hpp
[150.165s] -- Symlinking: /home/ros/ros2_ws/install/realtime_tools/include/realtime_tools/realtime_tools/realtime_helpers.hpp
[150.276s] -- Symlinking: /home/ros/ros2_ws/install/realtime_tools/include/realtime_tools/realtime_tools/realtime_publisher.h
[150.358s] -- Symlinking: /home/ros/ros2_ws/install/realtime_tools/include/realtime_tools/realtime_tools/realtime_publisher.hpp
[150.476s] -- Symlinking: /home/ros/ros2_ws/install/realtime_tools/include/realtime_tools/realtime_tools/realtime_server_goal_handle.h
[150.618s] -- Symlinking: /home/ros/ros2_ws/install/realtime_tools/include/realtime_tools/realtime_tools/realtime_server_goal_handle.hpp
[150.793s] -- Symlinking: /home/ros/ros2_ws/install/realtime_tools/include/realtime_tools/realtime_tools/thread_priority.hpp
[150.948s] -- Symlinking: /home/ros/ros2_ws/install/realtime_tools/share/realtime_tools/environment/library_path.sh
[151.120s] -- Symlinking: /home/ros/ros2_ws/install/realtime_tools/share/realtime_tools/environment/library_path.dsv
[151.173s] -- Symlinking: /home/ros/ros2_ws/install/realtime_tools/share/ament_index/resource_index/package_run_dependencies/realtime_tools
[151.241s] -- Symlinking: /home/ros/ros2_ws/install/realtime_tools/share/ament_index/resource_index/parent_prefix_path/realtime_tools
[151.268s] -- Symlinking: /home/ros/ros2_ws/install/realtime_tools/share/realtime_tools/environment/ament_prefix_path.sh
[151.330s] -- Symlinking: /home/ros/ros2_ws/install/realtime_tools/share/realtime_tools/environment/ament_prefix_path.dsv
[151.397s] -- Symlinking: /home/ros/ros2_ws/install/realtime_tools/share/realtime_tools/environment/path.sh
[151.438s] -- Symlinking: /home/ros/ros2_ws/install/realtime_tools/share/realtime_tools/environment/path.dsv
[151.549s] -- Symlinking: /home/ros/ros2_ws/install/realtime_tools/share/realtime_tools/local_setup.bash
[151.702s] -- Symlinking: /home/ros/ros2_ws/install/realtime_tools/share/realtime_tools/local_setup.sh
[151.838s] -- Symlinking: /home/ros/ros2_ws/install/realtime_tools/share/realtime_tools/local_setup.zsh
[151.958s] -- Symlinking: /home/ros/ros2_ws/install/realtime_tools/share/realtime_tools/local_setup.dsv
[152.124s] -- Symlinking: /home/ros/ros2_ws/install/realtime_tools/share/realtime_tools/package.dsv
[152.263s] -- Symlinking: /home/ros/ros2_ws/install/realtime_tools/share/ament_index/resource_index/packages/realtime_tools
[152.306s] -- Symlinking: /home/ros/ros2_ws/install/realtime_tools/share/realtime_tools/cmake/ament_cmake_export_targets-extras.cmake
[152.346s] -- Symlinking: /home/ros/ros2_ws/install/realtime_tools/share/realtime_tools/cmake/ament_cmake_export_dependencies-extras.cmake
[152.384s] -- Symlinking: /home/ros/ros2_ws/install/realtime_tools/share/realtime_tools/cmake/realtime_toolsConfig.cmake
[152.441s] -- Symlinking: /home/ros/ros2_ws/install/realtime_tools/share/realtime_tools/cmake/realtime_toolsConfig-version.cmake
[152.514s] -- Symlinking: /home/ros/ros2_ws/install/realtime_tools/share/realtime_tools/package.xml
[152.534s] -- Installing: /home/ros/ros2_ws/install/realtime_tools/lib/librealtime_tools.so
[152.535s] -- Set non-toolchain portion of runtime path of "/home/ros/ros2_ws/install/realtime_tools/lib/librealtime_tools.so" to ""
[152.535s] -- Installing: /home/ros/ros2_ws/install/realtime_tools/lib/libthread_priority.so
[152.536s] -- Set non-toolchain portion of runtime path of "/home/ros/ros2_ws/install/realtime_tools/lib/libthread_priority.so" to ""
[152.536s] -- Installing: /home/ros/ros2_ws/install/realtime_tools/share/realtime_tools/cmake/export_realtime_toolsExport.cmake
[152.538s] -- Installing: /home/ros/ros2_ws/install/realtime_tools/share/realtime_tools/cmake/export_realtime_toolsExport-noconfig.cmake
[152.572s] Invoked command in '/home/ros/ros2_ws/build/realtime_tools' returned '0': AMENT_PREFIX_PATH=/home/ros/ros2_ws/install/ros2_control_cmake:${AMENT_PREFIX_PATH} CMAKE_PREFIX_PATH=/home/ros/ros2_ws/install/ros2_control_cmake:/home/ros/ros2_ws/install/gz_ros2_control_tests:/home/ros/ros2_ws/install/gz_ros2_control_demos:/home/ros/ros2_ws/install/gz_ros2_control:/opt/ros/jazzy/opt/gz_sim_vendor:/opt/ros/jazzy/opt/gz_sensors_vendor:/opt/ros/jazzy/opt/gz_physics_vendor:/opt/ros/jazzy/opt/sdformat_vendor:/opt/ros/jazzy/opt/gz_gui_vendor:/opt/ros/jazzy/opt/gz_transport_vendor:/opt/ros/jazzy/opt/gz_rendering_vendor:/opt/ros/jazzy/opt/gz_plugin_vendor:/opt/ros/jazzy/opt/gz_fuel_tools_vendor:/opt/ros/jazzy/opt/gz_msgs_vendor:/opt/ros/jazzy/opt/gz_common_vendor:/opt/ros/jazzy/opt/gz_math_vendor:/opt/ros/jazzy/opt/gz_utils_vendor:/opt/ros/jazzy/opt/gz_tools_vendor:/opt/ros/jazzy/opt/gz_ogre_next_vendor:/opt/ros/jazzy/opt/gz_dartsim_vendor:/opt/ros/jazzy/opt/gz_cmake_vendor:/home/ros/ros2_ws/install/warehouse_sim:/home/ros/ros2_ws/install/color_detection:/opt/ros/jazzy DEBUGINFOD_URLS=https://debuginfod.ubuntu.com /usr/bin/cmake --install /home/ros/ros2_ws/build/realtime_tools
