[0.029s] Invoking command in '/home/ros/gz_ros2_control_ws/build/gz_ros2_control': CMAKE_PREFIX_PATH=${CMAKE_PREFIX_PATH}:/home/ros/ros2_ws/install/rqt_joint_trajectory_controller:/home/ros/ros2_ws/install/ros2controlcli:/home/ros/ros2_ws/install/ros2_controllers_test_nodes:/home/ros/ros2_ws/install/warehouse_sim:/home/ros/ros2_ws/install/color_detection:/opt/ros/jazzy DEBUGINFOD_URLS=https://debuginfod.ubuntu.com /usr/bin/cmake /home/ros/gz_ros2_control_ws/src/gz_ros2_control/gz_ros2_control -DCMAKE_INSTALL_PREFIX=/home/ros/gz_ros2_control_ws/install/gz_ros2_control
[0.285s] -- The C compiler identification is GNU 13.3.0
[0.596s] -- The CXX compiler identification is GNU 13.3.0
[0.683s] -- Detecting C compiler ABI info
[1.049s] -- Detecting C compiler ABI info - done
[1.058s] -- Check for working C compiler: /usr/bin/cc - skipped
[1.059s] -- Detecting C compile features
[1.060s] -- Detecting C compile features - done
[1.103s] -- Detecting CXX compiler ABI info
[1.592s] -- Detecting CXX compiler ABI info - done
[1.618s] -- Check for working CXX compiler: /usr/bin/c++ - skipped
[1.619s] -- Detecting CXX compile features
[1.619s] -- Detecting CXX compile features - done
[1.633s] -- Found ament_cmake: 2.5.3 (/opt/ros/jazzy/share/ament_cmake/cmake)
[2.071s] -- Found Python3: /usr/bin/python3 (found version "3.12.3") found components: Interpreter 
[2.419s] -- Found ament_index_cpp: 1.8.1 (/opt/ros/jazzy/share/ament_index_cpp/cmake)
[2.420s] -- Found controller_manager: 4.27.0 (/home/ros/ros2_ws/install/controller_manager/share/controller_manager/cmake)
[2.511s] -- Found rosidl_generator_c: 4.6.5 (/opt/ros/jazzy/share/rosidl_generator_c/cmake)
[2.632s] -- Found rosidl_generator_cpp: 4.6.5 (/opt/ros/jazzy/share/rosidl_generator_cpp/cmake)
[2.676s] -- Using all available rosidl_typesupport_c: rosidl_typesupport_fastrtps_c;rosidl_typesupport_introspection_c
[2.713s] -- Using all available rosidl_typesupport_cpp: rosidl_typesupport_fastrtps_cpp;rosidl_typesupport_introspection_cpp
[2.846s] -- Found rmw_implementation_cmake: 7.3.1 (/opt/ros/jazzy/share/rmw_implementation_cmake/cmake)
[2.869s] -- Found rmw_fastrtps_cpp: 8.4.1 (/opt/ros/jazzy/share/rmw_fastrtps_cpp/cmake)
[4.070s] -- Found OpenSSL: /usr/lib/x86_64-linux-gnu/libcrypto.so (found version "3.0.13")  
[4.185s] -- Found FastRTPS: /opt/ros/jazzy/include (Required is at least version "2.13") 
[4.294s] -- Using RMW implementation 'rmw_fastrtps_cpp' as default
[7.297s] -- Found yaml_cpp_vendor: 9.0.1 (/opt/ros/jazzy/share/yaml_cpp_vendor/cmake)
[7.299s] -- Setting yaml-cpp_DIR to: '/opt/ros/jazzy/share/yaml_cpp_vendor/cmake/../../../opt/yaml_cpp_vendor/share/cmake/yaml-cpp'
[7.364s] [31mCMake Error at CMakeLists.txt:40 (find_package):
[7.364s]   By not providing "Findignition-gazebo6.cmake" in CMAKE_MODULE_PATH this
[7.367s]   project has asked CMake to find a package configuration file provided by
[7.367s]   "ignition-gazebo6", but CMake did not find one.
[7.367s] 
[7.368s]   Could not find a package configuration file provided by "ignition-gazebo6"
[7.368s]   with any of the following names:
[7.368s] 
[7.371s]     ignition-gazebo6Config.cmake
[7.372s]     ignition-gazebo6-config.cmake
[7.372s] 
[7.372s]   Add the installation prefix of "ignition-gazebo6" to CMAKE_PREFIX_PATH or
[7.372s]   set "ignition-gazebo6_DIR" to a directory containing one of the above
[7.372s]   files.  If "ignition-gazebo6" provides a separate development package or
[7.372s]   SDK, be sure it has been installed.
[7.372s] 
[7.372s] [0m
[7.374s] -- Configuring incomplete, errors occurred!
[7.399s] Invoked command in '/home/ros/gz_ros2_control_ws/build/gz_ros2_control' returned '1': CMAKE_PREFIX_PATH=${CMAKE_PREFIX_PATH}:/home/ros/ros2_ws/install/rqt_joint_trajectory_controller:/home/ros/ros2_ws/install/ros2controlcli:/home/ros/ros2_ws/install/ros2_controllers_test_nodes:/home/ros/ros2_ws/install/warehouse_sim:/home/ros/ros2_ws/install/color_detection:/opt/ros/jazzy DEBUGINFOD_URLS=https://debuginfod.ubuntu.com /usr/bin/cmake /home/ros/gz_ros2_control_ws/src/gz_ros2_control/gz_ros2_control -DCMAKE_INSTALL_PREFIX=/home/ros/gz_ros2_control_ws/install/gz_ros2_control
