[01m[K/home/ros/ros2_ws/src/ros-controls/ros2_control/controller_manager/src/controller_manager.cpp:[m[K In member function ‘[01m[Kcontroller_interface::return_type controller_manager::ControllerManager::[01;32m[Kconfigure_controller[m[K(const std::string&)[m[K’:
[01m[K/home/ros/ros2_ws/src/ros-controls/ros2_control/controller_manager/src/controller_manager.cpp:1157:17:[m[K [01;35m[Kwarning: [m[K‘[01m[Kbool parameter_traits::[01;32m[Kis_unique[m[K(const std::vector<BufferT>&) [35m[K[with T = std::__cxx11::basic_string<char>][m[K[m[K’ is deprecated: Use rsl::is_unique instead. `#include <rsl/algorithm.hpp>` [[01;35m[K]8;;https://gcc.gnu.org/onlinedocs/gcc/Warning-Options.html#index-Wdeprecated-declarations-Wdeprecated-declarations]8;;[m[K]
 1157 |   if (![01;35m[Kis_unique(cmd_itfs)[m[K)
      |        [01;35m[K~~~~~~~~~^~~~~~~~~~[m[K
In file included from [01m[K/home/ros/ros2_ws/build/controller_manager/include/controller_manager/controller_manager_parameters.hpp:24[m[K,
                 from [01m[K/home/ros/ros2_ws/src/ros-controls/ros2_control/controller_manager/src/controller_manager.cpp:32[m[K:
[01m[K/opt/ros/jazzy/include/parameter_traits/parameter_traits/parameter_traits.hpp:65:1:[m[K [01;36m[Knote: [m[Kdeclared here
   65 | [01;36m[Kis_unique[m[K(std::vector<T> const& x) {
      | [01;36m[K^~~~~~~~~[m[K
[01m[K/home/ros/ros2_ws/src/ros-controls/ros2_control/controller_manager/src/controller_manager.cpp:1171:17:[m[K [01;35m[Kwarning: [m[K‘[01m[Kbool parameter_traits::[01;32m[Kis_unique[m[K(const std::vector<BufferT>&) [35m[K[with T = std::__cxx11::basic_string<char>][m[K[m[K’ is deprecated: Use rsl::is_unique instead. `#include <rsl/algorithm.hpp>` [[01;35m[K]8;;https://gcc.gnu.org/onlinedocs/gcc/Warning-Options.html#index-Wdeprecated-declarations-Wdeprecated-declarations]8;;[m[K]
 1171 |   if (![01;35m[Kis_unique(state_itfs)[m[K)
      |        [01;35m[K~~~~~~~~~^~~~~~~~~~~~[m[K
[01m[K/opt/ros/jazzy/include/parameter_traits/parameter_traits/parameter_traits.hpp:65:1:[m[K [01;36m[Knote: [m[Kdeclared here
   65 | [01;36m[Kis_unique[m[K(std::vector<T> const& x) {
      | [01;36m[K^~~~~~~~~[m[K
/usr/lib/python3/dist-packages/setuptools/_distutils/cmd.py:66: SetuptoolsDeprecationWarning: setup.py install is deprecated.
!!

        ********************************************************************************
        Please avoid running ``setup.py`` directly.
        Instead, use pypa/build, pypa/installer or other
        standards-based tools.

        See https://blog.ganssle.io/articles/2021/10/setup-py-deprecated.html for details.
        ********************************************************************************

!!
  self.initialize_options()
