-- The CXX compiler identification is GNU 13.3.0
-- Detecting CXX compiler ABI info
-- Detecting CXX compiler ABI info - done
-- Check for working CXX compiler: /usr/bin/c++ - skipped
-- Detecting CXX compile features
-- Detecting CXX compile features - done
-- Found ros2_control_cmake: 0.1.1 (/home/ros/ros2_ws/install/ros2_control_cmake/share/ros2_control_cmake/cmake)
-- Compiler warnings enabled for GNU
-- Detected GCC Version: 13.3.0 (Major: 13, Minor: 3)
-- Found ament_cmake: 2.5.3 (/opt/ros/jazzy/share/ament_cmake/cmake)
-- Found Python3: /usr/bin/python3 (found version "3.12.3") found components: Interpreter 
-- Override CMake install command with custom implementation using symlinks instead of copying resources
-- Found controller_interface: 4.27.0 (/home/ros/ros2_ws/install/controller_interface/share/controller_interface/cmake)
-- Found rosidl_generator_c: 4.6.5 (/opt/ros/jazzy/share/rosidl_generator_c/cmake)
-- Found rosidl_generator_cpp: 4.6.5 (/opt/ros/jazzy/share/rosidl_generator_cpp/cmake)
-- Using all available rosidl_typesupport_c: rosidl_typesupport_fastrtps_c;rosidl_typesupport_introspection_c
-- Using all available rosidl_typesupport_cpp: rosidl_typesupport_fastrtps_cpp;rosidl_typesupport_introspection_cpp
-- Found TinyXML2 via Config file: /usr/lib/x86_64-linux-gnu/cmake/tinyxml2
-- Found rmw_implementation_cmake: 7.3.1 (/opt/ros/jazzy/share/rmw_implementation_cmake/cmake)
-- Found rmw_fastrtps_cpp: 8.4.1 (/opt/ros/jazzy/share/rmw_fastrtps_cpp/cmake)
-- Found TinyXML2 via Config file: /usr/lib/x86_64-linux-gnu/cmake/tinyxml2
-- Found OpenSSL: /usr/lib/x86_64-linux-gnu/libcrypto.so (found version "3.0.13")  
-- Found TinyXML2 via Config file: /usr/lib/x86_64-linux-gnu/cmake/tinyxml2
-- Found FastRTPS: /opt/ros/jazzy/include (Required is at least version "2.13") 
-- Found TinyXML2 via Config file: /usr/lib/x86_64-linux-gnu/cmake/tinyxml2
-- Found TinyXML2 via Config file: /usr/lib/x86_64-linux-gnu/cmake/tinyxml2
-- Using RMW implementation 'rmw_fastrtps_cpp' as default
-- Found controller_manager_msgs: 4.27.0 (/home/ros/ros2_ws/install/controller_manager_msgs/share/controller_manager_msgs/cmake)
-- Found diagnostic_updater: 4.2.2 (/opt/ros/jazzy/share/diagnostic_updater/cmake)
-- Found generate_parameter_library: 0.4.0 (/opt/ros/jazzy/share/generate_parameter_library/cmake)
-- Found parameter_traits: 0.4.0 (/opt/ros/jazzy/share/parameter_traits/cmake)
-- Found ament_cmake_gmock: 2.5.3 (/opt/ros/jazzy/share/ament_cmake_gmock/cmake)
-- Found ros2_control_test_assets: 4.27.0 (/home/ros/ros2_ws/install/ros2_control_test_assets/share/ros2_control_test_assets/cmake)
-- Found example_interfaces: 0.12.0 (/opt/ros/jazzy/share/example_interfaces/cmake)
-- Found gmock sources under '/opt/ros/jazzy/src/gmock_vendor': C++ tests using 'Google Mock' will be built
-- The C compiler identification is GNU 13.3.0
-- Detecting C compiler ABI info
-- Detecting C compiler ABI info - done
-- Check for working C compiler: /usr/bin/cc - skipped
-- Detecting C compile features
-- Detecting C compile features - done
-- Found ament_cmake_gtest: 2.5.3 (/opt/ros/jazzy/share/ament_cmake_gtest/cmake)
-- Found gtest sources under '/opt/ros/jazzy/src/gtest_vendor': C++ tests using 'Google Test' will be built
-- Found ament_cmake_pytest: 2.5.3 (/opt/ros/jazzy/share/ament_cmake_pytest/cmake)
-- Configuring done (6.2s)
-- Generating done (0.2s)
-- Build files have been written to: /home/ros/ros2_ws/build/controller_manager
[  2%] [34m[1mRunning `/opt/ros/jazzy/bin/generate_parameter_library_cpp /home/ros/ros2_ws/build/controller_manager/include/controller_manager/controller_manager_parameters.hpp /home/ros/ros2_ws/src/ros-controls/ros2_control/controller_manager/src/controller_manager_parameters.yaml `[0m
[  4%] [34m[1mCreating deprecated header file /home/ros/ros2_ws/build/controller_manager/include/controller_manager_parameters.hpp[0m
[  4%] Built target controller_manager_parameters
[  7%] [34m[1mGenerating controller_manager/version.h[0m
[  7%] Built target ament_generate_version_header__controller_manager
[  9%] [32mBuilding CXX object gmock/CMakeFiles/gmock_main.dir/src/gmock_main.cc.o[0m
[ 11%] [32m[1mLinking CXX static library libgmock_main.a[0m
[ 11%] Built target gmock_main
[ 14%] [32mBuilding CXX object gmock/CMakeFiles/gmock.dir/opt/ros/jazzy/src/gtest_vendor/src/gtest-all.cc.o[0m
[ 16%] [32mBuilding CXX object gmock/CMakeFiles/gmock.dir/src/gmock-all.cc.o[0m
[ 19%] [32m[1mLinking CXX static library libgmock.a[0m
[ 19%] Built target gmock
[ 19%] Built target ament_cmake_python_symlink_controller_manager_setup
[ 19%] Built target ament_cmake_python_symlink_controller_manager
[ 21%] [32mBuilding CXX object CMakeFiles/controller_manager.dir/src/controller_manager.cpp.o[0m
[01m[K/home/ros/ros2_ws/src/ros-controls/ros2_control/controller_manager/src/controller_manager.cpp:[m[K In member function ‘[01m[Kcontroller_interface::return_type controller_manager::ControllerManager::[01;32m[Kconfigure_controller[m[K(const std::string&)[m[K’:
[01m[K/home/ros/ros2_ws/src/ros-controls/ros2_control/controller_manager/src/controller_manager.cpp:1157:17:[m[K [01;35m[Kwarning: [m[K‘[01m[Kbool parameter_traits::[01;32m[Kis_unique[m[K(const std::vector<BufferT>&) [35m[K[with T = std::__cxx11::basic_string<char>][m[K[m[K’ is deprecated: Use rsl::is_unique instead. `#include <rsl/algorithm.hpp>` [[01;35m[K]8;;https://gcc.gnu.org/onlinedocs/gcc/Warning-Options.html#index-Wdeprecated-declarations-Wdeprecated-declarations]8;;[m[K]
 1157 |   if (![01;35m[Kis_unique(cmd_itfs)[m[K)
      |        [01;35m[K~~~~~~~~~^~~~~~~~~~[m[K
In file included from [01m[K/home/ros/ros2_ws/build/controller_manager/include/controller_manager/controller_manager_parameters.hpp:24[m[K,
                 from [01m[K/home/ros/ros2_ws/src/ros-controls/ros2_control/controller_manager/src/controller_manager.cpp:32[m[K:
[01m[K/opt/ros/jazzy/include/parameter_traits/parameter_traits/parameter_traits.hpp:65:1:[m[K [01;36m[Knote: [m[Kdeclared here
   65 | [01;36m[Kis_unique[m[K(std::vector<T> const& x) {
      | [01;36m[K^~~~~~~~~[m[K
[01m[K/home/ros/ros2_ws/src/ros-controls/ros2_control/controller_manager/src/controller_manager.cpp:1171:17:[m[K [01;35m[Kwarning: [m[K‘[01m[Kbool parameter_traits::[01;32m[Kis_unique[m[K(const std::vector<BufferT>&) [35m[K[with T = std::__cxx11::basic_string<char>][m[K[m[K’ is deprecated: Use rsl::is_unique instead. `#include <rsl/algorithm.hpp>` [[01;35m[K]8;;https://gcc.gnu.org/onlinedocs/gcc/Warning-Options.html#index-Wdeprecated-declarations-Wdeprecated-declarations]8;;[m[K]
 1171 |   if (![01;35m[Kis_unique(state_itfs)[m[K)
      |        [01;35m[K~~~~~~~~~^~~~~~~~~~~~[m[K
[01m[K/opt/ros/jazzy/include/parameter_traits/parameter_traits/parameter_traits.hpp:65:1:[m[K [01;36m[Knote: [m[Kdeclared here
   65 | [01;36m[Kis_unique[m[K(std::vector<T> const& x) {
      | [01;36m[K^~~~~~~~~[m[K
[ 23%] [32m[1mLinking CXX shared library libcontroller_manager.so[0m
[ 23%] Built target controller_manager
running egg_info
creating controller_manager.egg-info
writing controller_manager.egg-info/PKG-INFO
writing dependency_links to controller_manager.egg-info/dependency_links.txt
writing entry points to controller_manager.egg-info/entry_points.txt
writing top-level names to controller_manager.egg-info/top_level.txt
writing manifest file 'controller_manager.egg-info/SOURCES.txt'
reading manifest file 'controller_manager.egg-info/SOURCES.txt'
writing manifest file 'controller_manager.egg-info/SOURCES.txt'
[ 23%] Built target ament_cmake_python_build_controller_manager_egg
running install_scripts
/usr/lib/python3/dist-packages/setuptools/_distutils/cmd.py:66: SetuptoolsDeprecationWarning: setup.py install is deprecated.
!!

        ********************************************************************************
        Please avoid running ``setup.py`` directly.
        Instead, use pypa/build, pypa/installer or other
        standards-based tools.

        See https://blog.ganssle.io/articles/2021/10/setup-py-deprecated.html for details.
        ********************************************************************************

!!
  self.initialize_options()
running egg_info
writing controller_manager.egg-info/PKG-INFO
writing dependency_links to controller_manager.egg-info/dependency_links.txt
writing entry points to controller_manager.egg-info/entry_points.txt
writing top-level names to controller_manager.egg-info/top_level.txt
reading manifest file 'controller_manager.egg-info/SOURCES.txt'
writing manifest file 'controller_manager.egg-info/SOURCES.txt'
Installing hardware_spawner script to scripts
Installing spawner script to scripts
Installing unspawner script to scripts
[ 23%] Built target ament_cmake_python_build_controller_manager_scripts
[ 26%] [32mBuilding CXX object CMakeFiles/ros2_control_node.dir/src/ros2_control_node.cpp.o[0m
[ 28%] [32m[1mLinking CXX executable ros2_control_node[0m
[ 28%] Built target ros2_control_node
[ 30%] [32mBuilding CXX object CMakeFiles/test_controller.dir/test/test_controller/test_controller.cpp.o[0m
[ 33%] [32m[1mLinking CXX shared library libtest_controller.so[0m
[ 33%] Built target test_controller
[ 35%] [32mBuilding CXX object CMakeFiles/test_controller_failed_init.dir/test/test_controller_failed_init/test_controller_failed_init.cpp.o[0m
[ 38%] [32m[1mLinking CXX shared library libtest_controller_failed_init.so[0m
[ 38%] Built target test_controller_failed_init
[ 40%] [32mBuilding CXX object CMakeFiles/test_chainable_controller.dir/test/test_chainable_controller/test_chainable_controller.cpp.o[0m
[ 42%] [32mBuilding CXX object CMakeFiles/test_controller_manager_with_namespace.dir/test/test_controller_manager_with_namespace.cpp.o[0m
[ 45%] [32m[1mLinking CXX shared library libtest_chainable_controller.so[0m
[ 45%] Built target test_chainable_controller
[ 47%] [32m[1mLinking CXX executable test_controller_manager_with_namespace[0m
[ 47%] Built target test_controller_manager_with_namespace
[ 50%] [32mBuilding CXX object CMakeFiles/test_controller_manager_hardware_error_handling.dir/test/test_controller_manager_hardware_error_handling.cpp.o[0m
[ 52%] [32m[1mLinking CXX executable test_controller_manager_hardware_error_handling[0m
[ 52%] Built target test_controller_manager_hardware_error_handling
[ 54%] [32mBuilding CXX object CMakeFiles/test_load_controller.dir/test/test_load_controller.cpp.o[0m
[ 57%] [32m[1mLinking CXX executable test_load_controller[0m
[ 57%] Built target test_load_controller
[ 59%] [32mBuilding CXX object CMakeFiles/test_controllers_chaining_with_controller_manager.dir/test/test_controllers_chaining_with_controller_manager.cpp.o[0m
[ 61%] [32m[1mLinking CXX executable test_controllers_chaining_with_controller_manager[0m
[ 61%] Built target test_controllers_chaining_with_controller_manager
[ 64%] [32mBuilding CXX object CMakeFiles/test_controller_manager_srvs.dir/test/test_controller_manager_srvs.cpp.o[0m
[ 66%] [32m[1mLinking CXX executable test_controller_manager_srvs[0m
[ 66%] Built target test_controller_manager_srvs
[ 69%] [32mBuilding CXX object CMakeFiles/test_controller_manager_urdf_passing.dir/test/test_controller_manager_urdf_passing.cpp.o[0m
[ 71%] [32m[1mLinking CXX executable test_controller_manager_urdf_passing[0m
[ 71%] Built target test_controller_manager_urdf_passing
[ 73%] [32mBuilding CXX object CMakeFiles/test_controller_with_interfaces.dir/test/test_controller_with_interfaces/test_controller_with_interfaces.cpp.o[0m
[ 76%] [32m[1mLinking CXX shared library libtest_controller_with_interfaces.so[0m
[ 76%] Built target test_controller_with_interfaces
[ 78%] [32mBuilding CXX object CMakeFiles/test_spawner_unspawner.dir/test/test_spawner_unspawner.cpp.o[0m
[ 80%] [32m[1mLinking CXX executable test_spawner_unspawner[0m
[ 80%] Built target test_spawner_unspawner
[ 83%] [32mBuilding CXX object CMakeFiles/test_hardware_spawner.dir/test/test_hardware_spawner.cpp.o[0m
[ 85%] [32m[1mLinking CXX executable test_hardware_spawner[0m
[ 85%] Built target test_hardware_spawner
[ 88%] [32mBuilding CXX object CMakeFiles/test_hardware_management_srvs.dir/test/test_hardware_management_srvs.cpp.o[0m
[ 90%] [32m[1mLinking CXX executable test_hardware_management_srvs[0m
[ 90%] Built target test_hardware_management_srvs
[ 92%] [32mBuilding CXX object CMakeFiles/test_controller_manager.dir/test/test_controller_manager.cpp.o[0m
[ 95%] [32m[1mLinking CXX executable test_controller_manager[0m
[ 95%] Built target test_controller_manager
[ 97%] [32mBuilding CXX object CMakeFiles/test_release_interfaces.dir/test/test_release_interfaces.cpp.o[0m
[100%] [32m[1mLinking CXX executable test_release_interfaces[0m
[100%] Built target test_release_interfaces
-- Install configuration: ""
-- Execute custom install script
-- Symlinking: /home/ros/ros2_ws/install/controller_manager/include/controller_manager/controller_manager_parameters.hpp
-- Symlinking: /home/ros/ros2_ws/install/controller_manager/share/controller_manager/test/test_controller/test_controller.xml
-- Symlinking: /home/ros/ros2_ws/install/controller_manager/lib/libtest_controller.so
-- Symlinking: /home/ros/ros2_ws/install/controller_manager/share/controller_manager/test/test_controller_failed_init/test_controller_failed_init.xml
-- Symlinking: /home/ros/ros2_ws/install/controller_manager/lib/libtest_controller_failed_init.so
-- Symlinking: /home/ros/ros2_ws/install/controller_manager/share/controller_manager/test/test_chainable_controller/test_chainable_controller.xml
-- Symlinking: /home/ros/ros2_ws/install/controller_manager/lib/libtest_chainable_controller.so
-- Symlinking: /home/ros/ros2_ws/install/controller_manager/share/controller_manager/test/test_controller_with_interfaces/test_controller_with_interfaces.xml
-- Symlinking: /home/ros/ros2_ws/install/controller_manager/lib/libtest_controller_with_interfaces.so
-- Symlinking: /home/ros/ros2_ws/install/controller_manager/test/test_ros2_control_node.yaml
-- Symlinking: /home/ros/ros2_ws/install/controller_manager/include/controller_manager/controller_manager/controller_manager.hpp
-- Symlinking: /home/ros/ros2_ws/install/controller_manager/include/controller_manager/controller_manager/controller_spec.hpp
-- Symlinking: /home/ros/ros2_ws/install/controller_manager/lib/controller_manager/ros2_control_node
-- Symlinking: /home/ros/ros2_ws/install/controller_manager/share/controller_manager/environment/pythonpath.sh
-- Symlinking: /home/ros/ros2_ws/install/controller_manager/share/controller_manager/environment/pythonpath.dsv
-- Symlinking: /home/ros/ros2_ws/install/controller_manager/lib/python3.12/site-packages/controller_manager-4.27.0-py3.12.egg-info/PKG-INFO
-- Symlinking: /home/ros/ros2_ws/install/controller_manager/lib/python3.12/site-packages/controller_manager-4.27.0-py3.12.egg-info/SOURCES.txt
-- Symlinking: /home/ros/ros2_ws/install/controller_manager/lib/python3.12/site-packages/controller_manager-4.27.0-py3.12.egg-info/dependency_links.txt
-- Symlinking: /home/ros/ros2_ws/install/controller_manager/lib/python3.12/site-packages/controller_manager-4.27.0-py3.12.egg-info/entry_points.txt
-- Symlinking: /home/ros/ros2_ws/install/controller_manager/lib/python3.12/site-packages/controller_manager-4.27.0-py3.12.egg-info/top_level.txt
-- Symlinking: /home/ros/ros2_ws/install/controller_manager/lib/controller_manager//hardware_spawner
-- Symlinking: /home/ros/ros2_ws/install/controller_manager/lib/controller_manager//spawner
-- Symlinking: /home/ros/ros2_ws/install/controller_manager/lib/controller_manager//unspawner
-- Symlinking: /home/ros/ros2_ws/install/controller_manager/lib/python3.12/site-packages/controller_manager/__init__.py
-- Symlinking: /home/ros/ros2_ws/install/controller_manager/lib/python3.12/site-packages/controller_manager/controller_manager_services.py
-- Symlinking: /home/ros/ros2_ws/install/controller_manager/lib/python3.12/site-packages/controller_manager/hardware_spawner.py
-- Symlinking: /home/ros/ros2_ws/install/controller_manager/lib/python3.12/site-packages/controller_manager/launch_utils.py
-- Symlinking: /home/ros/ros2_ws/install/controller_manager/lib/python3.12/site-packages/controller_manager/spawner.py
-- Symlinking: /home/ros/ros2_ws/install/controller_manager/lib/python3.12/site-packages/controller_manager/test_utils.py
-- Symlinking: /home/ros/ros2_ws/install/controller_manager/lib/python3.12/site-packages/controller_manager/unspawner.py
-- Symlinking: /home/ros/ros2_ws/install/controller_manager/share/controller_manager/environment/library_path.sh
-- Symlinking: /home/ros/ros2_ws/install/controller_manager/share/controller_manager/environment/library_path.dsv
-- Symlinking: /home/ros/ros2_ws/install/controller_manager/share/ament_index/resource_index/package_run_dependencies/controller_manager
-- Symlinking: /home/ros/ros2_ws/install/controller_manager/share/ament_index/resource_index/parent_prefix_path/controller_manager
-- Symlinking: /home/ros/ros2_ws/install/controller_manager/share/controller_manager/environment/ament_prefix_path.sh
-- Symlinking: /home/ros/ros2_ws/install/controller_manager/share/controller_manager/environment/ament_prefix_path.dsv
-- Symlinking: /home/ros/ros2_ws/install/controller_manager/share/controller_manager/environment/path.sh
-- Symlinking: /home/ros/ros2_ws/install/controller_manager/share/controller_manager/environment/path.dsv
-- Symlinking: /home/ros/ros2_ws/install/controller_manager/share/controller_manager/local_setup.bash
-- Symlinking: /home/ros/ros2_ws/install/controller_manager/share/controller_manager/local_setup.sh
-- Symlinking: /home/ros/ros2_ws/install/controller_manager/share/controller_manager/local_setup.zsh
-- Symlinking: /home/ros/ros2_ws/install/controller_manager/share/controller_manager/local_setup.dsv
-- Symlinking: /home/ros/ros2_ws/install/controller_manager/share/controller_manager/package.dsv
-- Symlinking: /home/ros/ros2_ws/install/controller_manager/share/ament_index/resource_index/packages/controller_manager
-- Symlinking: /home/ros/ros2_ws/install/controller_manager/share/ament_index/resource_index/controller_interface__pluginlib__plugin/controller_manager
-- Symlinking: /home/ros/ros2_ws/install/controller_manager/share/controller_manager/cmake/ament_cmake_export_dependencies-extras.cmake
-- Symlinking: /home/ros/ros2_ws/install/controller_manager/share/controller_manager/cmake/ament_cmake_export_targets-extras.cmake
-- Symlinking: /home/ros/ros2_ws/install/controller_manager/share/controller_manager/cmake/controller_managerConfig.cmake
-- Symlinking: /home/ros/ros2_ws/install/controller_manager/share/controller_manager/cmake/controller_managerConfig-version.cmake
-- Symlinking: /home/ros/ros2_ws/install/controller_manager/share/controller_manager/package.xml
-- Symlinking: /home/ros/ros2_ws/install/controller_manager/include/controller_manager/controller_manager/version.h
-- Installing: /home/ros/ros2_ws/install/controller_manager/lib/libcontroller_manager.so
-- Set non-toolchain portion of runtime path of "/home/ros/ros2_ws/install/controller_manager/lib/libcontroller_manager.so" to ""
Listing '/home/ros/ros2_ws/install/controller_manager/lib/python3.12/site-packages/controller_manager'...
Compiling '/home/ros/ros2_ws/install/controller_manager/lib/python3.12/site-packages/controller_manager/__init__.py'...
Compiling '/home/ros/ros2_ws/install/controller_manager/lib/python3.12/site-packages/controller_manager/controller_manager_services.py'...
Compiling '/home/ros/ros2_ws/install/controller_manager/lib/python3.12/site-packages/controller_manager/hardware_spawner.py'...
Compiling '/home/ros/ros2_ws/install/controller_manager/lib/python3.12/site-packages/controller_manager/launch_utils.py'...
Compiling '/home/ros/ros2_ws/install/controller_manager/lib/python3.12/site-packages/controller_manager/spawner.py'...
Compiling '/home/ros/ros2_ws/install/controller_manager/lib/python3.12/site-packages/controller_manager/test_utils.py'...
Compiling '/home/ros/ros2_ws/install/controller_manager/lib/python3.12/site-packages/controller_manager/unspawner.py'...
-- Installing: /home/ros/ros2_ws/install/controller_manager/share/controller_manager/cmake/export_controller_managerExport.cmake
-- Installing: /home/ros/ros2_ws/install/controller_manager/share/controller_manager/cmake/export_controller_managerExport-noconfig.cmake
